2023-08-01 11:30:16.674 [main] INFO  DemoApplication:55 - Starting DemoApplication using Java 1.8.0_131 on DESKTOP-TSJ794A with PID 2284 (G:\idea-project\demo\target\classes started by LXM in G:\idea-project\demo)
2023-08-01 11:30:16.811 [main] INFO  DemoApplication:659 - No active profile set, falling back to default profiles: default
2023-08-01 11:30:21.212 [main] INFO  TomcatWebServer:108 - Tomcat initialized with port(s): 8082 (http)
2023-08-01 11:30:21.226 [main] INFO  Http11NioProtocol:173 - Initializing ProtocolHandler ["http-nio-8082"]
2023-08-01 11:30:21.227 [main] INFO  StandardService:173 - Starting service [Tomcat]
2023-08-01 11:30:21.228 [main] INFO  StandardEngine:173 - Starting Servlet engine: [Apache Tomcat/9.0.48]
2023-08-01 11:30:21.654 [main] INFO  [/]:173 - Initializing Spring embedded WebApplicationContext
2023-08-01 11:30:21.656 [main] INFO  ServletWebServerApplicationContext:290 - Root WebApplicationContext: initialization completed in 4705 ms
2023-08-01 11:30:30.066 [main] INFO  WelcomePageHandlerMapping:57 - Adding welcome page template: index
2023-08-01 11:30:30.821 [main] INFO  Http11NioProtocol:173 - Starting ProtocolHandler ["http-nio-8082"]
2023-08-01 11:30:30.996 [main] INFO  TomcatWebServer:220 - Tomcat started on port(s): 8082 (http) with context path ''
2023-08-01 11:30:31.012 [main] INFO  DemoApplication:61 - Started DemoApplication in 15.237 seconds (JVM running for 18.243)
2023-08-01 11:33:33.591 [main] INFO  DemoApplication:55 - Starting DemoApplication v0.0.1-SNAPSHOT using Java 1.8.0_131 on DESKTOP-TSJ794A with PID 5336 (H:\zengch\demo-0.0.1-SNAPSHOT.jar started by LXM in C:\Windows\system32)
2023-08-01 11:33:33.622 [main] INFO  DemoApplication:659 - No active profile set, falling back to default profiles: default
2023-08-01 11:33:35.544 [main] INFO  TomcatWebServer:108 - Tomcat initialized with port(s): 8082 (http)
2023-08-01 11:33:35.560 [main] INFO  Http11NioProtocol:173 - Initializing ProtocolHandler ["http-nio-8082"]
2023-08-01 11:33:35.560 [main] INFO  StandardService:173 - Starting service [Tomcat]
2023-08-01 11:33:35.560 [main] INFO  StandardEngine:173 - Starting Servlet engine: [Apache Tomcat/9.0.48]
2023-08-01 11:33:35.653 [main] INFO  [/]:173 - Initializing Spring embedded WebApplicationContext
2023-08-01 11:33:35.653 [main] INFO  ServletWebServerApplicationContext:290 - Root WebApplicationContext: initialization completed in 1906 ms
2023-08-01 11:33:36.481 [main] INFO  WelcomePageHandlerMapping:57 - Adding welcome page template: index
2023-08-01 11:33:36.622 [main] INFO  Http11NioProtocol:173 - Starting ProtocolHandler ["http-nio-8082"]
2023-08-01 11:33:36.653 [main] INFO  TomcatWebServer:220 - Tomcat started on port(s): 8082 (http) with context path ''
2023-08-01 11:33:36.669 [main] INFO  DemoApplication:61 - Started DemoApplication in 4.633 seconds (JVM running for 7.344)
