2023-08-15 10:22:19.007 [main] INFO  DemoApplication:55 - Starting DemoApplication v0.0.1-SNAPSHOT using Java 1.8.0_131 on DESKTOP-TSJ794A with PID 4976 (H:\zengch\demo-0.0.1-SNAPSHOT.jar started by LXM in C:\Windows\System32)
2023-08-15 10:22:19.054 [main] INFO  DemoApplication:659 - No active profile set, falling back to default profiles: default
2023-08-15 10:22:21.710 [main] INFO  TomcatWebServer:108 - Tomcat initialized with port(s): 8082 (http)
2023-08-15 10:22:21.726 [main] INFO  Http11NioProtocol:173 - Initializing ProtocolHandler ["http-nio-8082"]
2023-08-15 10:22:21.726 [main] INFO  StandardService:173 - Starting service [Tomcat]
2023-08-15 10:22:21.726 [main] INFO  StandardEngine:173 - Starting Servlet engine: [Apache Tomcat/9.0.48]
2023-08-15 10:22:21.804 [main] INFO  [/]:173 - Initializing Spring embedded WebApplicationContext
2023-08-15 10:22:21.804 [main] INFO  ServletWebServerApplicationContext:290 - Root WebApplicationContext: initialization completed in 2516 ms
2023-08-15 10:22:22.804 [main] INFO  WelcomePageHandlerMapping:57 - Adding welcome page template: index
2023-08-15 10:22:22.976 [main] INFO  Http11NioProtocol:173 - Starting ProtocolHandler ["http-nio-8082"]
2023-08-15 10:22:23.007 [main] INFO  TomcatWebServer:220 - Tomcat started on port(s): 8082 (http) with context path ''
2023-08-15 10:22:23.023 [main] INFO  DemoApplication:61 - Started DemoApplication in 5.181 seconds (JVM running for 7.012)
2023-08-15 10:22:24.038 [scheduling-1] ERROR TaskUtils$LoggingErrorHandler:95 - Unexpected error occurred in scheduled task
java.lang.StackOverflowError: null
	at org.apache.http.util.ByteArrayBuffer.<init>(ByteArrayBuffer.java:52)
	at org.apache.http.impl.io.SessionInputBufferImpl.<init>(SessionInputBufferImpl.java:102)
	at org.apache.http.impl.BHttpConnectionBase.<init>(BHttpConnectionBase.java:114)
	at org.apache.http.impl.DefaultBHttpClientConnection.<init>(DefaultBHttpClientConnection.java:95)
	at org.apache.http.impl.conn.DefaultManagedHttpClientConnection.<init>(DefaultManagedHttpClientConnection.java:74)
	at org.apache.http.impl.conn.LoggingManagedHttpClientConnection.<init>(LoggingManagedHttpClientConnection.java:66)
	at org.apache.http.impl.conn.ManagedHttpClientConnectionFactory.create(ManagedHttpClientConnectionFactory.java:127)
	at org.apache.http.impl.conn.ManagedHttpClientConnectionFactory.create(ManagedHttpClientConnectionFactory.java:57)
	at org.apache.http.impl.conn.PoolingHttpClientConnectionManager$InternalConnectionFactory.create(PoolingHttpClientConnectionManager.java:619)
	at org.apache.http.impl.conn.PoolingHttpClientConnectionManager$InternalConnectionFactory.create(PoolingHttpClientConnectionManager.java:590)
	at org.apache.http.pool.AbstractConnPool.getPoolEntryBlocking(AbstractConnPool.java:379)
	at org.apache.http.pool.AbstractConnPool.access$300(AbstractConnPool.java:70)
	at org.apache.http.pool.AbstractConnPool$2.get(AbstractConnPool.java:253)
	at org.apache.http.pool.AbstractConnPool$2.get(AbstractConnPool.java:198)
	at org.apache.http.impl.conn.PoolingHttpClientConnectionManager.leaseConnection(PoolingHttpClientConnectionManager.java:303)
	at org.apache.http.impl.conn.PoolingHttpClientConnectionManager$1.get(PoolingHttpClientConnectionManager.java:279)
	at org.apache.http.impl.execchain.MainClientExec.execute(MainClientExec.java:191)
	at org.apache.http.impl.execchain.ProtocolExec.execute(ProtocolExec.java:185)
	at org.apache.http.impl.execchain.RetryExec.execute(RetryExec.java:89)
	at org.apache.http.impl.execchain.RedirectExec.execute(RedirectExec.java:111)
	at org.apache.http.impl.client.InternalHttpClient.doExecute(InternalHttpClient.java:185)
	at org.apache.http.impl.client.CloseableHttpClient.execute(CloseableHttpClient.java:83)
	at org.apache.http.impl.client.CloseableHttpClient.execute(CloseableHttpClient.java:56)
	at org.springframework.http.client.HttpComponentsClientHttpRequest.executeInternal(HttpComponentsClientHttpRequest.java:87)
	at org.springframework.http.client.AbstractBufferingClientHttpRequest.executeInternal(AbstractBufferingClientHttpRequest.java:48)
	at org.springframework.http.client.AbstractClientHttpRequest.execute(AbstractClientHttpRequest.java:66)
	at org.springframework.web.client.RestTemplate.doExecute(RestTemplate.java:776)
	at org.springframework.web.client.RestTemplate.execute(RestTemplate.java:711)
	at org.springframework.web.client.RestTemplate.exchange(RestTemplate.java:602)
	at com.txxy.demo.proxy.ProxyCheckIn.checkIn(ProxyCheckIn.java:41)
	at com.txxy.demo.proxy.ProxyCheckIn.checkIn(ProxyCheckIn.java:68)
	at com.txxy.demo.proxy.ProxyCheckIn.checkIn(ProxyCheckIn.java:68)
	at com.txxy.demo.proxy.ProxyCheckIn.checkIn(ProxyCheckIn.java:68)
	at com.txxy.demo.proxy.ProxyCheckIn.checkIn(ProxyCheckIn.java:68)
	at com.txxy.demo.proxy.ProxyCheckIn.checkIn(ProxyCheckIn.java:68)
	at com.txxy.demo.proxy.ProxyCheckIn.checkIn(ProxyCheckIn.java:68)
	at com.txxy.demo.proxy.ProxyCheckIn.checkIn(ProxyCheckIn.java:68)
	at com.txxy.demo.proxy.ProxyCheckIn.checkIn(ProxyCheckIn.java:68)
	at com.txxy.demo.proxy.ProxyCheckIn.checkIn(ProxyCheckIn.java:68)
	at com.txxy.demo.proxy.ProxyCheckIn.checkIn(ProxyCheckIn.java:68)
	at com.txxy.demo.proxy.ProxyCheckIn.checkIn(ProxyCheckIn.java:68)
	at com.txxy.demo.proxy.ProxyCheckIn.checkIn(ProxyCheckIn.java:68)
	at com.txxy.demo.proxy.ProxyCheckIn.checkIn(ProxyCheckIn.java:68)
	at com.txxy.demo.proxy.ProxyCheckIn.checkIn(ProxyCheckIn.java:68)
	at com.txxy.demo.proxy.ProxyCheckIn.checkIn(ProxyCheckIn.java:68)
	at com.txxy.demo.proxy.ProxyCheckIn.checkIn(ProxyCheckIn.java:68)
	at com.txxy.demo.proxy.ProxyCheckIn.checkIn(ProxyCheckIn.java:68)
	at com.txxy.demo.proxy.ProxyCheckIn.checkIn(ProxyCheckIn.java:68)
	at com.txxy.demo.proxy.ProxyCheckIn.checkIn(ProxyCheckIn.java:68)
	at com.txxy.demo.proxy.ProxyCheckIn.checkIn(ProxyCheckIn.java:68)
	at com.txxy.demo.proxy.ProxyCheckIn.checkIn(ProxyCheckIn.java:68)
	at com.txxy.demo.proxy.ProxyCheckIn.checkIn(ProxyCheckIn.java:68)
	at com.txxy.demo.proxy.ProxyCheckIn.checkIn(ProxyCheckIn.java:68)
	at com.txxy.demo.proxy.ProxyCheckIn.checkIn(ProxyCheckIn.java:68)
	at com.txxy.demo.proxy.ProxyCheckIn.checkIn(ProxyCheckIn.java:68)
	at com.txxy.demo.proxy.ProxyCheckIn.checkIn(ProxyCheckIn.java:68)
	at com.txxy.demo.proxy.ProxyCheckIn.checkIn(ProxyCheckIn.java:68)
	at com.txxy.demo.proxy.ProxyCheckIn.checkIn(ProxyCheckIn.java:68)
	at com.txxy.demo.proxy.ProxyCheckIn.checkIn(ProxyCheckIn.java:68)
	at com.txxy.demo.proxy.ProxyCheckIn.checkIn(ProxyCheckIn.java:68)
	at com.txxy.demo.proxy.ProxyCheckIn.checkIn(ProxyCheckIn.java:68)
	at com.txxy.demo.proxy.ProxyCheckIn.checkIn(ProxyCheckIn.java:68)
	at com.txxy.demo.proxy.ProxyCheckIn.checkIn(ProxyCheckIn.java:68)
	at com.txxy.demo.proxy.ProxyCheckIn.checkIn(ProxyCheckIn.java:68)
	at com.txxy.demo.proxy.ProxyCheckIn.checkIn(ProxyCheckIn.java:68)
	at com.txxy.demo.proxy.ProxyCheckIn.checkIn(ProxyCheckIn.java:68)
	at com.txxy.demo.proxy.ProxyCheckIn.checkIn(ProxyCheckIn.java:68)
	at com.txxy.demo.proxy.ProxyCheckIn.checkIn(ProxyCheckIn.java:68)
	at com.txxy.demo.proxy.ProxyCheckIn.checkIn(ProxyCheckIn.java:68)
	at com.txxy.demo.proxy.ProxyCheckIn.checkIn(ProxyCheckIn.java:68)
	at com.txxy.demo.proxy.ProxyCheckIn.checkIn(ProxyCheckIn.java:68)
	at com.txxy.demo.proxy.ProxyCheckIn.checkIn(ProxyCheckIn.java:68)
	at com.txxy.demo.proxy.ProxyCheckIn.checkIn(ProxyCheckIn.java:68)
	at com.txxy.demo.proxy.ProxyCheckIn.checkIn(ProxyCheckIn.java:68)
	at com.txxy.demo.proxy.ProxyCheckIn.checkIn(ProxyCheckIn.java:68)
	at com.txxy.demo.proxy.ProxyCheckIn.checkIn(ProxyCheckIn.java:68)
	at com.txxy.demo.proxy.ProxyCheckIn.checkIn(ProxyCheckIn.java:68)
	at com.txxy.demo.proxy.ProxyCheckIn.checkIn(ProxyCheckIn.java:68)
	at com.txxy.demo.proxy.ProxyCheckIn.checkIn(ProxyCheckIn.java:68)
	at com.txxy.demo.proxy.ProxyCheckIn.checkIn(ProxyCheckIn.java:68)
	at com.txxy.demo.proxy.ProxyCheckIn.checkIn(ProxyCheckIn.java:68)
	at com.txxy.demo.proxy.ProxyCheckIn.checkIn(ProxyCheckIn.java:68)
	at com.txxy.demo.proxy.ProxyCheckIn.checkIn(ProxyCheckIn.java:68)
	at com.txxy.demo.proxy.ProxyCheckIn.checkIn(ProxyCheckIn.java:68)
	at com.txxy.demo.proxy.ProxyCheckIn.checkIn(ProxyCheckIn.java:68)
	at com.txxy.demo.proxy.ProxyCheckIn.checkIn(ProxyCheckIn.java:68)
	at com.txxy.demo.proxy.ProxyCheckIn.checkIn(ProxyCheckIn.java:68)
	at com.txxy.demo.proxy.ProxyCheckIn.checkIn(ProxyCheckIn.java:68)
	at com.txxy.demo.proxy.ProxyCheckIn.checkIn(ProxyCheckIn.java:68)
	at com.txxy.demo.proxy.ProxyCheckIn.checkIn(ProxyCheckIn.java:68)
	at com.txxy.demo.proxy.ProxyCheckIn.checkIn(ProxyCheckIn.java:68)
	at com.txxy.demo.proxy.ProxyCheckIn.checkIn(ProxyCheckIn.java:68)
	at com.txxy.demo.proxy.ProxyCheckIn.checkIn(ProxyCheckIn.java:68)
	at com.txxy.demo.proxy.ProxyCheckIn.checkIn(ProxyCheckIn.java:68)
	at com.txxy.demo.proxy.ProxyCheckIn.checkIn(ProxyCheckIn.java:68)
	at com.txxy.demo.proxy.ProxyCheckIn.checkIn(ProxyCheckIn.java:68)
	at com.txxy.demo.proxy.ProxyCheckIn.checkIn(ProxyCheckIn.java:68)
	at com.txxy.demo.proxy.ProxyCheckIn.checkIn(ProxyCheckIn.java:68)
	at com.txxy.demo.proxy.ProxyCheckIn.checkIn(ProxyCheckIn.java:68)
	at com.txxy.demo.proxy.ProxyCheckIn.checkIn(ProxyCheckIn.java:68)
	at com.txxy.demo.proxy.ProxyCheckIn.checkIn(ProxyCheckIn.java:68)
	at com.txxy.demo.proxy.ProxyCheckIn.checkIn(ProxyCheckIn.java:68)
	at com.txxy.demo.proxy.ProxyCheckIn.checkIn(ProxyCheckIn.java:68)
	at com.txxy.demo.proxy.ProxyCheckIn.checkIn(ProxyCheckIn.java:68)
	at com.txxy.demo.proxy.ProxyCheckIn.checkIn(ProxyCheckIn.java:68)
	at com.txxy.demo.proxy.ProxyCheckIn.checkIn(ProxyCheckIn.java:68)
	at com.txxy.demo.proxy.ProxyCheckIn.checkIn(ProxyCheckIn.java:68)
	at com.txxy.demo.proxy.ProxyCheckIn.checkIn(ProxyCheckIn.java:68)
	at com.txxy.demo.proxy.ProxyCheckIn.checkIn(ProxyCheckIn.java:68)
	at com.txxy.demo.proxy.ProxyCheckIn.checkIn(ProxyCheckIn.java:68)
	at com.txxy.demo.proxy.ProxyCheckIn.checkIn(ProxyCheckIn.java:68)
	at com.txxy.demo.proxy.ProxyCheckIn.checkIn(ProxyCheckIn.java:68)
	at com.txxy.demo.proxy.ProxyCheckIn.checkIn(ProxyCheckIn.java:68)
	at com.txxy.demo.proxy.ProxyCheckIn.checkIn(ProxyCheckIn.java:68)
	at com.txxy.demo.proxy.ProxyCheckIn.checkIn(ProxyCheckIn.java:68)
	at com.txxy.demo.proxy.ProxyCheckIn.checkIn(ProxyCheckIn.java:68)
	at com.txxy.demo.proxy.ProxyCheckIn.checkIn(ProxyCheckIn.java:68)
	at com.txxy.demo.proxy.ProxyCheckIn.checkIn(ProxyCheckIn.java:68)
	at com.txxy.demo.proxy.ProxyCheckIn.checkIn(ProxyCheckIn.java:68)
	at com.txxy.demo.proxy.ProxyCheckIn.checkIn(ProxyCheckIn.java:68)
	at com.txxy.demo.proxy.ProxyCheckIn.checkIn(ProxyCheckIn.java:68)
	at com.txxy.demo.proxy.ProxyCheckIn.checkIn(ProxyCheckIn.java:68)
	at com.txxy.demo.proxy.ProxyCheckIn.checkIn(ProxyCheckIn.java:68)
	at com.txxy.demo.proxy.ProxyCheckIn.checkIn(ProxyCheckIn.java:68)
	at com.txxy.demo.proxy.ProxyCheckIn.checkIn(ProxyCheckIn.java:68)
	at com.txxy.demo.proxy.ProxyCheckIn.checkIn(ProxyCheckIn.java:68)
	at com.txxy.demo.proxy.ProxyCheckIn.checkIn(ProxyCheckIn.java:68)
	at com.txxy.demo.proxy.ProxyCheckIn.checkIn(ProxyCheckIn.java:68)
	at com.txxy.demo.proxy.ProxyCheckIn.checkIn(ProxyCheckIn.java:68)
	at com.txxy.demo.proxy.ProxyCheckIn.checkIn(ProxyCheckIn.java:68)
	at com.txxy.demo.proxy.ProxyCheckIn.checkIn(ProxyCheckIn.java:68)
	at com.txxy.demo.proxy.ProxyCheckIn.checkIn(ProxyCheckIn.java:68)
	at com.txxy.demo.proxy.ProxyCheckIn.checkIn(ProxyCheckIn.java:68)
	at com.txxy.demo.proxy.ProxyCheckIn.checkIn(ProxyCheckIn.java:68)
	at com.txxy.demo.proxy.ProxyCheckIn.checkIn(ProxyCheckIn.java:68)
	at com.txxy.demo.proxy.ProxyCheckIn.checkIn(ProxyCheckIn.java:68)
	at com.txxy.demo.proxy.ProxyCheckIn.checkIn(ProxyCheckIn.java:68)
	at com.txxy.demo.proxy.ProxyCheckIn.checkIn(ProxyCheckIn.java:68)
	at com.txxy.demo.proxy.ProxyCheckIn.checkIn(ProxyCheckIn.java:68)
	at com.txxy.demo.proxy.ProxyCheckIn.checkIn(ProxyCheckIn.java:68)
	at com.txxy.demo.proxy.ProxyCheckIn.checkIn(ProxyCheckIn.java:68)
	at com.txxy.demo.proxy.ProxyCheckIn.checkIn(ProxyCheckIn.java:68)
	at com.txxy.demo.proxy.ProxyCheckIn.checkIn(ProxyCheckIn.java:68)
	at com.txxy.demo.proxy.ProxyCheckIn.checkIn(ProxyCheckIn.java:68)
	at com.txxy.demo.proxy.ProxyCheckIn.checkIn(ProxyCheckIn.java:68)
	at com.txxy.demo.proxy.ProxyCheckIn.checkIn(ProxyCheckIn.java:68)
	at com.txxy.demo.proxy.ProxyCheckIn.checkIn(ProxyCheckIn.java:68)
	at com.txxy.demo.proxy.ProxyCheckIn.checkIn(ProxyCheckIn.java:68)
	at com.txxy.demo.proxy.ProxyCheckIn.checkIn(ProxyCheckIn.java:68)
	at com.txxy.demo.proxy.ProxyCheckIn.checkIn(ProxyCheckIn.java:68)
	at com.txxy.demo.proxy.ProxyCheckIn.checkIn(ProxyCheckIn.java:68)
	at com.txxy.demo.proxy.ProxyCheckIn.checkIn(ProxyCheckIn.java:68)
	at com.txxy.demo.proxy.ProxyCheckIn.checkIn(ProxyCheckIn.java:68)
	at com.txxy.demo.proxy.ProxyCheckIn.checkIn(ProxyCheckIn.java:68)
	at com.txxy.demo.proxy.ProxyCheckIn.checkIn(ProxyCheckIn.java:68)
	at com.txxy.demo.proxy.ProxyCheckIn.checkIn(ProxyCheckIn.java:68)
	at com.txxy.demo.proxy.ProxyCheckIn.checkIn(ProxyCheckIn.java:68)
	at com.txxy.demo.proxy.ProxyCheckIn.checkIn(ProxyCheckIn.java:68)
	at com.txxy.demo.proxy.ProxyCheckIn.checkIn(ProxyCheckIn.java:68)
	at com.txxy.demo.proxy.ProxyCheckIn.checkIn(ProxyCheckIn.java:68)
	at com.txxy.demo.proxy.ProxyCheckIn.checkIn(ProxyCheckIn.java:68)
	at com.txxy.demo.proxy.ProxyCheckIn.checkIn(ProxyCheckIn.java:68)
	at com.txxy.demo.proxy.ProxyCheckIn.checkIn(ProxyCheckIn.java:68)
	at com.txxy.demo.proxy.ProxyCheckIn.checkIn(ProxyCheckIn.java:68)
	at com.txxy.demo.proxy.ProxyCheckIn.checkIn(ProxyCheckIn.java:68)
	at com.txxy.demo.proxy.ProxyCheckIn.checkIn(ProxyCheckIn.java:68)
	at com.txxy.demo.proxy.ProxyCheckIn.checkIn(ProxyCheckIn.java:68)
	at com.txxy.demo.proxy.ProxyCheckIn.checkIn(ProxyCheckIn.java:68)
	at com.txxy.demo.proxy.ProxyCheckIn.checkIn(ProxyCheckIn.java:68)
	at com.txxy.demo.proxy.ProxyCheckIn.checkIn(ProxyCheckIn.java:68)
	at com.txxy.demo.proxy.ProxyCheckIn.checkIn(ProxyCheckIn.java:68)
	at com.txxy.demo.proxy.ProxyCheckIn.checkIn(ProxyCheckIn.java:68)
	at com.txxy.demo.proxy.ProxyCheckIn.checkIn(ProxyCheckIn.java:68)
	at com.txxy.demo.proxy.ProxyCheckIn.checkIn(ProxyCheckIn.java:68)
	at com.txxy.demo.proxy.ProxyCheckIn.checkIn(ProxyCheckIn.java:68)
	at com.txxy.demo.proxy.ProxyCheckIn.checkIn(ProxyCheckIn.java:68)
	at com.txxy.demo.proxy.ProxyCheckIn.checkIn(ProxyCheckIn.java:68)
	at com.txxy.demo.proxy.ProxyCheckIn.checkIn(ProxyCheckIn.java:68)
	at com.txxy.demo.proxy.ProxyCheckIn.checkIn(ProxyCheckIn.java:68)
	at com.txxy.demo.proxy.ProxyCheckIn.checkIn(ProxyCheckIn.java:68)
	at com.txxy.demo.proxy.ProxyCheckIn.checkIn(ProxyCheckIn.java:68)
	at com.txxy.demo.proxy.ProxyCheckIn.checkIn(ProxyCheckIn.java:68)
	at com.txxy.demo.proxy.ProxyCheckIn.checkIn(ProxyCheckIn.java:68)
	at com.txxy.demo.proxy.ProxyCheckIn.checkIn(ProxyCheckIn.java:68)
	at com.txxy.demo.proxy.ProxyCheckIn.checkIn(ProxyCheckIn.java:68)
	at com.txxy.demo.proxy.ProxyCheckIn.checkIn(ProxyCheckIn.java:68)
	at com.txxy.demo.proxy.ProxyCheckIn.checkIn(ProxyCheckIn.java:68)
	at com.txxy.demo.proxy.ProxyCheckIn.checkIn(ProxyCheckIn.java:68)
	at com.txxy.demo.proxy.ProxyCheckIn.checkIn(ProxyCheckIn.java:68)
	at com.txxy.demo.proxy.ProxyCheckIn.checkIn(ProxyCheckIn.java:68)
	at com.txxy.demo.proxy.ProxyCheckIn.checkIn(ProxyCheckIn.java:68)
	at com.txxy.demo.proxy.ProxyCheckIn.checkIn(ProxyCheckIn.java:68)
	at com.txxy.demo.proxy.ProxyCheckIn.checkIn(ProxyCheckIn.java:68)
	at com.txxy.demo.proxy.ProxyCheckIn.checkIn(ProxyCheckIn.java:68)
	at com.txxy.demo.proxy.ProxyCheckIn.checkIn(ProxyCheckIn.java:68)
	at com.txxy.demo.proxy.ProxyCheckIn.checkIn(ProxyCheckIn.java:68)
	at com.txxy.demo.proxy.ProxyCheckIn.checkIn(ProxyCheckIn.java:68)
	at com.txxy.demo.proxy.ProxyCheckIn.checkIn(ProxyCheckIn.java:68)
	at com.txxy.demo.proxy.ProxyCheckIn.checkIn(ProxyCheckIn.java:68)
	at com.txxy.demo.proxy.ProxyCheckIn.checkIn(ProxyCheckIn.java:68)
	at com.txxy.demo.proxy.ProxyCheckIn.checkIn(ProxyCheckIn.java:68)
	at com.txxy.demo.proxy.ProxyCheckIn.checkIn(ProxyCheckIn.java:68)
	at com.txxy.demo.proxy.ProxyCheckIn.checkIn(ProxyCheckIn.java:68)
	at com.txxy.demo.proxy.ProxyCheckIn.checkIn(ProxyCheckIn.java:68)
	at com.txxy.demo.proxy.ProxyCheckIn.checkIn(ProxyCheckIn.java:68)
	at com.txxy.demo.proxy.ProxyCheckIn.checkIn(ProxyCheckIn.java:68)
	at com.txxy.demo.proxy.ProxyCheckIn.checkIn(ProxyCheckIn.java:68)
	at com.txxy.demo.proxy.ProxyCheckIn.checkIn(ProxyCheckIn.java:68)
	at com.txxy.demo.proxy.ProxyCheckIn.checkIn(ProxyCheckIn.java:68)
	at com.txxy.demo.proxy.ProxyCheckIn.checkIn(ProxyCheckIn.java:68)
	at com.txxy.demo.proxy.ProxyCheckIn.checkIn(ProxyCheckIn.java:68)
	at com.txxy.demo.proxy.ProxyCheckIn.checkIn(ProxyCheckIn.java:68)
	at com.txxy.demo.proxy.ProxyCheckIn.checkIn(ProxyCheckIn.java:68)
	at com.txxy.demo.proxy.ProxyCheckIn.checkIn(ProxyCheckIn.java:68)
	at com.txxy.demo.proxy.ProxyCheckIn.checkIn(ProxyCheckIn.java:68)
	at com.txxy.demo.proxy.ProxyCheckIn.checkIn(ProxyCheckIn.java:68)
	at com.txxy.demo.proxy.ProxyCheckIn.checkIn(ProxyCheckIn.java:68)
	at com.txxy.demo.proxy.ProxyCheckIn.checkIn(ProxyCheckIn.java:68)
	at com.txxy.demo.proxy.ProxyCheckIn.checkIn(ProxyCheckIn.java:68)
	at com.txxy.demo.proxy.ProxyCheckIn.checkIn(ProxyCheckIn.java:68)
	at com.txxy.demo.proxy.ProxyCheckIn.checkIn(ProxyCheckIn.java:68)
	at com.txxy.demo.proxy.ProxyCheckIn.checkIn(ProxyCheckIn.java:68)
	at com.txxy.demo.proxy.ProxyCheckIn.checkIn(ProxyCheckIn.java:68)
	at com.txxy.demo.proxy.ProxyCheckIn.checkIn(ProxyCheckIn.java:68)
	at com.txxy.demo.proxy.ProxyCheckIn.checkIn(ProxyCheckIn.java:68)
	at com.txxy.demo.proxy.ProxyCheckIn.checkIn(ProxyCheckIn.java:68)
	at com.txxy.demo.proxy.ProxyCheckIn.checkIn(ProxyCheckIn.java:68)
	at com.txxy.demo.proxy.ProxyCheckIn.checkIn(ProxyCheckIn.java:68)
	at com.txxy.demo.proxy.ProxyCheckIn.checkIn(ProxyCheckIn.java:68)
	at com.txxy.demo.proxy.ProxyCheckIn.checkIn(ProxyCheckIn.java:68)
	at com.txxy.demo.proxy.ProxyCheckIn.checkIn(ProxyCheckIn.java:68)
	at com.txxy.demo.proxy.ProxyCheckIn.checkIn(ProxyCheckIn.java:68)
	at com.txxy.demo.proxy.ProxyCheckIn.checkIn(ProxyCheckIn.java:68)
	at com.txxy.demo.proxy.ProxyCheckIn.checkIn(ProxyCheckIn.java:68)
	at com.txxy.demo.proxy.ProxyCheckIn.checkIn(ProxyCheckIn.java:68)
	at com.txxy.demo.proxy.ProxyCheckIn.checkIn(ProxyCheckIn.java:68)
	at com.txxy.demo.proxy.ProxyCheckIn.checkIn(ProxyCheckIn.java:68)
	at com.txxy.demo.proxy.ProxyCheckIn.checkIn(ProxyCheckIn.java:68)
	at com.txxy.demo.proxy.ProxyCheckIn.checkIn(ProxyCheckIn.java:68)
	at com.txxy.demo.proxy.ProxyCheckIn.checkIn(ProxyCheckIn.java:68)
	at com.txxy.demo.proxy.ProxyCheckIn.checkIn(ProxyCheckIn.java:68)
	at com.txxy.demo.proxy.ProxyCheckIn.checkIn(ProxyCheckIn.java:68)
	at com.txxy.demo.proxy.ProxyCheckIn.checkIn(ProxyCheckIn.java:68)
	at com.txxy.demo.proxy.ProxyCheckIn.checkIn(ProxyCheckIn.java:68)
	at com.txxy.demo.proxy.ProxyCheckIn.checkIn(ProxyCheckIn.java:68)
	at com.txxy.demo.proxy.ProxyCheckIn.checkIn(ProxyCheckIn.java:68)
	at com.txxy.demo.proxy.ProxyCheckIn.checkIn(ProxyCheckIn.java:68)
	at com.txxy.demo.proxy.ProxyCheckIn.checkIn(ProxyCheckIn.java:68)
	at com.txxy.demo.proxy.ProxyCheckIn.checkIn(ProxyCheckIn.java:68)
	at com.txxy.demo.proxy.ProxyCheckIn.checkIn(ProxyCheckIn.java:68)
	at com.txxy.demo.proxy.ProxyCheckIn.checkIn(ProxyCheckIn.java:68)
	at com.txxy.demo.proxy.ProxyCheckIn.checkIn(ProxyCheckIn.java:68)
	at com.txxy.demo.proxy.ProxyCheckIn.checkIn(ProxyCheckIn.java:68)
	at com.txxy.demo.proxy.ProxyCheckIn.checkIn(ProxyCheckIn.java:68)
	at com.txxy.demo.proxy.ProxyCheckIn.checkIn(ProxyCheckIn.java:68)
	at com.txxy.demo.proxy.ProxyCheckIn.checkIn(ProxyCheckIn.java:68)
	at com.txxy.demo.proxy.ProxyCheckIn.checkIn(ProxyCheckIn.java:68)
	at com.txxy.demo.proxy.ProxyCheckIn.checkIn(ProxyCheckIn.java:68)
	at com.txxy.demo.proxy.ProxyCheckIn.checkIn(ProxyCheckIn.java:68)
	at com.txxy.demo.proxy.ProxyCheckIn.checkIn(ProxyCheckIn.java:68)
	at com.txxy.demo.proxy.ProxyCheckIn.checkIn(ProxyCheckIn.java:68)
	at com.txxy.demo.proxy.ProxyCheckIn.checkIn(ProxyCheckIn.java:68)
	at com.txxy.demo.proxy.ProxyCheckIn.checkIn(ProxyCheckIn.java:68)
	at com.txxy.demo.proxy.ProxyCheckIn.checkIn(ProxyCheckIn.java:68)
	at com.txxy.demo.proxy.ProxyCheckIn.checkIn(ProxyCheckIn.java:68)
	at com.txxy.demo.proxy.ProxyCheckIn.checkIn(ProxyCheckIn.java:68)
	at com.txxy.demo.proxy.ProxyCheckIn.checkIn(ProxyCheckIn.java:68)
	at com.txxy.demo.proxy.ProxyCheckIn.checkIn(ProxyCheckIn.java:68)
	at com.txxy.demo.proxy.ProxyCheckIn.checkIn(ProxyCheckIn.java:68)
	at com.txxy.demo.proxy.ProxyCheckIn.checkIn(ProxyCheckIn.java:68)
	at com.txxy.demo.proxy.ProxyCheckIn.checkIn(ProxyCheckIn.java:68)
	at com.txxy.demo.proxy.ProxyCheckIn.checkIn(ProxyCheckIn.java:68)
	at com.txxy.demo.proxy.ProxyCheckIn.checkIn(ProxyCheckIn.java:68)
	at com.txxy.demo.proxy.ProxyCheckIn.checkIn(ProxyCheckIn.java:68)
	at com.txxy.demo.proxy.ProxyCheckIn.checkIn(ProxyCheckIn.java:68)
	at com.txxy.demo.proxy.ProxyCheckIn.checkIn(ProxyCheckIn.java:68)
	at com.txxy.demo.proxy.ProxyCheckIn.checkIn(ProxyCheckIn.java:68)
	at com.txxy.demo.proxy.ProxyCheckIn.checkIn(ProxyCheckIn.java:68)
	at com.txxy.demo.proxy.ProxyCheckIn.checkIn(ProxyCheckIn.java:68)
	at com.txxy.demo.proxy.ProxyCheckIn.checkIn(ProxyCheckIn.java:68)
	at com.txxy.demo.proxy.ProxyCheckIn.checkIn(ProxyCheckIn.java:68)
	at com.txxy.demo.proxy.ProxyCheckIn.checkIn(ProxyCheckIn.java:68)
	at com.txxy.demo.proxy.ProxyCheckIn.checkIn(ProxyCheckIn.java:68)
	at com.txxy.demo.proxy.ProxyCheckIn.checkIn(ProxyCheckIn.java:68)
	at com.txxy.demo.proxy.ProxyCheckIn.checkIn(ProxyCheckIn.java:68)
	at com.txxy.demo.proxy.ProxyCheckIn.checkIn(ProxyCheckIn.java:68)
	at com.txxy.demo.proxy.ProxyCheckIn.checkIn(ProxyCheckIn.java:68)
	at com.txxy.demo.proxy.ProxyCheckIn.checkIn(ProxyCheckIn.java:68)
	at com.txxy.demo.proxy.ProxyCheckIn.checkIn(ProxyCheckIn.java:68)
	at com.txxy.demo.proxy.ProxyCheckIn.checkIn(ProxyCheckIn.java:68)
	at com.txxy.demo.proxy.ProxyCheckIn.checkIn(ProxyCheckIn.java:68)
	at com.txxy.demo.proxy.ProxyCheckIn.checkIn(ProxyCheckIn.java:68)
	at com.txxy.demo.proxy.ProxyCheckIn.checkIn(ProxyCheckIn.java:68)
	at com.txxy.demo.proxy.ProxyCheckIn.checkIn(ProxyCheckIn.java:68)
	at com.txxy.demo.proxy.ProxyCheckIn.checkIn(ProxyCheckIn.java:68)
	at com.txxy.demo.proxy.ProxyCheckIn.checkIn(ProxyCheckIn.java:68)
	at com.txxy.demo.proxy.ProxyCheckIn.checkIn(ProxyCheckIn.java:68)
	at com.txxy.demo.proxy.ProxyCheckIn.checkIn(ProxyCheckIn.java:68)
	at com.txxy.demo.proxy.ProxyCheckIn.checkIn(ProxyCheckIn.java:68)
	at com.txxy.demo.proxy.ProxyCheckIn.checkIn(ProxyCheckIn.java:68)
	at com.txxy.demo.proxy.ProxyCheckIn.checkIn(ProxyCheckIn.java:68)
	at com.txxy.demo.proxy.ProxyCheckIn.checkIn(ProxyCheckIn.java:68)
	at com.txxy.demo.proxy.ProxyCheckIn.checkIn(ProxyCheckIn.java:68)
	at com.txxy.demo.proxy.ProxyCheckIn.checkIn(ProxyCheckIn.java:68)
	at com.txxy.demo.proxy.ProxyCheckIn.checkIn(ProxyCheckIn.java:68)
	at com.txxy.demo.proxy.ProxyCheckIn.checkIn(ProxyCheckIn.java:68)
	at com.txxy.demo.proxy.ProxyCheckIn.checkIn(ProxyCheckIn.java:68)
	at com.txxy.demo.proxy.ProxyCheckIn.checkIn(ProxyCheckIn.java:68)
	at com.txxy.demo.proxy.ProxyCheckIn.checkIn(ProxyCheckIn.java:68)
	at com.txxy.demo.proxy.ProxyCheckIn.checkIn(ProxyCheckIn.java:68)
	at com.txxy.demo.proxy.ProxyCheckIn.checkIn(ProxyCheckIn.java:68)
	at com.txxy.demo.proxy.ProxyCheckIn.checkIn(ProxyCheckIn.java:68)
	at com.txxy.demo.proxy.ProxyCheckIn.checkIn(ProxyCheckIn.java:68)
	at com.txxy.demo.proxy.ProxyCheckIn.checkIn(ProxyCheckIn.java:68)
	at com.txxy.demo.proxy.ProxyCheckIn.checkIn(ProxyCheckIn.java:68)
	at com.txxy.demo.proxy.ProxyCheckIn.checkIn(ProxyCheckIn.java:68)
	at com.txxy.demo.proxy.ProxyCheckIn.checkIn(ProxyCheckIn.java:68)
	at com.txxy.demo.proxy.ProxyCheckIn.checkIn(ProxyCheckIn.java:68)
	at com.txxy.demo.proxy.ProxyCheckIn.checkIn(ProxyCheckIn.java:68)
	at com.txxy.demo.proxy.ProxyCheckIn.checkIn(ProxyCheckIn.java:68)
	at com.txxy.demo.proxy.ProxyCheckIn.checkIn(ProxyCheckIn.java:68)
	at com.txxy.demo.proxy.ProxyCheckIn.checkIn(ProxyCheckIn.java:68)
	at com.txxy.demo.proxy.ProxyCheckIn.checkIn(ProxyCheckIn.java:68)
	at com.txxy.demo.proxy.ProxyCheckIn.checkIn(ProxyCheckIn.java:68)
	at com.txxy.demo.proxy.ProxyCheckIn.checkIn(ProxyCheckIn.java:68)
	at com.txxy.demo.proxy.ProxyCheckIn.checkIn(ProxyCheckIn.java:68)
	at com.txxy.demo.proxy.ProxyCheckIn.checkIn(ProxyCheckIn.java:68)
	at com.txxy.demo.proxy.ProxyCheckIn.checkIn(ProxyCheckIn.java:68)
	at com.txxy.demo.proxy.ProxyCheckIn.checkIn(ProxyCheckIn.java:68)
	at com.txxy.demo.proxy.ProxyCheckIn.checkIn(ProxyCheckIn.java:68)
	at com.txxy.demo.proxy.ProxyCheckIn.checkIn(ProxyCheckIn.java:68)
	at com.txxy.demo.proxy.ProxyCheckIn.checkIn(ProxyCheckIn.java:68)
	at com.txxy.demo.proxy.ProxyCheckIn.checkIn(ProxyCheckIn.java:68)
	at com.txxy.demo.proxy.ProxyCheckIn.checkIn(ProxyCheckIn.java:68)
	at com.txxy.demo.proxy.ProxyCheckIn.checkIn(ProxyCheckIn.java:68)
	at com.txxy.demo.proxy.ProxyCheckIn.checkIn(ProxyCheckIn.java:68)
	at com.txxy.demo.proxy.ProxyCheckIn.checkIn(ProxyCheckIn.java:68)
	at com.txxy.demo.proxy.ProxyCheckIn.checkIn(ProxyCheckIn.java:68)
	at com.txxy.demo.proxy.ProxyCheckIn.checkIn(ProxyCheckIn.java:68)
	at com.txxy.demo.proxy.ProxyCheckIn.checkIn(ProxyCheckIn.java:68)
	at com.txxy.demo.proxy.ProxyCheckIn.checkIn(ProxyCheckIn.java:68)
	at com.txxy.demo.proxy.ProxyCheckIn.checkIn(ProxyCheckIn.java:68)
	at com.txxy.demo.proxy.ProxyCheckIn.checkIn(ProxyCheckIn.java:68)
	at com.txxy.demo.proxy.ProxyCheckIn.checkIn(ProxyCheckIn.java:68)
	at com.txxy.demo.proxy.ProxyCheckIn.checkIn(ProxyCheckIn.java:68)
	at com.txxy.demo.proxy.ProxyCheckIn.checkIn(ProxyCheckIn.java:68)
	at com.txxy.demo.proxy.ProxyCheckIn.checkIn(ProxyCheckIn.java:68)
	at com.txxy.demo.proxy.ProxyCheckIn.checkIn(ProxyCheckIn.java:68)
	at com.txxy.demo.proxy.ProxyCheckIn.checkIn(ProxyCheckIn.java:68)
	at com.txxy.demo.proxy.ProxyCheckIn.checkIn(ProxyCheckIn.java:68)
	at com.txxy.demo.proxy.ProxyCheckIn.checkIn(ProxyCheckIn.java:68)
	at com.txxy.demo.proxy.ProxyCheckIn.checkIn(ProxyCheckIn.java:68)
	at com.txxy.demo.proxy.ProxyCheckIn.checkIn(ProxyCheckIn.java:68)
	at com.txxy.demo.proxy.ProxyCheckIn.checkIn(ProxyCheckIn.java:68)
	at com.txxy.demo.proxy.ProxyCheckIn.checkIn(ProxyCheckIn.java:68)
	at com.txxy.demo.proxy.ProxyCheckIn.checkIn(ProxyCheckIn.java:68)
	at com.txxy.demo.proxy.ProxyCheckIn.checkIn(ProxyCheckIn.java:68)
	at com.txxy.demo.proxy.ProxyCheckIn.checkIn(ProxyCheckIn.java:68)
	at com.txxy.demo.proxy.ProxyCheckIn.checkIn(ProxyCheckIn.java:68)
	at com.txxy.demo.proxy.ProxyCheckIn.checkIn(ProxyCheckIn.java:68)
	at com.txxy.demo.proxy.ProxyCheckIn.checkIn(ProxyCheckIn.java:68)
	at com.txxy.demo.proxy.ProxyCheckIn.checkIn(ProxyCheckIn.java:68)
	at com.txxy.demo.proxy.ProxyCheckIn.checkIn(ProxyCheckIn.java:68)
	at com.txxy.demo.proxy.ProxyCheckIn.checkIn(ProxyCheckIn.java:68)
	at com.txxy.demo.proxy.ProxyCheckIn.checkIn(ProxyCheckIn.java:68)
	at com.txxy.demo.proxy.ProxyCheckIn.checkIn(ProxyCheckIn.java:68)
	at com.txxy.demo.proxy.ProxyCheckIn.checkIn(ProxyCheckIn.java:68)
	at com.txxy.demo.proxy.ProxyCheckIn.checkIn(ProxyCheckIn.java:68)
	at com.txxy.demo.proxy.ProxyCheckIn.checkIn(ProxyCheckIn.java:68)
	at com.txxy.demo.proxy.ProxyCheckIn.checkIn(ProxyCheckIn.java:68)
	at com.txxy.demo.proxy.ProxyCheckIn.checkIn(ProxyCheckIn.java:68)
	at com.txxy.demo.proxy.ProxyCheckIn.checkIn(ProxyCheckIn.java:68)
	at com.txxy.demo.proxy.ProxyCheckIn.checkIn(ProxyCheckIn.java:68)
	at com.txxy.demo.proxy.ProxyCheckIn.checkIn(ProxyCheckIn.java:68)
	at com.txxy.demo.proxy.ProxyCheckIn.checkIn(ProxyCheckIn.java:68)
	at com.txxy.demo.proxy.ProxyCheckIn.checkIn(ProxyCheckIn.java:68)
	at com.txxy.demo.proxy.ProxyCheckIn.checkIn(ProxyCheckIn.java:68)
	at com.txxy.demo.proxy.ProxyCheckIn.checkIn(ProxyCheckIn.java:68)
	at com.txxy.demo.proxy.ProxyCheckIn.checkIn(ProxyCheckIn.java:68)
	at com.txxy.demo.proxy.ProxyCheckIn.checkIn(ProxyCheckIn.java:68)
	at com.txxy.demo.proxy.ProxyCheckIn.checkIn(ProxyCheckIn.java:68)
	at com.txxy.demo.proxy.ProxyCheckIn.checkIn(ProxyCheckIn.java:68)
	at com.txxy.demo.proxy.ProxyCheckIn.checkIn(ProxyCheckIn.java:68)
	at com.txxy.demo.proxy.ProxyCheckIn.checkIn(ProxyCheckIn.java:68)
	at com.txxy.demo.proxy.ProxyCheckIn.checkIn(ProxyCheckIn.java:68)
	at com.txxy.demo.proxy.ProxyCheckIn.checkIn(ProxyCheckIn.java:68)
	at com.txxy.demo.proxy.ProxyCheckIn.checkIn(ProxyCheckIn.java:68)
	at com.txxy.demo.proxy.ProxyCheckIn.checkIn(ProxyCheckIn.java:68)
	at com.txxy.demo.proxy.ProxyCheckIn.checkIn(ProxyCheckIn.java:68)
	at com.txxy.demo.proxy.ProxyCheckIn.checkIn(ProxyCheckIn.java:68)
	at com.txxy.demo.proxy.ProxyCheckIn.checkIn(ProxyCheckIn.java:68)
	at com.txxy.demo.proxy.ProxyCheckIn.checkIn(ProxyCheckIn.java:68)
	at com.txxy.demo.proxy.ProxyCheckIn.checkIn(ProxyCheckIn.java:68)
	at com.txxy.demo.proxy.ProxyCheckIn.checkIn(ProxyCheckIn.java:68)
	at com.txxy.demo.proxy.ProxyCheckIn.checkIn(ProxyCheckIn.java:68)
	at com.txxy.demo.proxy.ProxyCheckIn.checkIn(ProxyCheckIn.java:68)
	at com.txxy.demo.proxy.ProxyCheckIn.checkIn(ProxyCheckIn.java:68)
	at com.txxy.demo.proxy.ProxyCheckIn.checkIn(ProxyCheckIn.java:68)
	at com.txxy.demo.proxy.ProxyCheckIn.checkIn(ProxyCheckIn.java:68)
	at com.txxy.demo.proxy.ProxyCheckIn.checkIn(ProxyCheckIn.java:68)
	at com.txxy.demo.proxy.ProxyCheckIn.checkIn(ProxyCheckIn.java:68)
	at com.txxy.demo.proxy.ProxyCheckIn.checkIn(ProxyCheckIn.java:68)
	at com.txxy.demo.proxy.ProxyCheckIn.checkIn(ProxyCheckIn.java:68)
	at com.txxy.demo.proxy.ProxyCheckIn.checkIn(ProxyCheckIn.java:68)
	at com.txxy.demo.proxy.ProxyCheckIn.checkIn(ProxyCheckIn.java:68)
	at com.txxy.demo.proxy.ProxyCheckIn.checkIn(ProxyCheckIn.java:68)
	at com.txxy.demo.proxy.ProxyCheckIn.checkIn(ProxyCheckIn.java:68)
	at com.txxy.demo.proxy.ProxyCheckIn.checkIn(ProxyCheckIn.java:68)
	at com.txxy.demo.proxy.ProxyCheckIn.checkIn(ProxyCheckIn.java:68)
	at com.txxy.demo.proxy.ProxyCheckIn.checkIn(ProxyCheckIn.java:68)
	at com.txxy.demo.proxy.ProxyCheckIn.checkIn(ProxyCheckIn.java:68)
	at com.txxy.demo.proxy.ProxyCheckIn.checkIn(ProxyCheckIn.java:68)
	at com.txxy.demo.proxy.ProxyCheckIn.checkIn(ProxyCheckIn.java:68)
	at com.txxy.demo.proxy.ProxyCheckIn.checkIn(ProxyCheckIn.java:68)
	at com.txxy.demo.proxy.ProxyCheckIn.checkIn(ProxyCheckIn.java:68)
	at com.txxy.demo.proxy.ProxyCheckIn.checkIn(ProxyCheckIn.java:68)
	at com.txxy.demo.proxy.ProxyCheckIn.checkIn(ProxyCheckIn.java:68)
	at com.txxy.demo.proxy.ProxyCheckIn.checkIn(ProxyCheckIn.java:68)
	at com.txxy.demo.proxy.ProxyCheckIn.checkIn(ProxyCheckIn.java:68)
	at com.txxy.demo.proxy.ProxyCheckIn.checkIn(ProxyCheckIn.java:68)
	at com.txxy.demo.proxy.ProxyCheckIn.checkIn(ProxyCheckIn.java:68)
	at com.txxy.demo.proxy.ProxyCheckIn.checkIn(ProxyCheckIn.java:68)
	at com.txxy.demo.proxy.ProxyCheckIn.checkIn(ProxyCheckIn.java:68)
	at com.txxy.demo.proxy.ProxyCheckIn.checkIn(ProxyCheckIn.java:68)
	at com.txxy.demo.proxy.ProxyCheckIn.checkIn(ProxyCheckIn.java:68)
	at com.txxy.demo.proxy.ProxyCheckIn.checkIn(ProxyCheckIn.java:68)
	at com.txxy.demo.proxy.ProxyCheckIn.checkIn(ProxyCheckIn.java:68)
	at com.txxy.demo.proxy.ProxyCheckIn.checkIn(ProxyCheckIn.java:68)
	at com.txxy.demo.proxy.ProxyCheckIn.checkIn(ProxyCheckIn.java:68)
	at com.txxy.demo.proxy.ProxyCheckIn.checkIn(ProxyCheckIn.java:68)
	at com.txxy.demo.proxy.ProxyCheckIn.checkIn(ProxyCheckIn.java:68)
	at com.txxy.demo.proxy.ProxyCheckIn.checkIn(ProxyCheckIn.java:68)
	at com.txxy.demo.proxy.ProxyCheckIn.checkIn(ProxyCheckIn.java:68)
	at com.txxy.demo.proxy.ProxyCheckIn.checkIn(ProxyCheckIn.java:68)
	at com.txxy.demo.proxy.ProxyCheckIn.checkIn(ProxyCheckIn.java:68)
	at com.txxy.demo.proxy.ProxyCheckIn.checkIn(ProxyCheckIn.java:68)
	at com.txxy.demo.proxy.ProxyCheckIn.checkIn(ProxyCheckIn.java:68)
	at com.txxy.demo.proxy.ProxyCheckIn.checkIn(ProxyCheckIn.java:68)
	at com.txxy.demo.proxy.ProxyCheckIn.checkIn(ProxyCheckIn.java:68)
	at com.txxy.demo.proxy.ProxyCheckIn.checkIn(ProxyCheckIn.java:68)
	at com.txxy.demo.proxy.ProxyCheckIn.checkIn(ProxyCheckIn.java:68)
	at com.txxy.demo.proxy.ProxyCheckIn.checkIn(ProxyCheckIn.java:68)
	at com.txxy.demo.proxy.ProxyCheckIn.checkIn(ProxyCheckIn.java:68)
	at com.txxy.demo.proxy.ProxyCheckIn.checkIn(ProxyCheckIn.java:68)
	at com.txxy.demo.proxy.ProxyCheckIn.checkIn(ProxyCheckIn.java:68)
	at com.txxy.demo.proxy.ProxyCheckIn.checkIn(ProxyCheckIn.java:68)
	at com.txxy.demo.proxy.ProxyCheckIn.checkIn(ProxyCheckIn.java:68)
	at com.txxy.demo.proxy.ProxyCheckIn.checkIn(ProxyCheckIn.java:68)
	at com.txxy.demo.proxy.ProxyCheckIn.checkIn(ProxyCheckIn.java:68)
	at com.txxy.demo.proxy.ProxyCheckIn.checkIn(ProxyCheckIn.java:68)
	at com.txxy.demo.proxy.ProxyCheckIn.checkIn(ProxyCheckIn.java:68)
	at com.txxy.demo.proxy.ProxyCheckIn.checkIn(ProxyCheckIn.java:68)
	at com.txxy.demo.proxy.ProxyCheckIn.checkIn(ProxyCheckIn.java:68)
	at com.txxy.demo.proxy.ProxyCheckIn.checkIn(ProxyCheckIn.java:68)
	at com.txxy.demo.proxy.ProxyCheckIn.checkIn(ProxyCheckIn.java:68)
	at com.txxy.demo.proxy.ProxyCheckIn.checkIn(ProxyCheckIn.java:68)
	at com.txxy.demo.proxy.ProxyCheckIn.checkIn(ProxyCheckIn.java:68)
	at com.txxy.demo.proxy.ProxyCheckIn.checkIn(ProxyCheckIn.java:68)
	at com.txxy.demo.proxy.ProxyCheckIn.checkIn(ProxyCheckIn.java:68)
	at com.txxy.demo.proxy.ProxyCheckIn.checkIn(ProxyCheckIn.java:68)
	at com.txxy.demo.proxy.ProxyCheckIn.checkIn(ProxyCheckIn.java:68)
	at com.txxy.demo.proxy.ProxyCheckIn.checkIn(ProxyCheckIn.java:68)
	at com.txxy.demo.proxy.ProxyCheckIn.checkIn(ProxyCheckIn.java:68)
	at com.txxy.demo.proxy.ProxyCheckIn.checkIn(ProxyCheckIn.java:68)
	at com.txxy.demo.proxy.ProxyCheckIn.checkIn(ProxyCheckIn.java:68)
	at com.txxy.demo.proxy.ProxyCheckIn.checkIn(ProxyCheckIn.java:68)
	at com.txxy.demo.proxy.ProxyCheckIn.checkIn(ProxyCheckIn.java:68)
	at com.txxy.demo.proxy.ProxyCheckIn.checkIn(ProxyCheckIn.java:68)
	at com.txxy.demo.proxy.ProxyCheckIn.checkIn(ProxyCheckIn.java:68)
	at com.txxy.demo.proxy.ProxyCheckIn.checkIn(ProxyCheckIn.java:68)
	at com.txxy.demo.proxy.ProxyCheckIn.checkIn(ProxyCheckIn.java:68)
	at com.txxy.demo.proxy.ProxyCheckIn.checkIn(ProxyCheckIn.java:68)
	at com.txxy.demo.proxy.ProxyCheckIn.checkIn(ProxyCheckIn.java:68)
	at com.txxy.demo.proxy.ProxyCheckIn.checkIn(ProxyCheckIn.java:68)
	at com.txxy.demo.proxy.ProxyCheckIn.checkIn(ProxyCheckIn.java:68)
	at com.txxy.demo.proxy.ProxyCheckIn.checkIn(ProxyCheckIn.java:68)
	at com.txxy.demo.proxy.ProxyCheckIn.checkIn(ProxyCheckIn.java:68)
	at com.txxy.demo.proxy.ProxyCheckIn.checkIn(ProxyCheckIn.java:68)
	at com.txxy.demo.proxy.ProxyCheckIn.checkIn(ProxyCheckIn.java:68)
	at com.txxy.demo.proxy.ProxyCheckIn.checkIn(ProxyCheckIn.java:68)
	at com.txxy.demo.proxy.ProxyCheckIn.checkIn(ProxyCheckIn.java:68)
	at com.txxy.demo.proxy.ProxyCheckIn.checkIn(ProxyCheckIn.java:68)
	at com.txxy.demo.proxy.ProxyCheckIn.checkIn(ProxyCheckIn.java:68)
	at com.txxy.demo.proxy.ProxyCheckIn.checkIn(ProxyCheckIn.java:68)
	at com.txxy.demo.proxy.ProxyCheckIn.checkIn(ProxyCheckIn.java:68)
	at com.txxy.demo.proxy.ProxyCheckIn.checkIn(ProxyCheckIn.java:68)
	at com.txxy.demo.proxy.ProxyCheckIn.checkIn(ProxyCheckIn.java:68)
	at com.txxy.demo.proxy.ProxyCheckIn.checkIn(ProxyCheckIn.java:68)
	at com.txxy.demo.proxy.ProxyCheckIn.checkIn(ProxyCheckIn.java:68)
	at com.txxy.demo.proxy.ProxyCheckIn.checkIn(ProxyCheckIn.java:68)
	at com.txxy.demo.proxy.ProxyCheckIn.checkIn(ProxyCheckIn.java:68)
	at com.txxy.demo.proxy.ProxyCheckIn.checkIn(ProxyCheckIn.java:68)
	at com.txxy.demo.proxy.ProxyCheckIn.checkIn(ProxyCheckIn.java:68)
	at com.txxy.demo.proxy.ProxyCheckIn.checkIn(ProxyCheckIn.java:68)
	at com.txxy.demo.proxy.ProxyCheckIn.checkIn(ProxyCheckIn.java:68)
	at com.txxy.demo.proxy.ProxyCheckIn.checkIn(ProxyCheckIn.java:68)
	at com.txxy.demo.proxy.ProxyCheckIn.checkIn(ProxyCheckIn.java:68)
	at com.txxy.demo.proxy.ProxyCheckIn.checkIn(ProxyCheckIn.java:68)
	at com.txxy.demo.proxy.ProxyCheckIn.checkIn(ProxyCheckIn.java:68)
	at com.txxy.demo.proxy.ProxyCheckIn.checkIn(ProxyCheckIn.java:68)
	at com.txxy.demo.proxy.ProxyCheckIn.checkIn(ProxyCheckIn.java:68)
	at com.txxy.demo.proxy.ProxyCheckIn.checkIn(ProxyCheckIn.java:68)
	at com.txxy.demo.proxy.ProxyCheckIn.checkIn(ProxyCheckIn.java:68)
	at com.txxy.demo.proxy.ProxyCheckIn.checkIn(ProxyCheckIn.java:68)
	at com.txxy.demo.proxy.ProxyCheckIn.checkIn(ProxyCheckIn.java:68)
	at com.txxy.demo.proxy.ProxyCheckIn.checkIn(ProxyCheckIn.java:68)
	at com.txxy.demo.proxy.ProxyCheckIn.checkIn(ProxyCheckIn.java:68)
	at com.txxy.demo.proxy.ProxyCheckIn.checkIn(ProxyCheckIn.java:68)
	at com.txxy.demo.proxy.ProxyCheckIn.checkIn(ProxyCheckIn.java:68)
	at com.txxy.demo.proxy.ProxyCheckIn.checkIn(ProxyCheckIn.java:68)
	at com.txxy.demo.proxy.ProxyCheckIn.checkIn(ProxyCheckIn.java:68)
	at com.txxy.demo.proxy.ProxyCheckIn.checkIn(ProxyCheckIn.java:68)
	at com.txxy.demo.proxy.ProxyCheckIn.checkIn(ProxyCheckIn.java:68)
	at com.txxy.demo.proxy.ProxyCheckIn.checkIn(ProxyCheckIn.java:68)
	at com.txxy.demo.proxy.ProxyCheckIn.checkIn(ProxyCheckIn.java:68)
	at com.txxy.demo.proxy.ProxyCheckIn.checkIn(ProxyCheckIn.java:68)
	at com.txxy.demo.proxy.ProxyCheckIn.checkIn(ProxyCheckIn.java:68)
	at com.txxy.demo.proxy.ProxyCheckIn.checkIn(ProxyCheckIn.java:68)
	at com.txxy.demo.proxy.ProxyCheckIn.checkIn(ProxyCheckIn.java:68)
	at com.txxy.demo.proxy.ProxyCheckIn.checkIn(ProxyCheckIn.java:68)
	at com.txxy.demo.proxy.ProxyCheckIn.checkIn(ProxyCheckIn.java:68)
	at com.txxy.demo.proxy.ProxyCheckIn.checkIn(ProxyCheckIn.java:68)
	at com.txxy.demo.proxy.ProxyCheckIn.checkIn(ProxyCheckIn.java:68)
	at com.txxy.demo.proxy.ProxyCheckIn.checkIn(ProxyCheckIn.java:68)
	at com.txxy.demo.proxy.ProxyCheckIn.checkIn(ProxyCheckIn.java:68)
	at com.txxy.demo.proxy.ProxyCheckIn.checkIn(ProxyCheckIn.java:68)
	at com.txxy.demo.proxy.ProxyCheckIn.checkIn(ProxyCheckIn.java:68)
	at com.txxy.demo.proxy.ProxyCheckIn.checkIn(ProxyCheckIn.java:68)
	at com.txxy.demo.proxy.ProxyCheckIn.checkIn(ProxyCheckIn.java:68)
	at com.txxy.demo.proxy.ProxyCheckIn.checkIn(ProxyCheckIn.java:68)
	at com.txxy.demo.proxy.ProxyCheckIn.checkIn(ProxyCheckIn.java:68)
	at com.txxy.demo.proxy.ProxyCheckIn.checkIn(ProxyCheckIn.java:68)
	at com.txxy.demo.proxy.ProxyCheckIn.checkIn(ProxyCheckIn.java:68)
	at com.txxy.demo.proxy.ProxyCheckIn.checkIn(ProxyCheckIn.java:68)
	at com.txxy.demo.proxy.ProxyCheckIn.checkIn(ProxyCheckIn.java:68)
	at com.txxy.demo.proxy.ProxyCheckIn.checkIn(ProxyCheckIn.java:68)
	at com.txxy.demo.proxy.ProxyCheckIn.checkIn(ProxyCheckIn.java:68)
	at com.txxy.demo.proxy.ProxyCheckIn.checkIn(ProxyCheckIn.java:68)
	at com.txxy.demo.proxy.ProxyCheckIn.checkIn(ProxyCheckIn.java:68)
	at com.txxy.demo.proxy.ProxyCheckIn.checkIn(ProxyCheckIn.java:68)
	at com.txxy.demo.proxy.ProxyCheckIn.checkIn(ProxyCheckIn.java:68)
	at com.txxy.demo.proxy.ProxyCheckIn.checkIn(ProxyCheckIn.java:68)
	at com.txxy.demo.proxy.ProxyCheckIn.checkIn(ProxyCheckIn.java:68)
	at com.txxy.demo.proxy.ProxyCheckIn.checkIn(ProxyCheckIn.java:68)
	at com.txxy.demo.proxy.ProxyCheckIn.checkIn(ProxyCheckIn.java:68)
	at com.txxy.demo.proxy.ProxyCheckIn.checkIn(ProxyCheckIn.java:68)
	at com.txxy.demo.proxy.ProxyCheckIn.checkIn(ProxyCheckIn.java:68)
	at com.txxy.demo.proxy.ProxyCheckIn.checkIn(ProxyCheckIn.java:68)
	at com.txxy.demo.proxy.ProxyCheckIn.checkIn(ProxyCheckIn.java:68)
	at com.txxy.demo.proxy.ProxyCheckIn.checkIn(ProxyCheckIn.java:68)
	at com.txxy.demo.proxy.ProxyCheckIn.checkIn(ProxyCheckIn.java:68)
	at com.txxy.demo.proxy.ProxyCheckIn.checkIn(ProxyCheckIn.java:68)
	at com.txxy.demo.proxy.ProxyCheckIn.checkIn(ProxyCheckIn.java:68)
	at com.txxy.demo.proxy.ProxyCheckIn.checkIn(ProxyCheckIn.java:68)
	at com.txxy.demo.proxy.ProxyCheckIn.checkIn(ProxyCheckIn.java:68)
	at com.txxy.demo.proxy.ProxyCheckIn.checkIn(ProxyCheckIn.java:68)
	at com.txxy.demo.proxy.ProxyCheckIn.checkIn(ProxyCheckIn.java:68)
	at com.txxy.demo.proxy.ProxyCheckIn.checkIn(ProxyCheckIn.java:68)
	at com.txxy.demo.proxy.ProxyCheckIn.checkIn(ProxyCheckIn.java:68)
	at com.txxy.demo.proxy.ProxyCheckIn.checkIn(ProxyCheckIn.java:68)
	at com.txxy.demo.proxy.ProxyCheckIn.checkIn(ProxyCheckIn.java:68)
	at com.txxy.demo.proxy.ProxyCheckIn.checkIn(ProxyCheckIn.java:68)
	at com.txxy.demo.proxy.ProxyCheckIn.checkIn(ProxyCheckIn.java:68)
	at com.txxy.demo.proxy.ProxyCheckIn.checkIn(ProxyCheckIn.java:68)
	at com.txxy.demo.proxy.ProxyCheckIn.checkIn(ProxyCheckIn.java:68)
	at com.txxy.demo.proxy.ProxyCheckIn.checkIn(ProxyCheckIn.java:68)
	at com.txxy.demo.proxy.ProxyCheckIn.checkIn(ProxyCheckIn.java:68)
	at com.txxy.demo.proxy.ProxyCheckIn.checkIn(ProxyCheckIn.java:68)
	at com.txxy.demo.proxy.ProxyCheckIn.checkIn(ProxyCheckIn.java:68)
	at com.txxy.demo.proxy.ProxyCheckIn.checkIn(ProxyCheckIn.java:68)
	at com.txxy.demo.proxy.ProxyCheckIn.checkIn(ProxyCheckIn.java:68)
	at com.txxy.demo.proxy.ProxyCheckIn.checkIn(ProxyCheckIn.java:68)
	at com.txxy.demo.proxy.ProxyCheckIn.checkIn(ProxyCheckIn.java:68)
	at com.txxy.demo.proxy.ProxyCheckIn.checkIn(ProxyCheckIn.java:68)
	at com.txxy.demo.proxy.ProxyCheckIn.checkIn(ProxyCheckIn.java:68)
	at com.txxy.demo.proxy.ProxyCheckIn.checkIn(ProxyCheckIn.java:68)
	at com.txxy.demo.proxy.ProxyCheckIn.checkIn(ProxyCheckIn.java:68)
	at com.txxy.demo.proxy.ProxyCheckIn.checkIn(ProxyCheckIn.java:68)
	at com.txxy.demo.proxy.ProxyCheckIn.checkIn(ProxyCheckIn.java:68)
	at com.txxy.demo.proxy.ProxyCheckIn.checkIn(ProxyCheckIn.java:68)
	at com.txxy.demo.proxy.ProxyCheckIn.checkIn(ProxyCheckIn.java:68)
	at com.txxy.demo.proxy.ProxyCheckIn.checkIn(ProxyCheckIn.java:68)
	at com.txxy.demo.proxy.ProxyCheckIn.checkIn(ProxyCheckIn.java:68)
	at com.txxy.demo.proxy.ProxyCheckIn.checkIn(ProxyCheckIn.java:68)
	at com.txxy.demo.proxy.ProxyCheckIn.checkIn(ProxyCheckIn.java:68)
	at com.txxy.demo.proxy.ProxyCheckIn.checkIn(ProxyCheckIn.java:68)
	at com.txxy.demo.proxy.ProxyCheckIn.checkIn(ProxyCheckIn.java:68)
	at com.txxy.demo.proxy.ProxyCheckIn.checkIn(ProxyCheckIn.java:68)
	at com.txxy.demo.proxy.ProxyCheckIn.checkIn(ProxyCheckIn.java:68)
	at com.txxy.demo.proxy.ProxyCheckIn.checkIn(ProxyCheckIn.java:68)
	at com.txxy.demo.proxy.ProxyCheckIn.checkIn(ProxyCheckIn.java:68)
	at com.txxy.demo.proxy.ProxyCheckIn.checkIn(ProxyCheckIn.java:68)
	at com.txxy.demo.proxy.ProxyCheckIn.checkIn(ProxyCheckIn.java:68)
	at com.txxy.demo.proxy.ProxyCheckIn.checkIn(ProxyCheckIn.java:68)
	at com.txxy.demo.proxy.ProxyCheckIn.checkIn(ProxyCheckIn.java:68)
	at com.txxy.demo.proxy.ProxyCheckIn.checkIn(ProxyCheckIn.java:68)
	at com.txxy.demo.proxy.ProxyCheckIn.checkIn(ProxyCheckIn.java:68)
	at com.txxy.demo.proxy.ProxyCheckIn.checkIn(ProxyCheckIn.java:68)
	at com.txxy.demo.proxy.ProxyCheckIn.checkIn(ProxyCheckIn.java:68)
	at com.txxy.demo.proxy.ProxyCheckIn.checkIn(ProxyCheckIn.java:68)
	at com.txxy.demo.proxy.ProxyCheckIn.checkIn(ProxyCheckIn.java:68)
	at com.txxy.demo.proxy.ProxyCheckIn.checkIn(ProxyCheckIn.java:68)
	at com.txxy.demo.proxy.ProxyCheckIn.checkIn(ProxyCheckIn.java:68)
	at com.txxy.demo.proxy.ProxyCheckIn.checkIn(ProxyCheckIn.java:68)
	at com.txxy.demo.proxy.ProxyCheckIn.checkIn(ProxyCheckIn.java:68)
	at com.txxy.demo.proxy.ProxyCheckIn.checkIn(ProxyCheckIn.java:68)
	at com.txxy.demo.proxy.ProxyCheckIn.checkIn(ProxyCheckIn.java:68)
	at com.txxy.demo.proxy.ProxyCheckIn.checkIn(ProxyCheckIn.java:68)
	at com.txxy.demo.proxy.ProxyCheckIn.checkIn(ProxyCheckIn.java:68)
	at com.txxy.demo.proxy.ProxyCheckIn.checkIn(ProxyCheckIn.java:68)
	at com.txxy.demo.proxy.ProxyCheckIn.checkIn(ProxyCheckIn.java:68)
	at com.txxy.demo.proxy.ProxyCheckIn.checkIn(ProxyCheckIn.java:68)
	at com.txxy.demo.proxy.ProxyCheckIn.checkIn(ProxyCheckIn.java:68)
	at com.txxy.demo.proxy.ProxyCheckIn.checkIn(ProxyCheckIn.java:68)
	at com.txxy.demo.proxy.ProxyCheckIn.checkIn(ProxyCheckIn.java:68)
	at com.txxy.demo.proxy.ProxyCheckIn.checkIn(ProxyCheckIn.java:68)
	at com.txxy.demo.proxy.ProxyCheckIn.checkIn(ProxyCheckIn.java:68)
	at com.txxy.demo.proxy.ProxyCheckIn.checkIn(ProxyCheckIn.java:68)
	at com.txxy.demo.proxy.ProxyCheckIn.checkIn(ProxyCheckIn.java:68)
	at com.txxy.demo.proxy.ProxyCheckIn.checkIn(ProxyCheckIn.java:68)
	at com.txxy.demo.proxy.ProxyCheckIn.checkIn(ProxyCheckIn.java:68)
	at com.txxy.demo.proxy.ProxyCheckIn.checkIn(ProxyCheckIn.java:68)
	at com.txxy.demo.proxy.ProxyCheckIn.checkIn(ProxyCheckIn.java:68)
	at com.txxy.demo.proxy.ProxyCheckIn.checkIn(ProxyCheckIn.java:68)
	at com.txxy.demo.proxy.ProxyCheckIn.checkIn(ProxyCheckIn.java:68)
	at com.txxy.demo.proxy.ProxyCheckIn.checkIn(ProxyCheckIn.java:68)
	at com.txxy.demo.proxy.ProxyCheckIn.checkIn(ProxyCheckIn.java:68)
	at com.txxy.demo.proxy.ProxyCheckIn.checkIn(ProxyCheckIn.java:68)
	at com.txxy.demo.proxy.ProxyCheckIn.checkIn(ProxyCheckIn.java:68)
	at com.txxy.demo.proxy.ProxyCheckIn.checkIn(ProxyCheckIn.java:68)
	at com.txxy.demo.proxy.ProxyCheckIn.checkIn(ProxyCheckIn.java:68)
	at com.txxy.demo.proxy.ProxyCheckIn.checkIn(ProxyCheckIn.java:68)
	at com.txxy.demo.proxy.ProxyCheckIn.checkIn(ProxyCheckIn.java:68)
	at com.txxy.demo.proxy.ProxyCheckIn.checkIn(ProxyCheckIn.java:68)
	at com.txxy.demo.proxy.ProxyCheckIn.checkIn(ProxyCheckIn.java:68)
	at com.txxy.demo.proxy.ProxyCheckIn.checkIn(ProxyCheckIn.java:68)
	at com.txxy.demo.proxy.ProxyCheckIn.checkIn(ProxyCheckIn.java:68)
	at com.txxy.demo.proxy.ProxyCheckIn.checkIn(ProxyCheckIn.java:68)
	at com.txxy.demo.proxy.ProxyCheckIn.checkIn(ProxyCheckIn.java:68)
	at com.txxy.demo.proxy.ProxyCheckIn.checkIn(ProxyCheckIn.java:68)
	at com.txxy.demo.proxy.ProxyCheckIn.checkIn(ProxyCheckIn.java:68)
	at com.txxy.demo.proxy.ProxyCheckIn.checkIn(ProxyCheckIn.java:68)
	at com.txxy.demo.proxy.ProxyCheckIn.checkIn(ProxyCheckIn.java:68)
	at com.txxy.demo.proxy.ProxyCheckIn.checkIn(ProxyCheckIn.java:68)
	at com.txxy.demo.proxy.ProxyCheckIn.checkIn(ProxyCheckIn.java:68)
	at com.txxy.demo.proxy.ProxyCheckIn.checkIn(ProxyCheckIn.java:68)
	at com.txxy.demo.proxy.ProxyCheckIn.checkIn(ProxyCheckIn.java:68)
	at com.txxy.demo.proxy.ProxyCheckIn.checkIn(ProxyCheckIn.java:68)
	at com.txxy.demo.proxy.ProxyCheckIn.checkIn(ProxyCheckIn.java:68)
	at com.txxy.demo.proxy.ProxyCheckIn.checkIn(ProxyCheckIn.java:68)
	at com.txxy.demo.proxy.ProxyCheckIn.checkIn(ProxyCheckIn.java:68)
	at com.txxy.demo.proxy.ProxyCheckIn.checkIn(ProxyCheckIn.java:68)
	at com.txxy.demo.proxy.ProxyCheckIn.checkIn(ProxyCheckIn.java:68)
	at com.txxy.demo.proxy.ProxyCheckIn.checkIn(ProxyCheckIn.java:68)
	at com.txxy.demo.proxy.ProxyCheckIn.checkIn(ProxyCheckIn.java:68)
	at com.txxy.demo.proxy.ProxyCheckIn.checkIn(ProxyCheckIn.java:68)
	at com.txxy.demo.proxy.ProxyCheckIn.checkIn(ProxyCheckIn.java:68)
	at com.txxy.demo.proxy.ProxyCheckIn.checkIn(ProxyCheckIn.java:68)
	at com.txxy.demo.proxy.ProxyCheckIn.checkIn(ProxyCheckIn.java:68)
	at com.txxy.demo.proxy.ProxyCheckIn.checkIn(ProxyCheckIn.java:68)
	at com.txxy.demo.proxy.ProxyCheckIn.checkIn(ProxyCheckIn.java:68)
	at com.txxy.demo.proxy.ProxyCheckIn.checkIn(ProxyCheckIn.java:68)
	at com.txxy.demo.proxy.ProxyCheckIn.checkIn(ProxyCheckIn.java:68)
	at com.txxy.demo.proxy.ProxyCheckIn.checkIn(ProxyCheckIn.java:68)
	at com.txxy.demo.proxy.ProxyCheckIn.checkIn(ProxyCheckIn.java:68)
	at com.txxy.demo.proxy.ProxyCheckIn.checkIn(ProxyCheckIn.java:68)
	at com.txxy.demo.proxy.ProxyCheckIn.checkIn(ProxyCheckIn.java:68)
	at com.txxy.demo.proxy.ProxyCheckIn.checkIn(ProxyCheckIn.java:68)
	at com.txxy.demo.proxy.ProxyCheckIn.checkIn(ProxyCheckIn.java:68)
	at com.txxy.demo.proxy.ProxyCheckIn.checkIn(ProxyCheckIn.java:68)
	at com.txxy.demo.proxy.ProxyCheckIn.checkIn(ProxyCheckIn.java:68)
	at com.txxy.demo.proxy.ProxyCheckIn.checkIn(ProxyCheckIn.java:68)
	at com.txxy.demo.proxy.ProxyCheckIn.checkIn(ProxyCheckIn.java:68)
	at com.txxy.demo.proxy.ProxyCheckIn.checkIn(ProxyCheckIn.java:68)
	at com.txxy.demo.proxy.ProxyCheckIn.checkIn(ProxyCheckIn.java:68)
	at com.txxy.demo.proxy.ProxyCheckIn.checkIn(ProxyCheckIn.java:68)
	at com.txxy.demo.proxy.ProxyCheckIn.checkIn(ProxyCheckIn.java:68)
	at com.txxy.demo.proxy.ProxyCheckIn.checkIn(ProxyCheckIn.java:68)
	at com.txxy.demo.proxy.ProxyCheckIn.checkIn(ProxyCheckIn.java:68)
	at com.txxy.demo.proxy.ProxyCheckIn.checkIn(ProxyCheckIn.java:68)
	at com.txxy.demo.proxy.ProxyCheckIn.checkIn(ProxyCheckIn.java:68)
	at com.txxy.demo.proxy.ProxyCheckIn.checkIn(ProxyCheckIn.java:68)
	at com.txxy.demo.proxy.ProxyCheckIn.checkIn(ProxyCheckIn.java:68)
	at com.txxy.demo.proxy.ProxyCheckIn.checkIn(ProxyCheckIn.java:68)
	at com.txxy.demo.proxy.ProxyCheckIn.checkIn(ProxyCheckIn.java:68)
	at com.txxy.demo.proxy.ProxyCheckIn.checkIn(ProxyCheckIn.java:68)
	at com.txxy.demo.proxy.ProxyCheckIn.checkIn(ProxyCheckIn.java:68)
	at com.txxy.demo.proxy.ProxyCheckIn.checkIn(ProxyCheckIn.java:68)
	at com.txxy.demo.proxy.ProxyCheckIn.checkIn(ProxyCheckIn.java:68)
	at com.txxy.demo.proxy.ProxyCheckIn.checkIn(ProxyCheckIn.java:68)
	at com.txxy.demo.proxy.ProxyCheckIn.checkIn(ProxyCheckIn.java:68)
	at com.txxy.demo.proxy.ProxyCheckIn.checkIn(ProxyCheckIn.java:68)
	at com.txxy.demo.proxy.ProxyCheckIn.checkIn(ProxyCheckIn.java:68)
	at com.txxy.demo.proxy.ProxyCheckIn.checkIn(ProxyCheckIn.java:68)
	at com.txxy.demo.proxy.ProxyCheckIn.checkIn(ProxyCheckIn.java:68)
	at com.txxy.demo.proxy.ProxyCheckIn.checkIn(ProxyCheckIn.java:68)
	at com.txxy.demo.proxy.ProxyCheckIn.checkIn(ProxyCheckIn.java:68)
	at com.txxy.demo.proxy.ProxyCheckIn.checkIn(ProxyCheckIn.java:68)
	at com.txxy.demo.proxy.ProxyCheckIn.checkIn(ProxyCheckIn.java:68)
	at com.txxy.demo.proxy.ProxyCheckIn.checkIn(ProxyCheckIn.java:68)
	at com.txxy.demo.proxy.ProxyCheckIn.checkIn(ProxyCheckIn.java:68)
	at com.txxy.demo.proxy.ProxyCheckIn.checkIn(ProxyCheckIn.java:68)
	at com.txxy.demo.proxy.ProxyCheckIn.checkIn(ProxyCheckIn.java:68)
	at com.txxy.demo.proxy.ProxyCheckIn.checkIn(ProxyCheckIn.java:68)
	at com.txxy.demo.proxy.ProxyCheckIn.checkIn(ProxyCheckIn.java:68)
	at com.txxy.demo.proxy.ProxyCheckIn.checkIn(ProxyCheckIn.java:68)
	at com.txxy.demo.proxy.ProxyCheckIn.checkIn(ProxyCheckIn.java:68)
	at com.txxy.demo.proxy.ProxyCheckIn.checkIn(ProxyCheckIn.java:68)
	at com.txxy.demo.proxy.ProxyCheckIn.checkIn(ProxyCheckIn.java:68)
	at com.txxy.demo.proxy.ProxyCheckIn.checkIn(ProxyCheckIn.java:68)
	at com.txxy.demo.proxy.ProxyCheckIn.checkIn(ProxyCheckIn.java:68)
	at com.txxy.demo.proxy.ProxyCheckIn.checkIn(ProxyCheckIn.java:68)
	at com.txxy.demo.proxy.ProxyCheckIn.checkIn(ProxyCheckIn.java:68)
	at com.txxy.demo.proxy.ProxyCheckIn.checkIn(ProxyCheckIn.java:68)
	at com.txxy.demo.proxy.ProxyCheckIn.checkIn(ProxyCheckIn.java:68)
	at com.txxy.demo.proxy.ProxyCheckIn.checkIn(ProxyCheckIn.java:68)
	at com.txxy.demo.proxy.ProxyCheckIn.checkIn(ProxyCheckIn.java:68)
	at com.txxy.demo.proxy.ProxyCheckIn.checkIn(ProxyCheckIn.java:68)
	at com.txxy.demo.proxy.ProxyCheckIn.checkIn(ProxyCheckIn.java:68)
	at com.txxy.demo.proxy.ProxyCheckIn.checkIn(ProxyCheckIn.java:68)
	at com.txxy.demo.proxy.ProxyCheckIn.checkIn(ProxyCheckIn.java:68)
	at com.txxy.demo.proxy.ProxyCheckIn.checkIn(ProxyCheckIn.java:68)
	at com.txxy.demo.proxy.ProxyCheckIn.checkIn(ProxyCheckIn.java:68)
	at com.txxy.demo.proxy.ProxyCheckIn.checkIn(ProxyCheckIn.java:68)
	at com.txxy.demo.proxy.ProxyCheckIn.checkIn(ProxyCheckIn.java:68)
	at com.txxy.demo.proxy.ProxyCheckIn.checkIn(ProxyCheckIn.java:68)
	at com.txxy.demo.proxy.ProxyCheckIn.checkIn(ProxyCheckIn.java:68)
	at com.txxy.demo.proxy.ProxyCheckIn.checkIn(ProxyCheckIn.java:68)
	at com.txxy.demo.proxy.ProxyCheckIn.checkIn(ProxyCheckIn.java:68)
	at com.txxy.demo.proxy.ProxyCheckIn.checkIn(ProxyCheckIn.java:68)
	at com.txxy.demo.proxy.ProxyCheckIn.checkIn(ProxyCheckIn.java:68)
	at com.txxy.demo.proxy.ProxyCheckIn.checkIn(ProxyCheckIn.java:68)
	at com.txxy.demo.proxy.ProxyCheckIn.checkIn(ProxyCheckIn.java:68)
	at com.txxy.demo.proxy.ProxyCheckIn.checkIn(ProxyCheckIn.java:68)
	at com.txxy.demo.proxy.ProxyCheckIn.checkIn(ProxyCheckIn.java:68)
	at com.txxy.demo.proxy.ProxyCheckIn.checkIn(ProxyCheckIn.java:68)
	at com.txxy.demo.proxy.ProxyCheckIn.checkIn(ProxyCheckIn.java:68)
	at com.txxy.demo.proxy.ProxyCheckIn.checkIn(ProxyCheckIn.java:68)
	at com.txxy.demo.proxy.ProxyCheckIn.checkIn(ProxyCheckIn.java:68)
	at com.txxy.demo.proxy.ProxyCheckIn.checkIn(ProxyCheckIn.java:68)
	at com.txxy.demo.proxy.ProxyCheckIn.checkIn(ProxyCheckIn.java:68)
	at com.txxy.demo.proxy.ProxyCheckIn.checkIn(ProxyCheckIn.java:68)
	at com.txxy.demo.proxy.ProxyCheckIn.checkIn(ProxyCheckIn.java:68)
	at com.txxy.demo.proxy.ProxyCheckIn.checkIn(ProxyCheckIn.java:68)
	at com.txxy.demo.proxy.ProxyCheckIn.checkIn(ProxyCheckIn.java:68)
	at com.txxy.demo.proxy.ProxyCheckIn.checkIn(ProxyCheckIn.java:68)
	at com.txxy.demo.proxy.ProxyCheckIn.checkIn(ProxyCheckIn.java:68)
	at com.txxy.demo.proxy.ProxyCheckIn.checkIn(ProxyCheckIn.java:68)
	at com.txxy.demo.proxy.ProxyCheckIn.checkIn(ProxyCheckIn.java:68)
	at com.txxy.demo.proxy.ProxyCheckIn.checkIn(ProxyCheckIn.java:68)
	at com.txxy.demo.proxy.ProxyCheckIn.checkIn(ProxyCheckIn.java:68)
	at com.txxy.demo.proxy.ProxyCheckIn.checkIn(ProxyCheckIn.java:68)
	at com.txxy.demo.proxy.ProxyCheckIn.checkIn(ProxyCheckIn.java:68)
	at com.txxy.demo.proxy.ProxyCheckIn.checkIn(ProxyCheckIn.java:68)
	at com.txxy.demo.proxy.ProxyCheckIn.checkIn(ProxyCheckIn.java:68)
	at com.txxy.demo.proxy.ProxyCheckIn.checkIn(ProxyCheckIn.java:68)
	at com.txxy.demo.proxy.ProxyCheckIn.checkIn(ProxyCheckIn.java:68)
	at com.txxy.demo.proxy.ProxyCheckIn.checkIn(ProxyCheckIn.java:68)
	at com.txxy.demo.proxy.ProxyCheckIn.checkIn(ProxyCheckIn.java:68)
	at com.txxy.demo.proxy.ProxyCheckIn.checkIn(ProxyCheckIn.java:68)
	at com.txxy.demo.proxy.ProxyCheckIn.checkIn(ProxyCheckIn.java:68)
	at com.txxy.demo.proxy.ProxyCheckIn.checkIn(ProxyCheckIn.java:68)
	at com.txxy.demo.proxy.ProxyCheckIn.checkIn(ProxyCheckIn.java:68)
	at com.txxy.demo.proxy.ProxyCheckIn.checkIn(ProxyCheckIn.java:68)
	at com.txxy.demo.proxy.ProxyCheckIn.checkIn(ProxyCheckIn.java:68)
	at com.txxy.demo.proxy.ProxyCheckIn.checkIn(ProxyCheckIn.java:68)
	at com.txxy.demo.proxy.ProxyCheckIn.checkIn(ProxyCheckIn.java:68)
	at com.txxy.demo.proxy.ProxyCheckIn.checkIn(ProxyCheckIn.java:68)
	at com.txxy.demo.proxy.ProxyCheckIn.checkIn(ProxyCheckIn.java:68)
	at com.txxy.demo.proxy.ProxyCheckIn.checkIn(ProxyCheckIn.java:68)
	at com.txxy.demo.proxy.ProxyCheckIn.checkIn(ProxyCheckIn.java:68)
	at com.txxy.demo.proxy.ProxyCheckIn.checkIn(ProxyCheckIn.java:68)
	at com.txxy.demo.proxy.ProxyCheckIn.checkIn(ProxyCheckIn.java:68)
	at com.txxy.demo.proxy.ProxyCheckIn.checkIn(ProxyCheckIn.java:68)
	at com.txxy.demo.proxy.ProxyCheckIn.checkIn(ProxyCheckIn.java:68)
	at com.txxy.demo.proxy.ProxyCheckIn.checkIn(ProxyCheckIn.java:68)
	at com.txxy.demo.proxy.ProxyCheckIn.checkIn(ProxyCheckIn.java:68)
	at com.txxy.demo.proxy.ProxyCheckIn.checkIn(ProxyCheckIn.java:68)
	at com.txxy.demo.proxy.ProxyCheckIn.checkIn(ProxyCheckIn.java:68)
	at com.txxy.demo.proxy.ProxyCheckIn.checkIn(ProxyCheckIn.java:68)
	at com.txxy.demo.proxy.ProxyCheckIn.checkIn(ProxyCheckIn.java:68)
	at com.txxy.demo.proxy.ProxyCheckIn.checkIn(ProxyCheckIn.java:68)
	at com.txxy.demo.proxy.ProxyCheckIn.checkIn(ProxyCheckIn.java:68)
	at com.txxy.demo.proxy.ProxyCheckIn.checkIn(ProxyCheckIn.java:68)
	at com.txxy.demo.proxy.ProxyCheckIn.checkIn(ProxyCheckIn.java:68)
	at com.txxy.demo.proxy.ProxyCheckIn.checkIn(ProxyCheckIn.java:68)
	at com.txxy.demo.proxy.ProxyCheckIn.checkIn(ProxyCheckIn.java:68)
	at com.txxy.demo.proxy.ProxyCheckIn.checkIn(ProxyCheckIn.java:68)
	at com.txxy.demo.proxy.ProxyCheckIn.checkIn(ProxyCheckIn.java:68)
	at com.txxy.demo.proxy.ProxyCheckIn.checkIn(ProxyCheckIn.java:68)
	at com.txxy.demo.proxy.ProxyCheckIn.checkIn(ProxyCheckIn.java:68)
	at com.txxy.demo.proxy.ProxyCheckIn.checkIn(ProxyCheckIn.java:68)
	at com.txxy.demo.proxy.ProxyCheckIn.checkIn(ProxyCheckIn.java:68)
	at com.txxy.demo.proxy.ProxyCheckIn.checkIn(ProxyCheckIn.java:68)
	at com.txxy.demo.proxy.ProxyCheckIn.checkIn(ProxyCheckIn.java:68)
	at com.txxy.demo.proxy.ProxyCheckIn.checkIn(ProxyCheckIn.java:68)
	at com.txxy.demo.proxy.ProxyCheckIn.checkIn(ProxyCheckIn.java:68)
	at com.txxy.demo.proxy.ProxyCheckIn.checkIn(ProxyCheckIn.java:68)
	at com.txxy.demo.proxy.ProxyCheckIn.checkIn(ProxyCheckIn.java:68)
	at com.txxy.demo.proxy.ProxyCheckIn.checkIn(ProxyCheckIn.java:68)
	at com.txxy.demo.proxy.ProxyCheckIn.checkIn(ProxyCheckIn.java:68)
	at com.txxy.demo.proxy.ProxyCheckIn.checkIn(ProxyCheckIn.java:68)
	at com.txxy.demo.proxy.ProxyCheckIn.checkIn(ProxyCheckIn.java:68)
	at com.txxy.demo.proxy.ProxyCheckIn.checkIn(ProxyCheckIn.java:68)
	at com.txxy.demo.proxy.ProxyCheckIn.checkIn(ProxyCheckIn.java:68)
	at com.txxy.demo.proxy.ProxyCheckIn.checkIn(ProxyCheckIn.java:68)
	at com.txxy.demo.proxy.ProxyCheckIn.checkIn(ProxyCheckIn.java:68)
	at com.txxy.demo.proxy.ProxyCheckIn.checkIn(ProxyCheckIn.java:68)
	at com.txxy.demo.proxy.ProxyCheckIn.checkIn(ProxyCheckIn.java:68)
	at com.txxy.demo.proxy.ProxyCheckIn.checkIn(ProxyCheckIn.java:68)
	at com.txxy.demo.proxy.ProxyCheckIn.checkIn(ProxyCheckIn.java:68)
	at com.txxy.demo.proxy.ProxyCheckIn.checkIn(ProxyCheckIn.java:68)
	at com.txxy.demo.proxy.ProxyCheckIn.checkIn(ProxyCheckIn.java:68)
	at com.txxy.demo.proxy.ProxyCheckIn.checkIn(ProxyCheckIn.java:68)
	at com.txxy.demo.proxy.ProxyCheckIn.checkIn(ProxyCheckIn.java:68)
	at com.txxy.demo.proxy.ProxyCheckIn.checkIn(ProxyCheckIn.java:68)
	at com.txxy.demo.proxy.ProxyCheckIn.checkIn(ProxyCheckIn.java:68)
	at com.txxy.demo.proxy.ProxyCheckIn.checkIn(ProxyCheckIn.java:68)
	at com.txxy.demo.proxy.ProxyCheckIn.checkIn(ProxyCheckIn.java:68)
	at com.txxy.demo.proxy.ProxyCheckIn.checkIn(ProxyCheckIn.java:68)
	at com.txxy.demo.proxy.ProxyCheckIn.checkIn(ProxyCheckIn.java:68)
	at com.txxy.demo.proxy.ProxyCheckIn.checkIn(ProxyCheckIn.java:68)
	at com.txxy.demo.proxy.ProxyCheckIn.checkIn(ProxyCheckIn.java:68)
	at com.txxy.demo.proxy.ProxyCheckIn.checkIn(ProxyCheckIn.java:68)
	at com.txxy.demo.proxy.ProxyCheckIn.checkIn(ProxyCheckIn.java:68)
	at com.txxy.demo.proxy.ProxyCheckIn.checkIn(ProxyCheckIn.java:68)
	at com.txxy.demo.proxy.ProxyCheckIn.checkIn(ProxyCheckIn.java:68)
	at com.txxy.demo.proxy.ProxyCheckIn.checkIn(ProxyCheckIn.java:68)
	at com.txxy.demo.proxy.ProxyCheckIn.checkIn(ProxyCheckIn.java:68)
	at com.txxy.demo.proxy.ProxyCheckIn.checkIn(ProxyCheckIn.java:68)
	at com.txxy.demo.proxy.ProxyCheckIn.checkIn(ProxyCheckIn.java:68)
	at com.txxy.demo.proxy.ProxyCheckIn.checkIn(ProxyCheckIn.java:68)
	at com.txxy.demo.proxy.ProxyCheckIn.checkIn(ProxyCheckIn.java:68)
	at com.txxy.demo.proxy.ProxyCheckIn.checkIn(ProxyCheckIn.java:68)
	at com.txxy.demo.proxy.ProxyCheckIn.checkIn(ProxyCheckIn.java:68)
	at com.txxy.demo.proxy.ProxyCheckIn.checkIn(ProxyCheckIn.java:68)
	at com.txxy.demo.proxy.ProxyCheckIn.checkIn(ProxyCheckIn.java:68)
	at com.txxy.demo.proxy.ProxyCheckIn.checkIn(ProxyCheckIn.java:68)
	at com.txxy.demo.proxy.ProxyCheckIn.checkIn(ProxyCheckIn.java:68)
	at com.txxy.demo.proxy.ProxyCheckIn.checkIn(ProxyCheckIn.java:68)
	at com.txxy.demo.proxy.ProxyCheckIn.checkIn(ProxyCheckIn.java:68)
	at com.txxy.demo.proxy.ProxyCheckIn.checkIn(ProxyCheckIn.java:68)
	at com.txxy.demo.proxy.ProxyCheckIn.checkIn(ProxyCheckIn.java:68)
	at com.txxy.demo.proxy.ProxyCheckIn.checkIn(ProxyCheckIn.java:68)
	at com.txxy.demo.proxy.ProxyCheckIn.checkIn(ProxyCheckIn.java:68)
	at com.txxy.demo.proxy.ProxyCheckIn.checkIn(ProxyCheckIn.java:68)
	at com.txxy.demo.proxy.ProxyCheckIn.checkIn(ProxyCheckIn.java:68)
	at com.txxy.demo.proxy.ProxyCheckIn.checkIn(ProxyCheckIn.java:68)
	at com.txxy.demo.proxy.ProxyCheckIn.checkIn(ProxyCheckIn.java:68)
	at com.txxy.demo.proxy.ProxyCheckIn.checkIn(ProxyCheckIn.java:68)
	at com.txxy.demo.proxy.ProxyCheckIn.checkIn(ProxyCheckIn.java:68)
	at com.txxy.demo.proxy.ProxyCheckIn.checkIn(ProxyCheckIn.java:68)
	at com.txxy.demo.proxy.ProxyCheckIn.checkIn(ProxyCheckIn.java:68)
	at com.txxy.demo.proxy.ProxyCheckIn.checkIn(ProxyCheckIn.java:68)
	at com.txxy.demo.proxy.ProxyCheckIn.checkIn(ProxyCheckIn.java:68)
	at com.txxy.demo.proxy.ProxyCheckIn.checkIn(ProxyCheckIn.java:68)
	at com.txxy.demo.proxy.ProxyCheckIn.checkIn(ProxyCheckIn.java:68)
	at com.txxy.demo.proxy.ProxyCheckIn.checkIn(ProxyCheckIn.java:68)
	at com.txxy.demo.proxy.ProxyCheckIn.checkIn(ProxyCheckIn.java:68)
	at com.txxy.demo.proxy.ProxyCheckIn.checkIn(ProxyCheckIn.java:68)
	at com.txxy.demo.proxy.ProxyCheckIn.checkIn(ProxyCheckIn.java:68)
	at com.txxy.demo.proxy.ProxyCheckIn.checkIn(ProxyCheckIn.java:68)
	at com.txxy.demo.proxy.ProxyCheckIn.checkIn(ProxyCheckIn.java:68)
	at com.txxy.demo.proxy.ProxyCheckIn.checkIn(ProxyCheckIn.java:68)
	at com.txxy.demo.proxy.ProxyCheckIn.checkIn(ProxyCheckIn.java:68)
	at com.txxy.demo.proxy.ProxyCheckIn.checkIn(ProxyCheckIn.java:68)
	at com.txxy.demo.proxy.ProxyCheckIn.checkIn(ProxyCheckIn.java:68)
	at com.txxy.demo.proxy.ProxyCheckIn.checkIn(ProxyCheckIn.java:68)
	at com.txxy.demo.proxy.ProxyCheckIn.checkIn(ProxyCheckIn.java:68)
	at com.txxy.demo.proxy.ProxyCheckIn.checkIn(ProxyCheckIn.java:68)
	at com.txxy.demo.proxy.ProxyCheckIn.checkIn(ProxyCheckIn.java:68)
	at com.txxy.demo.proxy.ProxyCheckIn.checkIn(ProxyCheckIn.java:68)
	at com.txxy.demo.proxy.ProxyCheckIn.checkIn(ProxyCheckIn.java:68)
	at com.txxy.demo.proxy.ProxyCheckIn.checkIn(ProxyCheckIn.java:68)
	at com.txxy.demo.proxy.ProxyCheckIn.checkIn(ProxyCheckIn.java:68)
	at com.txxy.demo.proxy.ProxyCheckIn.checkIn(ProxyCheckIn.java:68)
	at com.txxy.demo.proxy.ProxyCheckIn.checkIn(ProxyCheckIn.java:68)
	at com.txxy.demo.proxy.ProxyCheckIn.checkIn(ProxyCheckIn.java:68)
	at com.txxy.demo.proxy.ProxyCheckIn.checkIn(ProxyCheckIn.java:68)
	at com.txxy.demo.proxy.ProxyCheckIn.checkIn(ProxyCheckIn.java:68)
	at com.txxy.demo.proxy.ProxyCheckIn.checkIn(ProxyCheckIn.java:68)
	at com.txxy.demo.proxy.ProxyCheckIn.checkIn(ProxyCheckIn.java:68)
	at com.txxy.demo.proxy.ProxyCheckIn.checkIn(ProxyCheckIn.java:68)
	at com.txxy.demo.proxy.ProxyCheckIn.checkIn(ProxyCheckIn.java:68)
	at com.txxy.demo.proxy.ProxyCheckIn.checkIn(ProxyCheckIn.java:68)
	at com.txxy.demo.proxy.ProxyCheckIn.checkIn(ProxyCheckIn.java:68)
	at com.txxy.demo.proxy.ProxyCheckIn.checkIn(ProxyCheckIn.java:68)
	at com.txxy.demo.proxy.ProxyCheckIn.checkIn(ProxyCheckIn.java:68)
	at com.txxy.demo.proxy.ProxyCheckIn.checkIn(ProxyCheckIn.java:68)
	at com.txxy.demo.proxy.ProxyCheckIn.checkIn(ProxyCheckIn.java:68)
	at com.txxy.demo.proxy.ProxyCheckIn.checkIn(ProxyCheckIn.java:68)
	at com.txxy.demo.proxy.ProxyCheckIn.checkIn(ProxyCheckIn.java:68)
	at com.txxy.demo.proxy.ProxyCheckIn.checkIn(ProxyCheckIn.java:68)
	at com.txxy.demo.proxy.ProxyCheckIn.checkIn(ProxyCheckIn.java:68)
	at com.txxy.demo.proxy.ProxyCheckIn.checkIn(ProxyCheckIn.java:68)
	at com.txxy.demo.proxy.ProxyCheckIn.checkIn(ProxyCheckIn.java:68)
	at com.txxy.demo.proxy.ProxyCheckIn.checkIn(ProxyCheckIn.java:68)
	at com.txxy.demo.proxy.ProxyCheckIn.checkIn(ProxyCheckIn.java:68)
	at com.txxy.demo.proxy.ProxyCheckIn.checkIn(ProxyCheckIn.java:68)
	at com.txxy.demo.proxy.ProxyCheckIn.checkIn(ProxyCheckIn.java:68)
	at com.txxy.demo.proxy.ProxyCheckIn.checkIn(ProxyCheckIn.java:68)
	at com.txxy.demo.proxy.ProxyCheckIn.checkIn(ProxyCheckIn.java:68)
	at com.txxy.demo.proxy.ProxyCheckIn.checkIn(ProxyCheckIn.java:68)
	at com.txxy.demo.proxy.ProxyCheckIn.checkIn(ProxyCheckIn.java:68)
	at com.txxy.demo.proxy.ProxyCheckIn.checkIn(ProxyCheckIn.java:68)
	at com.txxy.demo.proxy.ProxyCheckIn.checkIn(ProxyCheckIn.java:68)
	at com.txxy.demo.proxy.ProxyCheckIn.checkIn(ProxyCheckIn.java:68)
	at com.txxy.demo.proxy.ProxyCheckIn.checkIn(ProxyCheckIn.java:68)
	at com.txxy.demo.proxy.ProxyCheckIn.checkIn(ProxyCheckIn.java:68)
	at com.txxy.demo.proxy.ProxyCheckIn.checkIn(ProxyCheckIn.java:68)
	at com.txxy.demo.proxy.ProxyCheckIn.checkIn(ProxyCheckIn.java:68)
	at com.txxy.demo.proxy.ProxyCheckIn.checkIn(ProxyCheckIn.java:68)
	at com.txxy.demo.proxy.ProxyCheckIn.checkIn(ProxyCheckIn.java:68)
	at com.txxy.demo.proxy.ProxyCheckIn.checkIn(ProxyCheckIn.java:68)
	at com.txxy.demo.proxy.ProxyCheckIn.checkIn(ProxyCheckIn.java:68)
	at com.txxy.demo.proxy.ProxyCheckIn.checkIn(ProxyCheckIn.java:68)
	at com.txxy.demo.proxy.ProxyCheckIn.checkIn(ProxyCheckIn.java:68)
	at com.txxy.demo.proxy.ProxyCheckIn.checkIn(ProxyCheckIn.java:68)
	at com.txxy.demo.proxy.ProxyCheckIn.checkIn(ProxyCheckIn.java:68)
	at com.txxy.demo.proxy.ProxyCheckIn.checkIn(ProxyCheckIn.java:68)
	at com.txxy.demo.proxy.ProxyCheckIn.checkIn(ProxyCheckIn.java:68)
	at com.txxy.demo.proxy.ProxyCheckIn.checkIn(ProxyCheckIn.java:68)
	at com.txxy.demo.proxy.ProxyCheckIn.checkIn(ProxyCheckIn.java:68)
	at com.txxy.demo.proxy.ProxyCheckIn.checkIn(ProxyCheckIn.java:68)
	at com.txxy.demo.proxy.ProxyCheckIn.checkIn(ProxyCheckIn.java:68)
	at com.txxy.demo.proxy.ProxyCheckIn.checkIn(ProxyCheckIn.java:68)
	at com.txxy.demo.proxy.ProxyCheckIn.checkIn(ProxyCheckIn.java:68)
	at com.txxy.demo.proxy.ProxyCheckIn.checkIn(ProxyCheckIn.java:68)
	at com.txxy.demo.proxy.ProxyCheckIn.checkIn(ProxyCheckIn.java:68)
	at com.txxy.demo.proxy.ProxyCheckIn.checkIn(ProxyCheckIn.java:68)
	at com.txxy.demo.proxy.ProxyCheckIn.checkIn(ProxyCheckIn.java:68)
	at com.txxy.demo.proxy.ProxyCheckIn.checkIn(ProxyCheckIn.java:68)
	at com.txxy.demo.proxy.ProxyCheckIn.checkIn(ProxyCheckIn.java:68)
	at com.txxy.demo.proxy.ProxyCheckIn.checkIn(ProxyCheckIn.java:68)
	at com.txxy.demo.proxy.ProxyCheckIn.checkIn(ProxyCheckIn.java:68)
	at com.txxy.demo.proxy.ProxyCheckIn.checkIn(ProxyCheckIn.java:68)
	at com.txxy.demo.proxy.ProxyCheckIn.checkIn(ProxyCheckIn.java:68)
	at com.txxy.demo.proxy.ProxyCheckIn.checkIn(ProxyCheckIn.java:68)
	at com.txxy.demo.proxy.ProxyCheckIn.checkIn(ProxyCheckIn.java:68)
	at com.txxy.demo.proxy.ProxyCheckIn.checkIn(ProxyCheckIn.java:68)
	at com.txxy.demo.proxy.ProxyCheckIn.checkIn(ProxyCheckIn.java:68)
	at com.txxy.demo.proxy.ProxyCheckIn.checkIn(ProxyCheckIn.java:68)
	at com.txxy.demo.proxy.ProxyCheckIn.checkIn(ProxyCheckIn.java:68)
	at com.txxy.demo.proxy.ProxyCheckIn.checkIn(ProxyCheckIn.java:68)
	at com.txxy.demo.proxy.ProxyCheckIn.checkIn(ProxyCheckIn.java:68)
	at com.txxy.demo.proxy.ProxyCheckIn.checkIn(ProxyCheckIn.java:68)
	at com.txxy.demo.proxy.ProxyCheckIn.checkIn(ProxyCheckIn.java:68)
	at com.txxy.demo.proxy.ProxyCheckIn.checkIn(ProxyCheckIn.java:68)
	at com.txxy.demo.proxy.ProxyCheckIn.checkIn(ProxyCheckIn.java:68)
	at com.txxy.demo.proxy.ProxyCheckIn.checkIn(ProxyCheckIn.java:68)
	at com.txxy.demo.proxy.ProxyCheckIn.checkIn(ProxyCheckIn.java:68)
	at com.txxy.demo.proxy.ProxyCheckIn.checkIn(ProxyCheckIn.java:68)
	at com.txxy.demo.proxy.ProxyCheckIn.checkIn(ProxyCheckIn.java:68)
	at com.txxy.demo.proxy.ProxyCheckIn.checkIn(ProxyCheckIn.java:68)
	at com.txxy.demo.proxy.ProxyCheckIn.checkIn(ProxyCheckIn.java:68)
	at com.txxy.demo.proxy.ProxyCheckIn.checkIn(ProxyCheckIn.java:68)
	at com.txxy.demo.proxy.ProxyCheckIn.checkIn(ProxyCheckIn.java:68)
	at com.txxy.demo.proxy.ProxyCheckIn.checkIn(ProxyCheckIn.java:68)
	at com.txxy.demo.proxy.ProxyCheckIn.checkIn(ProxyCheckIn.java:68)
	at com.txxy.demo.proxy.ProxyCheckIn.checkIn(ProxyCheckIn.java:68)
	at com.txxy.demo.proxy.ProxyCheckIn.checkIn(ProxyCheckIn.java:68)
	at com.txxy.demo.proxy.ProxyCheckIn.checkIn(ProxyCheckIn.java:68)
	at com.txxy.demo.proxy.ProxyCheckIn.checkIn(ProxyCheckIn.java:68)
	at com.txxy.demo.proxy.ProxyCheckIn.checkIn(ProxyCheckIn.java:68)
	at com.txxy.demo.proxy.ProxyCheckIn.checkIn(ProxyCheckIn.java:68)
	at com.txxy.demo.proxy.ProxyCheckIn.checkIn(ProxyCheckIn.java:68)
	at com.txxy.demo.proxy.ProxyCheckIn.checkIn(ProxyCheckIn.java:68)
	at com.txxy.demo.proxy.ProxyCheckIn.checkIn(ProxyCheckIn.java:68)
	at com.txxy.demo.proxy.ProxyCheckIn.checkIn(ProxyCheckIn.java:68)
	at com.txxy.demo.proxy.ProxyCheckIn.checkIn(ProxyCheckIn.java:68)
	at com.txxy.demo.proxy.ProxyCheckIn.checkIn(ProxyCheckIn.java:68)
	at com.txxy.demo.proxy.ProxyCheckIn.checkIn(ProxyCheckIn.java:68)
	at com.txxy.demo.proxy.ProxyCheckIn.checkIn(ProxyCheckIn.java:68)
	at com.txxy.demo.proxy.ProxyCheckIn.checkIn(ProxyCheckIn.java:68)
	at com.txxy.demo.proxy.ProxyCheckIn.checkIn(ProxyCheckIn.java:68)
	at com.txxy.demo.proxy.ProxyCheckIn.checkIn(ProxyCheckIn.java:68)
	at com.txxy.demo.proxy.ProxyCheckIn.checkIn(ProxyCheckIn.java:68)
	at com.txxy.demo.proxy.ProxyCheckIn.checkIn(ProxyCheckIn.java:68)
	at com.txxy.demo.proxy.ProxyCheckIn.checkIn(ProxyCheckIn.java:68)
	at com.txxy.demo.proxy.ProxyCheckIn.checkIn(ProxyCheckIn.java:68)
	at com.txxy.demo.proxy.ProxyCheckIn.checkIn(ProxyCheckIn.java:68)
	at com.txxy.demo.proxy.ProxyCheckIn.checkIn(ProxyCheckIn.java:68)
	at com.txxy.demo.proxy.ProxyCheckIn.checkIn(ProxyCheckIn.java:68)
	at com.txxy.demo.proxy.ProxyCheckIn.checkIn(ProxyCheckIn.java:68)
	at com.txxy.demo.proxy.ProxyCheckIn.checkIn(ProxyCheckIn.java:68)
	at com.txxy.demo.proxy.ProxyCheckIn.checkIn(ProxyCheckIn.java:68)
	at com.txxy.demo.proxy.ProxyCheckIn.checkIn(ProxyCheckIn.java:68)
	at com.txxy.demo.proxy.ProxyCheckIn.checkIn(ProxyCheckIn.java:68)
	at com.txxy.demo.proxy.ProxyCheckIn.checkIn(ProxyCheckIn.java:68)
	at com.txxy.demo.proxy.ProxyCheckIn.checkIn(ProxyCheckIn.java:68)
	at com.txxy.demo.proxy.ProxyCheckIn.checkIn(ProxyCheckIn.java:68)
	at com.txxy.demo.proxy.ProxyCheckIn.checkIn(ProxyCheckIn.java:68)
	at com.txxy.demo.proxy.ProxyCheckIn.checkIn(ProxyCheckIn.java:68)
	at com.txxy.demo.proxy.ProxyCheckIn.checkIn(ProxyCheckIn.java:68)
	at com.txxy.demo.proxy.ProxyCheckIn.checkIn(ProxyCheckIn.java:68)
	at com.txxy.demo.proxy.ProxyCheckIn.checkIn(ProxyCheckIn.java:68)
	at com.txxy.demo.proxy.ProxyCheckIn.checkIn(ProxyCheckIn.java:68)
	at com.txxy.demo.proxy.ProxyCheckIn.checkIn(ProxyCheckIn.java:68)
	at com.txxy.demo.proxy.ProxyCheckIn.checkIn(ProxyCheckIn.java:68)
	at com.txxy.demo.proxy.ProxyCheckIn.checkIn(ProxyCheckIn.java:68)
	at com.txxy.demo.proxy.ProxyCheckIn.checkIn(ProxyCheckIn.java:68)
	at com.txxy.demo.proxy.ProxyCheckIn.checkIn(ProxyCheckIn.java:68)
	at com.txxy.demo.proxy.ProxyCheckIn.checkIn(ProxyCheckIn.java:68)
	at com.txxy.demo.proxy.ProxyCheckIn.checkIn(ProxyCheckIn.java:68)
	at com.txxy.demo.proxy.ProxyCheckIn.checkIn(ProxyCheckIn.java:68)
	at com.txxy.demo.proxy.ProxyCheckIn.checkIn(ProxyCheckIn.java:68)
	at com.txxy.demo.proxy.ProxyCheckIn.checkIn(ProxyCheckIn.java:68)
	at com.txxy.demo.proxy.ProxyCheckIn.checkIn(ProxyCheckIn.java:68)
	at com.txxy.demo.proxy.ProxyCheckIn.checkIn(ProxyCheckIn.java:68)
	at com.txxy.demo.proxy.ProxyCheckIn.checkIn(ProxyCheckIn.java:68)
	at com.txxy.demo.proxy.ProxyCheckIn.checkIn(ProxyCheckIn.java:68)
	at com.txxy.demo.proxy.ProxyCheckIn.checkIn(ProxyCheckIn.java:68)
	at com.txxy.demo.proxy.ProxyCheckIn.checkIn(ProxyCheckIn.java:68)
	at com.txxy.demo.proxy.ProxyCheckIn.checkIn(ProxyCheckIn.java:68)
	at com.txxy.demo.proxy.ProxyCheckIn.checkIn(ProxyCheckIn.java:68)
	at com.txxy.demo.proxy.ProxyCheckIn.checkIn(ProxyCheckIn.java:68)
	at com.txxy.demo.proxy.ProxyCheckIn.checkIn(ProxyCheckIn.java:68)
	at com.txxy.demo.proxy.ProxyCheckIn.checkIn(ProxyCheckIn.java:68)
	at com.txxy.demo.proxy.ProxyCheckIn.checkIn(ProxyCheckIn.java:68)
	at com.txxy.demo.proxy.ProxyCheckIn.checkIn(ProxyCheckIn.java:68)
	at com.txxy.demo.proxy.ProxyCheckIn.checkIn(ProxyCheckIn.java:68)
	at com.txxy.demo.proxy.ProxyCheckIn.checkIn(ProxyCheckIn.java:68)
	at com.txxy.demo.proxy.ProxyCheckIn.checkIn(ProxyCheckIn.java:68)
	at com.txxy.demo.proxy.ProxyCheckIn.checkIn(ProxyCheckIn.java:68)
2023-08-15 10:29:06.117 [main] INFO  DemoApplication:55 - Starting DemoApplication v0.0.1-SNAPSHOT using Java 1.8.0_131 on DESKTOP-TSJ794A with PID 3940 (H:\zengch\demo-0.0.1-SNAPSHOT.jar started by LXM in C:\ProgramData\Microsoft\Windows\Start Menu\Programs\StartUp)
2023-08-15 10:29:06.117 [main] INFO  DemoApplication:659 - No active profile set, falling back to default profiles: default
2023-08-15 10:29:07.523 [main] INFO  TomcatWebServer:108 - Tomcat initialized with port(s): 8082 (http)
2023-08-15 10:29:07.539 [main] INFO  Http11NioProtocol:173 - Initializing ProtocolHandler ["http-nio-8082"]
2023-08-15 10:29:07.539 [main] INFO  StandardService:173 - Starting service [Tomcat]
2023-08-15 10:29:07.539 [main] INFO  StandardEngine:173 - Starting Servlet engine: [Apache Tomcat/9.0.48]
2023-08-15 10:29:07.633 [main] INFO  [/]:173 - Initializing Spring embedded WebApplicationContext
2023-08-15 10:29:07.633 [main] INFO  ServletWebServerApplicationContext:290 - Root WebApplicationContext: initialization completed in 1438 ms
2023-08-15 10:29:08.414 [main] INFO  WelcomePageHandlerMapping:57 - Adding welcome page template: index
2023-08-15 10:29:08.508 [main] INFO  Http11NioProtocol:173 - Starting ProtocolHandler ["http-nio-8082"]
2023-08-15 10:29:08.539 [main] INFO  TomcatWebServer:220 - Tomcat started on port(s): 8082 (http) with context path ''
2023-08-15 10:29:08.554 [main] INFO  DemoApplication:61 - Started DemoApplication in 2.96 seconds (JVM running for 3.435)
2023-08-15 14:46:37.365 [main] INFO  DemoApplication:55 - Starting DemoApplication using Java 1.8.0_131 on DESKTOP-TSJ794A with PID 7336 (G:\idea-project\demo\target\classes started by LXM in G:\idea-project\demo)
2023-08-15 14:46:37.368 [main] INFO  DemoApplication:659 - No active profile set, falling back to default profiles: default
2023-08-15 14:46:39.309 [main] INFO  TomcatWebServer:108 - Tomcat initialized with port(s): 8082 (http)
2023-08-15 14:46:39.328 [main] INFO  Http11NioProtocol:173 - Initializing ProtocolHandler ["http-nio-8082"]
2023-08-15 14:46:39.329 [main] INFO  StandardService:173 - Starting service [Tomcat]
2023-08-15 14:46:39.330 [main] INFO  StandardEngine:173 - Starting Servlet engine: [Apache Tomcat/9.0.48]
2023-08-15 14:46:39.585 [main] INFO  [/]:173 - Initializing Spring embedded WebApplicationContext
2023-08-15 14:46:39.586 [main] INFO  ServletWebServerApplicationContext:290 - Root WebApplicationContext: initialization completed in 2152 ms
2023-08-15 14:46:45.035 [main] INFO  WelcomePageHandlerMapping:57 - Adding welcome page template: index
2023-08-15 14:46:45.733 [main] INFO  Http11NioProtocol:173 - Starting ProtocolHandler ["http-nio-8082"]
2023-08-15 14:46:45.768 [main] INFO  TomcatWebServer:220 - Tomcat started on port(s): 8082 (http) with context path ''
2023-08-15 14:46:45.788 [main] INFO  DemoApplication:61 - Started DemoApplication in 9.189 seconds (JVM running for 10.975)
2023-08-15 14:51:44.883 [http-nio-8082-exec-1] INFO  [/]:173 - Initializing Spring DispatcherServlet 'dispatcherServlet'
2023-08-15 14:51:44.884 [http-nio-8082-exec-1] INFO  DispatcherServlet:525 - Initializing Servlet 'dispatcherServlet'
2023-08-15 14:51:44.885 [http-nio-8082-exec-1] INFO  DispatcherServlet:547 - Completed initialization in 1 ms
2023-08-15 14:53:08.228 [main] INFO  DemoApplication:55 - Starting DemoApplication using Java 1.8.0_131 on DESKTOP-TSJ794A with PID 12200 (G:\idea-project\demo\target\classes started by LXM in G:\idea-project\demo)
2023-08-15 14:53:08.232 [main] INFO  DemoApplication:659 - No active profile set, falling back to default profiles: default
2023-08-15 14:53:09.704 [main] INFO  TomcatWebServer:108 - Tomcat initialized with port(s): 8082 (http)
2023-08-15 14:53:09.723 [main] INFO  Http11NioProtocol:173 - Initializing ProtocolHandler ["http-nio-8082"]
2023-08-15 14:53:09.724 [main] INFO  StandardService:173 - Starting service [Tomcat]
2023-08-15 14:53:09.724 [main] INFO  StandardEngine:173 - Starting Servlet engine: [Apache Tomcat/9.0.48]
2023-08-15 14:53:09.836 [main] INFO  [/]:173 - Initializing Spring embedded WebApplicationContext
2023-08-15 14:53:09.836 [main] INFO  ServletWebServerApplicationContext:290 - Root WebApplicationContext: initialization completed in 1524 ms
2023-08-15 14:53:10.958 [main] INFO  WelcomePageHandlerMapping:57 - Adding welcome page template: index
2023-08-15 14:53:11.131 [main] INFO  Http11NioProtocol:173 - Starting ProtocolHandler ["http-nio-8082"]
2023-08-15 14:53:11.161 [main] INFO  TomcatWebServer:220 - Tomcat started on port(s): 8082 (http) with context path ''
2023-08-15 14:53:11.182 [main] INFO  DemoApplication:61 - Started DemoApplication in 3.738 seconds (JVM running for 4.476)
2023-08-15 14:53:29.588 [http-nio-8082-exec-1] INFO  [/]:173 - Initializing Spring DispatcherServlet 'dispatcherServlet'
2023-08-15 14:53:29.588 [http-nio-8082-exec-1] INFO  DispatcherServlet:525 - Initializing Servlet 'dispatcherServlet'
2023-08-15 14:53:29.589 [http-nio-8082-exec-1] INFO  DispatcherServlet:547 - Completed initialization in 1 ms
