2022-01-28 15:11:25.378 [main] INFO  DemoApplicationTests:55 - Starting DemoApplicationTests using Java 1.8.0_291 on zengchao with PID 360420 (started by zengch in E:\project\demo)
2022-01-28 15:11:25.457 [main] INFO  DemoApplicationTests:659 - No active profile set, falling back to default profiles: default
2022-01-28 15:11:29.262 [main] INFO  WelcomePageHandlerMapping:57 - Adding welcome page template: index
2022-01-28 15:11:29.592 [main] INFO  DemoApplicationTests:61 - Started DemoApplicationTests in 4.989 seconds (JVM running for 7.393)
2022-01-28 15:12:32.423 [main] INFO  Attendance:68 - h7nirkrrrsf61cbpsur8um2v91,3df75722
2022-01-28 15:12:49.739 [main] INFO  Attendance:120 - responseEntity：<200,<!DOCTYPE html>
<!--[if IE 6 ]> <html class="ie6 lte_ie6 lte_ie7 lte_ie8 lte_ie9"> <![endif]--> 
<!--[if lte IE 6 ]> <html class="lte_ie6 lte_ie7 lte_ie8 lte_ie9"> <![endif]--> 
<!--[if lte IE 7 ]> <html class="lte_ie7 lte_ie8 lte_ie9"> <![endif]--> 
<!--[if lte IE 8 ]> <html class="lte_ie8 lte_ie9"> <![endif]--> 
<!--[if lte IE 9 ]> <html class="lte_ie9"> <![endif]--> 
<!--[if (gte IE 10)|!(IE)]><!--><html><!--<![endif]-->
 <head>
    <meta http-equiv="Content-Type" content="text/html; charset=gbk" />
    <meta name="renderer" content="webkit">
    <meta http-equiv="X-UA-Compatible" content="IE=10,chrome=1" />
	<meta name="viewport" content="width=device-width, initial-scale=1.0, user-scalable=0, minimum-scale=1.0, maximum-scale=1.0">
    <title>上下班登记</title>
    <link rel="stylesheet" type="text/css" href="/static/theme/13/style.css?20190719" />
    <!--[if lte IE 8]>
        <script type="text/javascript" src="/static/js/ccorrect_btn.js"></script>
    <![endif]-->
    
    <link rel="stylesheet" type="text/css" href="/static/js/bootstrap/css/bootstrap.css?2020">
<script>
var watermark_config = '[]';
if(typeof watermark_config == 'string' && watermark_config != ''){
	watermark_config = JSON.parse(watermark_config)
}
window.watermark_config = watermark_config
</script>
<script type="text/javascript" src="/static/js/watermark/watermark.js"></script>
<script type="text/javascript" src="/static/js/watermark/index.js" charset="utf-8"></script>
<!-- <script src="/static/js/ba/agent.js" type="text/javascript"></script> -->
<script type="text/javascript" >
   var MYOA_JS_SERVER = "";
   var MYOA_STATIC_SERVER = "";
   window._td_ba && window._td_ba.server && (window._td_ba.server.guid = '{AE1D0C25-9BD4-96B0-C227-262D7249EF95}');
</script>
</head>




<link rel="stylesheet" type="text/css" href="/static/modules/attendance/personal/common.css">
<script language="JavaScript">
function remark(REGISTER_TYPE,REGISTER_TIME)
{
    URL="remark.php?REGISTER_TYPE="+REGISTER_TYPE+"&REGISTER_TIME="+REGISTER_TIME;
    myleft=(screen.availWidth-650)/2;
    window.open(URL,"formul_edit","height=400,width=650,status=0,toolbar=no,menubar=no,location=no,scrollbars=no,top=150,left="+myleft+",resizable=yes");
}
</script>
<body class="bodycolor attendance ">


<!----  正常班上下班登记 ---->
<h5 class="attendance-title">
    今日上下班登记(正常班当前时间：<span id="timetable"></span>)<br>
    <SCRIPT LANGUAGE="JavaScript">
                var OA_TIME1 = new Date(2022,0,28,15,12,51);
        function get_time()
        {
            window.setTimeout( "get_time()", 1000 );

            timestr=OA_TIME1.toLocaleString();
            document.getElementById("timetable").innerHTML=timestr;
            OA_TIME1.setSeconds(OA_TIME1.getSeconds()+1);
        }
        get_time();

    </SCRIPT>
</h5>
<table class="table table-bordered table-hover" align="center" style="margin-top:10px;">
<thead>
    <tr class="">
        <th nowrap style="text-align: center;">登记次序</th>
        <th nowrap style="text-align: center;">登记类型</th>
        <th nowrap style="text-align: center;">规定时间</th>
        <th nowrap style="text-align: center;">规定范围</th>
        <th nowrap style="text-align: center;">登记时间</th>
        <th nowrap style="text-align: center;">操作</th>
    </tr>
</thead>
            <tr class="">
            <td nowrap style="text-align: center;">第1次登记</td>
            <td nowrap style="text-align: center;">上班签到</td>
            <td nowrap style="text-align: center;">09:00:00</td>
            <td nowrap style="text-align: center;">08:00:00至17:20:00</td>
            <td nowrap style="text-align: center;">08:00:28</td>
            <td nowrap style="text-align: center;">
                已考勤                    <a href="javascript:remark('1','2022-01-28 08:00:28');">备注</a>
                                </td>
        </tr>
                <tr class="">
            <td nowrap style="text-align: center;">第2次登记</td>
            <td nowrap style="text-align: center;">下班签退</td>
            <td nowrap style="text-align: center;">18:30:00</td>
            <td nowrap style="text-align: center;">17:29:00至18:35:00</td>
            <td nowrap style="text-align: center;">15:12:50 <span class=big4>早退</span></td>
            <td nowrap style="text-align: center;">
                已考勤                    <a href="javascript:remark('2','2022-01-28 15:12:50');">备注</a>
                                            <a href="submit.php?REGISTER_TYPE=2&USER_DUTP=1&IDEN=0&stat_time=&end_time=2022-01-28 18:35:00">重新登记</a>
                                    </td>
        </tr>
        </table>
<span style="color: #ff2f19;margin-left: 15px;">
说明：1.上下班登记异常时，请到“上下班记录”填写异常说明</span>
</body>
</html>,[Server:"nginx", Date:"Fri, 28 Jan 2022 07:12:50 GMT", Content-Type:"text/html; charset=gbk", Transfer-Encoding:"chunked", Connection:"keep-alive", Vary:"Accept-Encoding", Expires:"Thu, 19 Nov 1981 08:52:00 GMT", Cache-Control:"no-store, no-cache, must-revalidate, post-check=0, pre-check=0", Pragma:"no-cache", X-UA-Compatible:"IE=10", renderer:"webkit", X-Frame-Options:"SAMEORIGIN"]>
2022-01-28 15:12:51.003 [main] INFO  Attendance:68 - 0c6pn0dg5bn9mfc610lsq4trb6,43fc4dc2
