2021-10-27 16:26:10.875 [main] INFO  DemoApplication:55 - Starting DemoApplication using Java 1.8.0_291 on zengchao with PID 114324 (E:\project\demo\target\classes started by zengch in E:\project\demo)
2021-10-27 16:26:10.899 [main] INFO  DemoApplication:659 - No active profile set, falling back to default profiles: default
2021-10-27 16:26:12.753 [main] INFO  TomcatWebServer:108 - Tomcat initialized with port(s): 8081 (http)
2021-10-27 16:26:12.761 [main] INFO  Http11NioProtocol:173 - Initializing ProtocolHandler ["http-nio-8081"]
2021-10-27 16:26:12.761 [main] INFO  StandardService:173 - Starting service [Tomcat]
2021-10-27 16:26:12.762 [main] INFO  StandardEngine:173 - Starting Servlet engine: [Apache Tomcat/9.0.48]
2021-10-27 16:26:12.889 [main] INFO  [/]:173 - Initializing Spring embedded WebApplicationContext
2021-10-27 16:26:12.890 [main] INFO  ServletWebServerApplicationContext:290 - Root WebApplicationContext: initialization completed in 1762 ms
2021-10-27 16:26:13.687 [main] INFO  WelcomePageHandlerMapping:57 - Adding welcome page template: index
2021-10-27 16:26:13.787 [main] INFO  Http11NioProtocol:173 - Starting ProtocolHandler ["http-nio-8081"]
2021-10-27 16:26:13.801 [main] INFO  TomcatWebServer:220 - Tomcat started on port(s): 8081 (http) with context path ''
2021-10-27 16:26:13.815 [main] INFO  DemoApplication:61 - Started DemoApplication in 4.272 seconds (JVM running for 5.008)
2021-10-27 16:35:08.741 [main] INFO  DemoApplication:55 - Starting DemoApplication using Java 1.8.0_291 on zengchao with PID 122636 (E:\project\demo\target\classes started by zengch in E:\project\demo)
2021-10-27 16:35:08.743 [main] INFO  DemoApplication:659 - No active profile set, falling back to default profiles: default
2021-10-27 16:35:09.586 [main] INFO  TomcatWebServer:108 - Tomcat initialized with port(s): 8081 (http)
2021-10-27 16:35:09.596 [main] INFO  Http11NioProtocol:173 - Initializing ProtocolHandler ["http-nio-8081"]
2021-10-27 16:35:09.597 [main] INFO  StandardService:173 - Starting service [Tomcat]
2021-10-27 16:35:09.597 [main] INFO  StandardEngine:173 - Starting Servlet engine: [Apache Tomcat/9.0.48]
2021-10-27 16:35:09.705 [main] INFO  [/]:173 - Initializing Spring embedded WebApplicationContext
2021-10-27 16:35:09.705 [main] INFO  ServletWebServerApplicationContext:290 - Root WebApplicationContext: initialization completed in 924 ms
2021-10-27 16:35:10.258 [main] INFO  WelcomePageHandlerMapping:57 - Adding welcome page template: index
2021-10-27 16:35:10.344 [main] INFO  Http11NioProtocol:173 - Starting ProtocolHandler ["http-nio-8081"]
2021-10-27 16:35:10.357 [main] INFO  TomcatWebServer:220 - Tomcat started on port(s): 8081 (http) with context path ''
2021-10-27 16:35:10.368 [main] INFO  DemoApplication:61 - Started DemoApplication in 2.008 seconds (JVM running for 2.394)
2021-10-27 16:36:39.688 [main] INFO  DemoApplication:55 - Starting DemoApplication using Java 1.8.0_291 on zengchao with PID 218752 (E:\project\demo\target\classes started by zengch in E:\project\demo)
2021-10-27 16:36:39.690 [main] INFO  DemoApplication:659 - No active profile set, falling back to default profiles: default
2021-10-27 16:36:40.465 [main] INFO  TomcatWebServer:108 - Tomcat initialized with port(s): 8081 (http)
2021-10-27 16:36:40.474 [main] INFO  Http11NioProtocol:173 - Initializing ProtocolHandler ["http-nio-8081"]
2021-10-27 16:36:40.474 [main] INFO  StandardService:173 - Starting service [Tomcat]
2021-10-27 16:36:40.475 [main] INFO  StandardEngine:173 - Starting Servlet engine: [Apache Tomcat/9.0.48]
2021-10-27 16:36:40.589 [main] INFO  [/]:173 - Initializing Spring embedded WebApplicationContext
2021-10-27 16:36:40.589 [main] INFO  ServletWebServerApplicationContext:290 - Root WebApplicationContext: initialization completed in 867 ms
2021-10-27 16:36:41.179 [main] INFO  WelcomePageHandlerMapping:57 - Adding welcome page template: index
2021-10-27 16:36:41.253 [main] INFO  Http11NioProtocol:173 - Starting ProtocolHandler ["http-nio-8081"]
2021-10-27 16:36:41.266 [main] INFO  TomcatWebServer:220 - Tomcat started on port(s): 8081 (http) with context path ''
2021-10-27 16:36:41.276 [main] INFO  DemoApplication:61 - Started DemoApplication in 1.967 seconds (JVM running for 2.347)
2021-10-27 16:37:48.472 [main] INFO  DemoApplication:55 - Starting DemoApplication using Java 1.8.0_291 on zengchao with PID 165500 (E:\project\demo\target\classes started by zengch in E:\project\demo)
2021-10-27 16:37:48.474 [main] INFO  DemoApplication:659 - No active profile set, falling back to default profiles: default
2021-10-27 16:37:49.248 [main] INFO  TomcatWebServer:108 - Tomcat initialized with port(s): 8081 (http)
2021-10-27 16:37:49.257 [main] INFO  Http11NioProtocol:173 - Initializing ProtocolHandler ["http-nio-8081"]
2021-10-27 16:37:49.258 [main] INFO  StandardService:173 - Starting service [Tomcat]
2021-10-27 16:37:49.258 [main] INFO  StandardEngine:173 - Starting Servlet engine: [Apache Tomcat/9.0.48]
2021-10-27 16:37:49.363 [main] INFO  [/]:173 - Initializing Spring embedded WebApplicationContext
2021-10-27 16:37:49.363 [main] INFO  ServletWebServerApplicationContext:290 - Root WebApplicationContext: initialization completed in 851 ms
2021-10-27 16:37:49.905 [main] INFO  WelcomePageHandlerMapping:57 - Adding welcome page template: index
2021-10-27 16:37:49.986 [main] INFO  Http11NioProtocol:173 - Starting ProtocolHandler ["http-nio-8081"]
2021-10-27 16:37:50.003 [main] INFO  TomcatWebServer:220 - Tomcat started on port(s): 8081 (http) with context path ''
2021-10-27 16:37:50.012 [main] INFO  DemoApplication:61 - Started DemoApplication in 1.934 seconds (JVM running for 2.374)
2021-10-27 16:40:27.906 [main] INFO  DemoApplication:55 - Starting DemoApplication using Java 1.8.0_291 on zengchao with PID 281320 (E:\project\demo\target\classes started by zengch in E:\project\demo)
2021-10-27 16:40:27.908 [main] INFO  DemoApplication:659 - No active profile set, falling back to default profiles: default
2021-10-27 16:40:28.745 [main] INFO  TomcatWebServer:108 - Tomcat initialized with port(s): 8081 (http)
2021-10-27 16:40:28.755 [main] INFO  Http11NioProtocol:173 - Initializing ProtocolHandler ["http-nio-8081"]
2021-10-27 16:40:28.755 [main] INFO  StandardService:173 - Starting service [Tomcat]
2021-10-27 16:40:28.756 [main] INFO  StandardEngine:173 - Starting Servlet engine: [Apache Tomcat/9.0.48]
2021-10-27 16:40:28.858 [main] INFO  [/]:173 - Initializing Spring embedded WebApplicationContext
2021-10-27 16:40:28.859 [main] INFO  ServletWebServerApplicationContext:290 - Root WebApplicationContext: initialization completed in 913 ms
2021-10-27 16:40:29.412 [main] INFO  WelcomePageHandlerMapping:57 - Adding welcome page template: index
2021-10-27 16:40:29.500 [main] INFO  Http11NioProtocol:173 - Starting ProtocolHandler ["http-nio-8081"]
2021-10-27 16:40:29.517 [main] INFO  TomcatWebServer:220 - Tomcat started on port(s): 8081 (http) with context path ''
2021-10-27 16:40:29.529 [main] INFO  DemoApplication:61 - Started DemoApplication in 2.023 seconds (JVM running for 2.417)
