2023-08-15 10:22:24.038 [scheduling-1] ERROR TaskUtils$LoggingErrorHandler:95 - Unexpected error occurred in scheduled task
java.lang.StackOverflowError: null
	at org.apache.http.util.ByteArrayBuffer.<init>(ByteArrayBuffer.java:52)
	at org.apache.http.impl.io.SessionInputBufferImpl.<init>(SessionInputBufferImpl.java:102)
	at org.apache.http.impl.BHttpConnectionBase.<init>(BHttpConnectionBase.java:114)
	at org.apache.http.impl.DefaultBHttpClientConnection.<init>(DefaultBHttpClientConnection.java:95)
	at org.apache.http.impl.conn.DefaultManagedHttpClientConnection.<init>(DefaultManagedHttpClientConnection.java:74)
	at org.apache.http.impl.conn.LoggingManagedHttpClientConnection.<init>(LoggingManagedHttpClientConnection.java:66)
	at org.apache.http.impl.conn.ManagedHttpClientConnectionFactory.create(ManagedHttpClientConnectionFactory.java:127)
	at org.apache.http.impl.conn.ManagedHttpClientConnectionFactory.create(ManagedHttpClientConnectionFactory.java:57)
	at org.apache.http.impl.conn.PoolingHttpClientConnectionManager$InternalConnectionFactory.create(PoolingHttpClientConnectionManager.java:619)
	at org.apache.http.impl.conn.PoolingHttpClientConnectionManager$InternalConnectionFactory.create(PoolingHttpClientConnectionManager.java:590)
	at org.apache.http.pool.AbstractConnPool.getPoolEntryBlocking(AbstractConnPool.java:379)
	at org.apache.http.pool.AbstractConnPool.access$300(AbstractConnPool.java:70)
	at org.apache.http.pool.AbstractConnPool$2.get(AbstractConnPool.java:253)
	at org.apache.http.pool.AbstractConnPool$2.get(AbstractConnPool.java:198)
	at org.apache.http.impl.conn.PoolingHttpClientConnectionManager.leaseConnection(PoolingHttpClientConnectionManager.java:303)
	at org.apache.http.impl.conn.PoolingHttpClientConnectionManager$1.get(PoolingHttpClientConnectionManager.java:279)
	at org.apache.http.impl.execchain.MainClientExec.execute(MainClientExec.java:191)
	at org.apache.http.impl.execchain.ProtocolExec.execute(ProtocolExec.java:185)
	at org.apache.http.impl.execchain.RetryExec.execute(RetryExec.java:89)
	at org.apache.http.impl.execchain.RedirectExec.execute(RedirectExec.java:111)
	at org.apache.http.impl.client.InternalHttpClient.doExecute(InternalHttpClient.java:185)
	at org.apache.http.impl.client.CloseableHttpClient.execute(CloseableHttpClient.java:83)
	at org.apache.http.impl.client.CloseableHttpClient.execute(CloseableHttpClient.java:56)
	at org.springframework.http.client.HttpComponentsClientHttpRequest.executeInternal(HttpComponentsClientHttpRequest.java:87)
	at org.springframework.http.client.AbstractBufferingClientHttpRequest.executeInternal(AbstractBufferingClientHttpRequest.java:48)
	at org.springframework.http.client.AbstractClientHttpRequest.execute(AbstractClientHttpRequest.java:66)
	at org.springframework.web.client.RestTemplate.doExecute(RestTemplate.java:776)
	at org.springframework.web.client.RestTemplate.execute(RestTemplate.java:711)
	at org.springframework.web.client.RestTemplate.exchange(RestTemplate.java:602)
	at com.txxy.demo.proxy.ProxyCheckIn.checkIn(ProxyCheckIn.java:41)
	at com.txxy.demo.proxy.ProxyCheckIn.checkIn(ProxyCheckIn.java:68)
	at com.txxy.demo.proxy.ProxyCheckIn.checkIn(ProxyCheckIn.java:68)
	at com.txxy.demo.proxy.ProxyCheckIn.checkIn(ProxyCheckIn.java:68)
	at com.txxy.demo.proxy.ProxyCheckIn.checkIn(ProxyCheckIn.java:68)
	at com.txxy.demo.proxy.ProxyCheckIn.checkIn(ProxyCheckIn.java:68)
	at com.txxy.demo.proxy.ProxyCheckIn.checkIn(ProxyCheckIn.java:68)
	at com.txxy.demo.proxy.ProxyCheckIn.checkIn(ProxyCheckIn.java:68)
	at com.txxy.demo.proxy.ProxyCheckIn.checkIn(ProxyCheckIn.java:68)
	at com.txxy.demo.proxy.ProxyCheckIn.checkIn(ProxyCheckIn.java:68)
	at com.txxy.demo.proxy.ProxyCheckIn.checkIn(ProxyCheckIn.java:68)
	at com.txxy.demo.proxy.ProxyCheckIn.checkIn(ProxyCheckIn.java:68)
	at com.txxy.demo.proxy.ProxyCheckIn.checkIn(ProxyCheckIn.java:68)
	at com.txxy.demo.proxy.ProxyCheckIn.checkIn(ProxyCheckIn.java:68)
	at com.txxy.demo.proxy.ProxyCheckIn.checkIn(ProxyCheckIn.java:68)
	at com.txxy.demo.proxy.ProxyCheckIn.checkIn(ProxyCheckIn.java:68)
	at com.txxy.demo.proxy.ProxyCheckIn.checkIn(ProxyCheckIn.java:68)
	at com.txxy.demo.proxy.ProxyCheckIn.checkIn(ProxyCheckIn.java:68)
	at com.txxy.demo.proxy.ProxyCheckIn.checkIn(ProxyCheckIn.java:68)
	at com.txxy.demo.proxy.ProxyCheckIn.checkIn(ProxyCheckIn.java:68)
	at com.txxy.demo.proxy.ProxyCheckIn.checkIn(ProxyCheckIn.java:68)
	at com.txxy.demo.proxy.ProxyCheckIn.checkIn(ProxyCheckIn.java:68)
	at com.txxy.demo.proxy.ProxyCheckIn.checkIn(ProxyCheckIn.java:68)
	at com.txxy.demo.proxy.ProxyCheckIn.checkIn(ProxyCheckIn.java:68)
	at com.txxy.demo.proxy.ProxyCheckIn.checkIn(ProxyCheckIn.java:68)
	at com.txxy.demo.proxy.ProxyCheckIn.checkIn(ProxyCheckIn.java:68)
	at com.txxy.demo.proxy.ProxyCheckIn.checkIn(ProxyCheckIn.java:68)
	at com.txxy.demo.proxy.ProxyCheckIn.checkIn(ProxyCheckIn.java:68)
	at com.txxy.demo.proxy.ProxyCheckIn.checkIn(ProxyCheckIn.java:68)
	at com.txxy.demo.proxy.ProxyCheckIn.checkIn(ProxyCheckIn.java:68)
	at com.txxy.demo.proxy.ProxyCheckIn.checkIn(ProxyCheckIn.java:68)
	at com.txxy.demo.proxy.ProxyCheckIn.checkIn(ProxyCheckIn.java:68)
	at com.txxy.demo.proxy.ProxyCheckIn.checkIn(ProxyCheckIn.java:68)
	at com.txxy.demo.proxy.ProxyCheckIn.checkIn(ProxyCheckIn.java:68)
	at com.txxy.demo.proxy.ProxyCheckIn.checkIn(ProxyCheckIn.java:68)
	at com.txxy.demo.proxy.ProxyCheckIn.checkIn(ProxyCheckIn.java:68)
	at com.txxy.demo.proxy.ProxyCheckIn.checkIn(ProxyCheckIn.java:68)
	at com.txxy.demo.proxy.ProxyCheckIn.checkIn(ProxyCheckIn.java:68)
	at com.txxy.demo.proxy.ProxyCheckIn.checkIn(ProxyCheckIn.java:68)
	at com.txxy.demo.proxy.ProxyCheckIn.checkIn(ProxyCheckIn.java:68)
	at com.txxy.demo.proxy.ProxyCheckIn.checkIn(ProxyCheckIn.java:68)
	at com.txxy.demo.proxy.ProxyCheckIn.checkIn(ProxyCheckIn.java:68)
	at com.txxy.demo.proxy.ProxyCheckIn.checkIn(ProxyCheckIn.java:68)
	at com.txxy.demo.proxy.ProxyCheckIn.checkIn(ProxyCheckIn.java:68)
	at com.txxy.demo.proxy.ProxyCheckIn.checkIn(ProxyCheckIn.java:68)
	at com.txxy.demo.proxy.ProxyCheckIn.checkIn(ProxyCheckIn.java:68)
	at com.txxy.demo.proxy.ProxyCheckIn.checkIn(ProxyCheckIn.java:68)
	at com.txxy.demo.proxy.ProxyCheckIn.checkIn(ProxyCheckIn.java:68)
	at com.txxy.demo.proxy.ProxyCheckIn.checkIn(ProxyCheckIn.java:68)
	at com.txxy.demo.proxy.ProxyCheckIn.checkIn(ProxyCheckIn.java:68)
	at com.txxy.demo.proxy.ProxyCheckIn.checkIn(ProxyCheckIn.java:68)
	at com.txxy.demo.proxy.ProxyCheckIn.checkIn(ProxyCheckIn.java:68)
	at com.txxy.demo.proxy.ProxyCheckIn.checkIn(ProxyCheckIn.java:68)
	at com.txxy.demo.proxy.ProxyCheckIn.checkIn(ProxyCheckIn.java:68)
	at com.txxy.demo.proxy.ProxyCheckIn.checkIn(ProxyCheckIn.java:68)
	at com.txxy.demo.proxy.ProxyCheckIn.checkIn(ProxyCheckIn.java:68)
	at com.txxy.demo.proxy.ProxyCheckIn.checkIn(ProxyCheckIn.java:68)
	at com.txxy.demo.proxy.ProxyCheckIn.checkIn(ProxyCheckIn.java:68)
	at com.txxy.demo.proxy.ProxyCheckIn.checkIn(ProxyCheckIn.java:68)
	at com.txxy.demo.proxy.ProxyCheckIn.checkIn(ProxyCheckIn.java:68)
	at com.txxy.demo.proxy.ProxyCheckIn.checkIn(ProxyCheckIn.java:68)
	at com.txxy.demo.proxy.ProxyCheckIn.checkIn(ProxyCheckIn.java:68)
	at com.txxy.demo.proxy.ProxyCheckIn.checkIn(ProxyCheckIn.java:68)
	at com.txxy.demo.proxy.ProxyCheckIn.checkIn(ProxyCheckIn.java:68)
	at com.txxy.demo.proxy.ProxyCheckIn.checkIn(ProxyCheckIn.java:68)
	at com.txxy.demo.proxy.ProxyCheckIn.checkIn(ProxyCheckIn.java:68)
	at com.txxy.demo.proxy.ProxyCheckIn.checkIn(ProxyCheckIn.java:68)
	at com.txxy.demo.proxy.ProxyCheckIn.checkIn(ProxyCheckIn.java:68)
	at com.txxy.demo.proxy.ProxyCheckIn.checkIn(ProxyCheckIn.java:68)
	at com.txxy.demo.proxy.ProxyCheckIn.checkIn(ProxyCheckIn.java:68)
	at com.txxy.demo.proxy.ProxyCheckIn.checkIn(ProxyCheckIn.java:68)
	at com.txxy.demo.proxy.ProxyCheckIn.checkIn(ProxyCheckIn.java:68)
	at com.txxy.demo.proxy.ProxyCheckIn.checkIn(ProxyCheckIn.java:68)
	at com.txxy.demo.proxy.ProxyCheckIn.checkIn(ProxyCheckIn.java:68)
	at com.txxy.demo.proxy.ProxyCheckIn.checkIn(ProxyCheckIn.java:68)
	at com.txxy.demo.proxy.ProxyCheckIn.checkIn(ProxyCheckIn.java:68)
	at com.txxy.demo.proxy.ProxyCheckIn.checkIn(ProxyCheckIn.java:68)
	at com.txxy.demo.proxy.ProxyCheckIn.checkIn(ProxyCheckIn.java:68)
	at com.txxy.demo.proxy.ProxyCheckIn.checkIn(ProxyCheckIn.java:68)
	at com.txxy.demo.proxy.ProxyCheckIn.checkIn(ProxyCheckIn.java:68)
	at com.txxy.demo.proxy.ProxyCheckIn.checkIn(ProxyCheckIn.java:68)
	at com.txxy.demo.proxy.ProxyCheckIn.checkIn(ProxyCheckIn.java:68)
	at com.txxy.demo.proxy.ProxyCheckIn.checkIn(ProxyCheckIn.java:68)
	at com.txxy.demo.proxy.ProxyCheckIn.checkIn(ProxyCheckIn.java:68)
	at com.txxy.demo.proxy.ProxyCheckIn.checkIn(ProxyCheckIn.java:68)
	at com.txxy.demo.proxy.ProxyCheckIn.checkIn(ProxyCheckIn.java:68)
	at com.txxy.demo.proxy.ProxyCheckIn.checkIn(ProxyCheckIn.java:68)
	at com.txxy.demo.proxy.ProxyCheckIn.checkIn(ProxyCheckIn.java:68)
	at com.txxy.demo.proxy.ProxyCheckIn.checkIn(ProxyCheckIn.java:68)
	at com.txxy.demo.proxy.ProxyCheckIn.checkIn(ProxyCheckIn.java:68)
	at com.txxy.demo.proxy.ProxyCheckIn.checkIn(ProxyCheckIn.java:68)
	at com.txxy.demo.proxy.ProxyCheckIn.checkIn(ProxyCheckIn.java:68)
	at com.txxy.demo.proxy.ProxyCheckIn.checkIn(ProxyCheckIn.java:68)
	at com.txxy.demo.proxy.ProxyCheckIn.checkIn(ProxyCheckIn.java:68)
	at com.txxy.demo.proxy.ProxyCheckIn.checkIn(ProxyCheckIn.java:68)
	at com.txxy.demo.proxy.ProxyCheckIn.checkIn(ProxyCheckIn.java:68)
	at com.txxy.demo.proxy.ProxyCheckIn.checkIn(ProxyCheckIn.java:68)
	at com.txxy.demo.proxy.ProxyCheckIn.checkIn(ProxyCheckIn.java:68)
	at com.txxy.demo.proxy.ProxyCheckIn.checkIn(ProxyCheckIn.java:68)
	at com.txxy.demo.proxy.ProxyCheckIn.checkIn(ProxyCheckIn.java:68)
	at com.txxy.demo.proxy.ProxyCheckIn.checkIn(ProxyCheckIn.java:68)
	at com.txxy.demo.proxy.ProxyCheckIn.checkIn(ProxyCheckIn.java:68)
	at com.txxy.demo.proxy.ProxyCheckIn.checkIn(ProxyCheckIn.java:68)
	at com.txxy.demo.proxy.ProxyCheckIn.checkIn(ProxyCheckIn.java:68)
	at com.txxy.demo.proxy.ProxyCheckIn.checkIn(ProxyCheckIn.java:68)
	at com.txxy.demo.proxy.ProxyCheckIn.checkIn(ProxyCheckIn.java:68)
	at com.txxy.demo.proxy.ProxyCheckIn.checkIn(ProxyCheckIn.java:68)
	at com.txxy.demo.proxy.ProxyCheckIn.checkIn(ProxyCheckIn.java:68)
	at com.txxy.demo.proxy.ProxyCheckIn.checkIn(ProxyCheckIn.java:68)
	at com.txxy.demo.proxy.ProxyCheckIn.checkIn(ProxyCheckIn.java:68)
	at com.txxy.demo.proxy.ProxyCheckIn.checkIn(ProxyCheckIn.java:68)
	at com.txxy.demo.proxy.ProxyCheckIn.checkIn(ProxyCheckIn.java:68)
	at com.txxy.demo.proxy.ProxyCheckIn.checkIn(ProxyCheckIn.java:68)
	at com.txxy.demo.proxy.ProxyCheckIn.checkIn(ProxyCheckIn.java:68)
	at com.txxy.demo.proxy.ProxyCheckIn.checkIn(ProxyCheckIn.java:68)
	at com.txxy.demo.proxy.ProxyCheckIn.checkIn(ProxyCheckIn.java:68)
	at com.txxy.demo.proxy.ProxyCheckIn.checkIn(ProxyCheckIn.java:68)
	at com.txxy.demo.proxy.ProxyCheckIn.checkIn(ProxyCheckIn.java:68)
	at com.txxy.demo.proxy.ProxyCheckIn.checkIn(ProxyCheckIn.java:68)
	at com.txxy.demo.proxy.ProxyCheckIn.checkIn(ProxyCheckIn.java:68)
	at com.txxy.demo.proxy.ProxyCheckIn.checkIn(ProxyCheckIn.java:68)
	at com.txxy.demo.proxy.ProxyCheckIn.checkIn(ProxyCheckIn.java:68)
	at com.txxy.demo.proxy.ProxyCheckIn.checkIn(ProxyCheckIn.java:68)
	at com.txxy.demo.proxy.ProxyCheckIn.checkIn(ProxyCheckIn.java:68)
	at com.txxy.demo.proxy.ProxyCheckIn.checkIn(ProxyCheckIn.java:68)
	at com.txxy.demo.proxy.ProxyCheckIn.checkIn(ProxyCheckIn.java:68)
	at com.txxy.demo.proxy.ProxyCheckIn.checkIn(ProxyCheckIn.java:68)
	at com.txxy.demo.proxy.ProxyCheckIn.checkIn(ProxyCheckIn.java:68)
	at com.txxy.demo.proxy.ProxyCheckIn.checkIn(ProxyCheckIn.java:68)
	at com.txxy.demo.proxy.ProxyCheckIn.checkIn(ProxyCheckIn.java:68)
	at com.txxy.demo.proxy.ProxyCheckIn.checkIn(ProxyCheckIn.java:68)
	at com.txxy.demo.proxy.ProxyCheckIn.checkIn(ProxyCheckIn.java:68)
	at com.txxy.demo.proxy.ProxyCheckIn.checkIn(ProxyCheckIn.java:68)
	at com.txxy.demo.proxy.ProxyCheckIn.checkIn(ProxyCheckIn.java:68)
	at com.txxy.demo.proxy.ProxyCheckIn.checkIn(ProxyCheckIn.java:68)
	at com.txxy.demo.proxy.ProxyCheckIn.checkIn(ProxyCheckIn.java:68)
	at com.txxy.demo.proxy.ProxyCheckIn.checkIn(ProxyCheckIn.java:68)
	at com.txxy.demo.proxy.ProxyCheckIn.checkIn(ProxyCheckIn.java:68)
	at com.txxy.demo.proxy.ProxyCheckIn.checkIn(ProxyCheckIn.java:68)
	at com.txxy.demo.proxy.ProxyCheckIn.checkIn(ProxyCheckIn.java:68)
	at com.txxy.demo.proxy.ProxyCheckIn.checkIn(ProxyCheckIn.java:68)
	at com.txxy.demo.proxy.ProxyCheckIn.checkIn(ProxyCheckIn.java:68)
	at com.txxy.demo.proxy.ProxyCheckIn.checkIn(ProxyCheckIn.java:68)
	at com.txxy.demo.proxy.ProxyCheckIn.checkIn(ProxyCheckIn.java:68)
	at com.txxy.demo.proxy.ProxyCheckIn.checkIn(ProxyCheckIn.java:68)
	at com.txxy.demo.proxy.ProxyCheckIn.checkIn(ProxyCheckIn.java:68)
	at com.txxy.demo.proxy.ProxyCheckIn.checkIn(ProxyCheckIn.java:68)
	at com.txxy.demo.proxy.ProxyCheckIn.checkIn(ProxyCheckIn.java:68)
	at com.txxy.demo.proxy.ProxyCheckIn.checkIn(ProxyCheckIn.java:68)
	at com.txxy.demo.proxy.ProxyCheckIn.checkIn(ProxyCheckIn.java:68)
	at com.txxy.demo.proxy.ProxyCheckIn.checkIn(ProxyCheckIn.java:68)
	at com.txxy.demo.proxy.ProxyCheckIn.checkIn(ProxyCheckIn.java:68)
	at com.txxy.demo.proxy.ProxyCheckIn.checkIn(ProxyCheckIn.java:68)
	at com.txxy.demo.proxy.ProxyCheckIn.checkIn(ProxyCheckIn.java:68)
	at com.txxy.demo.proxy.ProxyCheckIn.checkIn(ProxyCheckIn.java:68)
	at com.txxy.demo.proxy.ProxyCheckIn.checkIn(ProxyCheckIn.java:68)
	at com.txxy.demo.proxy.ProxyCheckIn.checkIn(ProxyCheckIn.java:68)
	at com.txxy.demo.proxy.ProxyCheckIn.checkIn(ProxyCheckIn.java:68)
	at com.txxy.demo.proxy.ProxyCheckIn.checkIn(ProxyCheckIn.java:68)
	at com.txxy.demo.proxy.ProxyCheckIn.checkIn(ProxyCheckIn.java:68)
	at com.txxy.demo.proxy.ProxyCheckIn.checkIn(ProxyCheckIn.java:68)
	at com.txxy.demo.proxy.ProxyCheckIn.checkIn(ProxyCheckIn.java:68)
	at com.txxy.demo.proxy.ProxyCheckIn.checkIn(ProxyCheckIn.java:68)
	at com.txxy.demo.proxy.ProxyCheckIn.checkIn(ProxyCheckIn.java:68)
	at com.txxy.demo.proxy.ProxyCheckIn.checkIn(ProxyCheckIn.java:68)
	at com.txxy.demo.proxy.ProxyCheckIn.checkIn(ProxyCheckIn.java:68)
	at com.txxy.demo.proxy.ProxyCheckIn.checkIn(ProxyCheckIn.java:68)
	at com.txxy.demo.proxy.ProxyCheckIn.checkIn(ProxyCheckIn.java:68)
	at com.txxy.demo.proxy.ProxyCheckIn.checkIn(ProxyCheckIn.java:68)
	at com.txxy.demo.proxy.ProxyCheckIn.checkIn(ProxyCheckIn.java:68)
	at com.txxy.demo.proxy.ProxyCheckIn.checkIn(ProxyCheckIn.java:68)
	at com.txxy.demo.proxy.ProxyCheckIn.checkIn(ProxyCheckIn.java:68)
	at com.txxy.demo.proxy.ProxyCheckIn.checkIn(ProxyCheckIn.java:68)
	at com.txxy.demo.proxy.ProxyCheckIn.checkIn(ProxyCheckIn.java:68)
	at com.txxy.demo.proxy.ProxyCheckIn.checkIn(ProxyCheckIn.java:68)
	at com.txxy.demo.proxy.ProxyCheckIn.checkIn(ProxyCheckIn.java:68)
	at com.txxy.demo.proxy.ProxyCheckIn.checkIn(ProxyCheckIn.java:68)
	at com.txxy.demo.proxy.ProxyCheckIn.checkIn(ProxyCheckIn.java:68)
	at com.txxy.demo.proxy.ProxyCheckIn.checkIn(ProxyCheckIn.java:68)
	at com.txxy.demo.proxy.ProxyCheckIn.checkIn(ProxyCheckIn.java:68)
	at com.txxy.demo.proxy.ProxyCheckIn.checkIn(ProxyCheckIn.java:68)
	at com.txxy.demo.proxy.ProxyCheckIn.checkIn(ProxyCheckIn.java:68)
	at com.txxy.demo.proxy.ProxyCheckIn.checkIn(ProxyCheckIn.java:68)
	at com.txxy.demo.proxy.ProxyCheckIn.checkIn(ProxyCheckIn.java:68)
	at com.txxy.demo.proxy.ProxyCheckIn.checkIn(ProxyCheckIn.java:68)
	at com.txxy.demo.proxy.ProxyCheckIn.checkIn(ProxyCheckIn.java:68)
	at com.txxy.demo.proxy.ProxyCheckIn.checkIn(ProxyCheckIn.java:68)
	at com.txxy.demo.proxy.ProxyCheckIn.checkIn(ProxyCheckIn.java:68)
	at com.txxy.demo.proxy.ProxyCheckIn.checkIn(ProxyCheckIn.java:68)
	at com.txxy.demo.proxy.ProxyCheckIn.checkIn(ProxyCheckIn.java:68)
	at com.txxy.demo.proxy.ProxyCheckIn.checkIn(ProxyCheckIn.java:68)
	at com.txxy.demo.proxy.ProxyCheckIn.checkIn(ProxyCheckIn.java:68)
	at com.txxy.demo.proxy.ProxyCheckIn.checkIn(ProxyCheckIn.java:68)
	at com.txxy.demo.proxy.ProxyCheckIn.checkIn(ProxyCheckIn.java:68)
	at com.txxy.demo.proxy.ProxyCheckIn.checkIn(ProxyCheckIn.java:68)
	at com.txxy.demo.proxy.ProxyCheckIn.checkIn(ProxyCheckIn.java:68)
	at com.txxy.demo.proxy.ProxyCheckIn.checkIn(ProxyCheckIn.java:68)
	at com.txxy.demo.proxy.ProxyCheckIn.checkIn(ProxyCheckIn.java:68)
	at com.txxy.demo.proxy.ProxyCheckIn.checkIn(ProxyCheckIn.java:68)
	at com.txxy.demo.proxy.ProxyCheckIn.checkIn(ProxyCheckIn.java:68)
	at com.txxy.demo.proxy.ProxyCheckIn.checkIn(ProxyCheckIn.java:68)
	at com.txxy.demo.proxy.ProxyCheckIn.checkIn(ProxyCheckIn.java:68)
	at com.txxy.demo.proxy.ProxyCheckIn.checkIn(ProxyCheckIn.java:68)
	at com.txxy.demo.proxy.ProxyCheckIn.checkIn(ProxyCheckIn.java:68)
	at com.txxy.demo.proxy.ProxyCheckIn.checkIn(ProxyCheckIn.java:68)
	at com.txxy.demo.proxy.ProxyCheckIn.checkIn(ProxyCheckIn.java:68)
	at com.txxy.demo.proxy.ProxyCheckIn.checkIn(ProxyCheckIn.java:68)
	at com.txxy.demo.proxy.ProxyCheckIn.checkIn(ProxyCheckIn.java:68)
	at com.txxy.demo.proxy.ProxyCheckIn.checkIn(ProxyCheckIn.java:68)
	at com.txxy.demo.proxy.ProxyCheckIn.checkIn(ProxyCheckIn.java:68)
	at com.txxy.demo.proxy.ProxyCheckIn.checkIn(ProxyCheckIn.java:68)
	at com.txxy.demo.proxy.ProxyCheckIn.checkIn(ProxyCheckIn.java:68)
	at com.txxy.demo.proxy.ProxyCheckIn.checkIn(ProxyCheckIn.java:68)
	at com.txxy.demo.proxy.ProxyCheckIn.checkIn(ProxyCheckIn.java:68)
	at com.txxy.demo.proxy.ProxyCheckIn.checkIn(ProxyCheckIn.java:68)
	at com.txxy.demo.proxy.ProxyCheckIn.checkIn(ProxyCheckIn.java:68)
	at com.txxy.demo.proxy.ProxyCheckIn.checkIn(ProxyCheckIn.java:68)
	at com.txxy.demo.proxy.ProxyCheckIn.checkIn(ProxyCheckIn.java:68)
	at com.txxy.demo.proxy.ProxyCheckIn.checkIn(ProxyCheckIn.java:68)
	at com.txxy.demo.proxy.ProxyCheckIn.checkIn(ProxyCheckIn.java:68)
	at com.txxy.demo.proxy.ProxyCheckIn.checkIn(ProxyCheckIn.java:68)
	at com.txxy.demo.proxy.ProxyCheckIn.checkIn(ProxyCheckIn.java:68)
	at com.txxy.demo.proxy.ProxyCheckIn.checkIn(ProxyCheckIn.java:68)
	at com.txxy.demo.proxy.ProxyCheckIn.checkIn(ProxyCheckIn.java:68)
	at com.txxy.demo.proxy.ProxyCheckIn.checkIn(ProxyCheckIn.java:68)
	at com.txxy.demo.proxy.ProxyCheckIn.checkIn(ProxyCheckIn.java:68)
	at com.txxy.demo.proxy.ProxyCheckIn.checkIn(ProxyCheckIn.java:68)
	at com.txxy.demo.proxy.ProxyCheckIn.checkIn(ProxyCheckIn.java:68)
	at com.txxy.demo.proxy.ProxyCheckIn.checkIn(ProxyCheckIn.java:68)
	at com.txxy.demo.proxy.ProxyCheckIn.checkIn(ProxyCheckIn.java:68)
	at com.txxy.demo.proxy.ProxyCheckIn.checkIn(ProxyCheckIn.java:68)
	at com.txxy.demo.proxy.ProxyCheckIn.checkIn(ProxyCheckIn.java:68)
	at com.txxy.demo.proxy.ProxyCheckIn.checkIn(ProxyCheckIn.java:68)
	at com.txxy.demo.proxy.ProxyCheckIn.checkIn(ProxyCheckIn.java:68)
	at com.txxy.demo.proxy.ProxyCheckIn.checkIn(ProxyCheckIn.java:68)
	at com.txxy.demo.proxy.ProxyCheckIn.checkIn(ProxyCheckIn.java:68)
	at com.txxy.demo.proxy.ProxyCheckIn.checkIn(ProxyCheckIn.java:68)
	at com.txxy.demo.proxy.ProxyCheckIn.checkIn(ProxyCheckIn.java:68)
	at com.txxy.demo.proxy.ProxyCheckIn.checkIn(ProxyCheckIn.java:68)
	at com.txxy.demo.proxy.ProxyCheckIn.checkIn(ProxyCheckIn.java:68)
	at com.txxy.demo.proxy.ProxyCheckIn.checkIn(ProxyCheckIn.java:68)
	at com.txxy.demo.proxy.ProxyCheckIn.checkIn(ProxyCheckIn.java:68)
	at com.txxy.demo.proxy.ProxyCheckIn.checkIn(ProxyCheckIn.java:68)
	at com.txxy.demo.proxy.ProxyCheckIn.checkIn(ProxyCheckIn.java:68)
	at com.txxy.demo.proxy.ProxyCheckIn.checkIn(ProxyCheckIn.java:68)
	at com.txxy.demo.proxy.ProxyCheckIn.checkIn(ProxyCheckIn.java:68)
	at com.txxy.demo.proxy.ProxyCheckIn.checkIn(ProxyCheckIn.java:68)
	at com.txxy.demo.proxy.ProxyCheckIn.checkIn(ProxyCheckIn.java:68)
	at com.txxy.demo.proxy.ProxyCheckIn.checkIn(ProxyCheckIn.java:68)
	at com.txxy.demo.proxy.ProxyCheckIn.checkIn(ProxyCheckIn.java:68)
	at com.txxy.demo.proxy.ProxyCheckIn.checkIn(ProxyCheckIn.java:68)
	at com.txxy.demo.proxy.ProxyCheckIn.checkIn(ProxyCheckIn.java:68)
	at com.txxy.demo.proxy.ProxyCheckIn.checkIn(ProxyCheckIn.java:68)
	at com.txxy.demo.proxy.ProxyCheckIn.checkIn(ProxyCheckIn.java:68)
	at com.txxy.demo.proxy.ProxyCheckIn.checkIn(ProxyCheckIn.java:68)
	at com.txxy.demo.proxy.ProxyCheckIn.checkIn(ProxyCheckIn.java:68)
	at com.txxy.demo.proxy.ProxyCheckIn.checkIn(ProxyCheckIn.java:68)
	at com.txxy.demo.proxy.ProxyCheckIn.checkIn(ProxyCheckIn.java:68)
	at com.txxy.demo.proxy.ProxyCheckIn.checkIn(ProxyCheckIn.java:68)
	at com.txxy.demo.proxy.ProxyCheckIn.checkIn(ProxyCheckIn.java:68)
	at com.txxy.demo.proxy.ProxyCheckIn.checkIn(ProxyCheckIn.java:68)
	at com.txxy.demo.proxy.ProxyCheckIn.checkIn(ProxyCheckIn.java:68)
	at com.txxy.demo.proxy.ProxyCheckIn.checkIn(ProxyCheckIn.java:68)
	at com.txxy.demo.proxy.ProxyCheckIn.checkIn(ProxyCheckIn.java:68)
	at com.txxy.demo.proxy.ProxyCheckIn.checkIn(ProxyCheckIn.java:68)
	at com.txxy.demo.proxy.ProxyCheckIn.checkIn(ProxyCheckIn.java:68)
	at com.txxy.demo.proxy.ProxyCheckIn.checkIn(ProxyCheckIn.java:68)
	at com.txxy.demo.proxy.ProxyCheckIn.checkIn(ProxyCheckIn.java:68)
	at com.txxy.demo.proxy.ProxyCheckIn.checkIn(ProxyCheckIn.java:68)
	at com.txxy.demo.proxy.ProxyCheckIn.checkIn(ProxyCheckIn.java:68)
	at com.txxy.demo.proxy.ProxyCheckIn.checkIn(ProxyCheckIn.java:68)
	at com.txxy.demo.proxy.ProxyCheckIn.checkIn(ProxyCheckIn.java:68)
	at com.txxy.demo.proxy.ProxyCheckIn.checkIn(ProxyCheckIn.java:68)
	at com.txxy.demo.proxy.ProxyCheckIn.checkIn(ProxyCheckIn.java:68)
	at com.txxy.demo.proxy.ProxyCheckIn.checkIn(ProxyCheckIn.java:68)
	at com.txxy.demo.proxy.ProxyCheckIn.checkIn(ProxyCheckIn.java:68)
	at com.txxy.demo.proxy.ProxyCheckIn.checkIn(ProxyCheckIn.java:68)
	at com.txxy.demo.proxy.ProxyCheckIn.checkIn(ProxyCheckIn.java:68)
	at com.txxy.demo.proxy.ProxyCheckIn.checkIn(ProxyCheckIn.java:68)
	at com.txxy.demo.proxy.ProxyCheckIn.checkIn(ProxyCheckIn.java:68)
	at com.txxy.demo.proxy.ProxyCheckIn.checkIn(ProxyCheckIn.java:68)
	at com.txxy.demo.proxy.ProxyCheckIn.checkIn(ProxyCheckIn.java:68)
	at com.txxy.demo.proxy.ProxyCheckIn.checkIn(ProxyCheckIn.java:68)
	at com.txxy.demo.proxy.ProxyCheckIn.checkIn(ProxyCheckIn.java:68)
	at com.txxy.demo.proxy.ProxyCheckIn.checkIn(ProxyCheckIn.java:68)
	at com.txxy.demo.proxy.ProxyCheckIn.checkIn(ProxyCheckIn.java:68)
	at com.txxy.demo.proxy.ProxyCheckIn.checkIn(ProxyCheckIn.java:68)
	at com.txxy.demo.proxy.ProxyCheckIn.checkIn(ProxyCheckIn.java:68)
	at com.txxy.demo.proxy.ProxyCheckIn.checkIn(ProxyCheckIn.java:68)
	at com.txxy.demo.proxy.ProxyCheckIn.checkIn(ProxyCheckIn.java:68)
	at com.txxy.demo.proxy.ProxyCheckIn.checkIn(ProxyCheckIn.java:68)
	at com.txxy.demo.proxy.ProxyCheckIn.checkIn(ProxyCheckIn.java:68)
	at com.txxy.demo.proxy.ProxyCheckIn.checkIn(ProxyCheckIn.java:68)
	at com.txxy.demo.proxy.ProxyCheckIn.checkIn(ProxyCheckIn.java:68)
	at com.txxy.demo.proxy.ProxyCheckIn.checkIn(ProxyCheckIn.java:68)
	at com.txxy.demo.proxy.ProxyCheckIn.checkIn(ProxyCheckIn.java:68)
	at com.txxy.demo.proxy.ProxyCheckIn.checkIn(ProxyCheckIn.java:68)
	at com.txxy.demo.proxy.ProxyCheckIn.checkIn(ProxyCheckIn.java:68)
	at com.txxy.demo.proxy.ProxyCheckIn.checkIn(ProxyCheckIn.java:68)
	at com.txxy.demo.proxy.ProxyCheckIn.checkIn(ProxyCheckIn.java:68)
	at com.txxy.demo.proxy.ProxyCheckIn.checkIn(ProxyCheckIn.java:68)
	at com.txxy.demo.proxy.ProxyCheckIn.checkIn(ProxyCheckIn.java:68)
	at com.txxy.demo.proxy.ProxyCheckIn.checkIn(ProxyCheckIn.java:68)
	at com.txxy.demo.proxy.ProxyCheckIn.checkIn(ProxyCheckIn.java:68)
	at com.txxy.demo.proxy.ProxyCheckIn.checkIn(ProxyCheckIn.java:68)
	at com.txxy.demo.proxy.ProxyCheckIn.checkIn(ProxyCheckIn.java:68)
	at com.txxy.demo.proxy.ProxyCheckIn.checkIn(ProxyCheckIn.java:68)
	at com.txxy.demo.proxy.ProxyCheckIn.checkIn(ProxyCheckIn.java:68)
	at com.txxy.demo.proxy.ProxyCheckIn.checkIn(ProxyCheckIn.java:68)
	at com.txxy.demo.proxy.ProxyCheckIn.checkIn(ProxyCheckIn.java:68)
	at com.txxy.demo.proxy.ProxyCheckIn.checkIn(ProxyCheckIn.java:68)
	at com.txxy.demo.proxy.ProxyCheckIn.checkIn(ProxyCheckIn.java:68)
	at com.txxy.demo.proxy.ProxyCheckIn.checkIn(ProxyCheckIn.java:68)
	at com.txxy.demo.proxy.ProxyCheckIn.checkIn(ProxyCheckIn.java:68)
	at com.txxy.demo.proxy.ProxyCheckIn.checkIn(ProxyCheckIn.java:68)
	at com.txxy.demo.proxy.ProxyCheckIn.checkIn(ProxyCheckIn.java:68)
	at com.txxy.demo.proxy.ProxyCheckIn.checkIn(ProxyCheckIn.java:68)
	at com.txxy.demo.proxy.ProxyCheckIn.checkIn(ProxyCheckIn.java:68)
	at com.txxy.demo.proxy.ProxyCheckIn.checkIn(ProxyCheckIn.java:68)
	at com.txxy.demo.proxy.ProxyCheckIn.checkIn(ProxyCheckIn.java:68)
	at com.txxy.demo.proxy.ProxyCheckIn.checkIn(ProxyCheckIn.java:68)
	at com.txxy.demo.proxy.ProxyCheckIn.checkIn(ProxyCheckIn.java:68)
	at com.txxy.demo.proxy.ProxyCheckIn.checkIn(ProxyCheckIn.java:68)
	at com.txxy.demo.proxy.ProxyCheckIn.checkIn(ProxyCheckIn.java:68)
	at com.txxy.demo.proxy.ProxyCheckIn.checkIn(ProxyCheckIn.java:68)
	at com.txxy.demo.proxy.ProxyCheckIn.checkIn(ProxyCheckIn.java:68)
	at com.txxy.demo.proxy.ProxyCheckIn.checkIn(ProxyCheckIn.java:68)
	at com.txxy.demo.proxy.ProxyCheckIn.checkIn(ProxyCheckIn.java:68)
	at com.txxy.demo.proxy.ProxyCheckIn.checkIn(ProxyCheckIn.java:68)
	at com.txxy.demo.proxy.ProxyCheckIn.checkIn(ProxyCheckIn.java:68)
	at com.txxy.demo.proxy.ProxyCheckIn.checkIn(ProxyCheckIn.java:68)
	at com.txxy.demo.proxy.ProxyCheckIn.checkIn(ProxyCheckIn.java:68)
	at com.txxy.demo.proxy.ProxyCheckIn.checkIn(ProxyCheckIn.java:68)
	at com.txxy.demo.proxy.ProxyCheckIn.checkIn(ProxyCheckIn.java:68)
	at com.txxy.demo.proxy.ProxyCheckIn.checkIn(ProxyCheckIn.java:68)
	at com.txxy.demo.proxy.ProxyCheckIn.checkIn(ProxyCheckIn.java:68)
	at com.txxy.demo.proxy.ProxyCheckIn.checkIn(ProxyCheckIn.java:68)
	at com.txxy.demo.proxy.ProxyCheckIn.checkIn(ProxyCheckIn.java:68)
	at com.txxy.demo.proxy.ProxyCheckIn.checkIn(ProxyCheckIn.java:68)
	at com.txxy.demo.proxy.ProxyCheckIn.checkIn(ProxyCheckIn.java:68)
	at com.txxy.demo.proxy.ProxyCheckIn.checkIn(ProxyCheckIn.java:68)
	at com.txxy.demo.proxy.ProxyCheckIn.checkIn(ProxyCheckIn.java:68)
	at com.txxy.demo.proxy.ProxyCheckIn.checkIn(ProxyCheckIn.java:68)
	at com.txxy.demo.proxy.ProxyCheckIn.checkIn(ProxyCheckIn.java:68)
	at com.txxy.demo.proxy.ProxyCheckIn.checkIn(ProxyCheckIn.java:68)
	at com.txxy.demo.proxy.ProxyCheckIn.checkIn(ProxyCheckIn.java:68)
	at com.txxy.demo.proxy.ProxyCheckIn.checkIn(ProxyCheckIn.java:68)
	at com.txxy.demo.proxy.ProxyCheckIn.checkIn(ProxyCheckIn.java:68)
	at com.txxy.demo.proxy.ProxyCheckIn.checkIn(ProxyCheckIn.java:68)
	at com.txxy.demo.proxy.ProxyCheckIn.checkIn(ProxyCheckIn.java:68)
	at com.txxy.demo.proxy.ProxyCheckIn.checkIn(ProxyCheckIn.java:68)
	at com.txxy.demo.proxy.ProxyCheckIn.checkIn(ProxyCheckIn.java:68)
	at com.txxy.demo.proxy.ProxyCheckIn.checkIn(ProxyCheckIn.java:68)
	at com.txxy.demo.proxy.ProxyCheckIn.checkIn(ProxyCheckIn.java:68)
	at com.txxy.demo.proxy.ProxyCheckIn.checkIn(ProxyCheckIn.java:68)
	at com.txxy.demo.proxy.ProxyCheckIn.checkIn(ProxyCheckIn.java:68)
	at com.txxy.demo.proxy.ProxyCheckIn.checkIn(ProxyCheckIn.java:68)
	at com.txxy.demo.proxy.ProxyCheckIn.checkIn(ProxyCheckIn.java:68)
	at com.txxy.demo.proxy.ProxyCheckIn.checkIn(ProxyCheckIn.java:68)
	at com.txxy.demo.proxy.ProxyCheckIn.checkIn(ProxyCheckIn.java:68)
	at com.txxy.demo.proxy.ProxyCheckIn.checkIn(ProxyCheckIn.java:68)
	at com.txxy.demo.proxy.ProxyCheckIn.checkIn(ProxyCheckIn.java:68)
	at com.txxy.demo.proxy.ProxyCheckIn.checkIn(ProxyCheckIn.java:68)
	at com.txxy.demo.proxy.ProxyCheckIn.checkIn(ProxyCheckIn.java:68)
	at com.txxy.demo.proxy.ProxyCheckIn.checkIn(ProxyCheckIn.java:68)
	at com.txxy.demo.proxy.ProxyCheckIn.checkIn(ProxyCheckIn.java:68)
	at com.txxy.demo.proxy.ProxyCheckIn.checkIn(ProxyCheckIn.java:68)
	at com.txxy.demo.proxy.ProxyCheckIn.checkIn(ProxyCheckIn.java:68)
	at com.txxy.demo.proxy.ProxyCheckIn.checkIn(ProxyCheckIn.java:68)
	at com.txxy.demo.proxy.ProxyCheckIn.checkIn(ProxyCheckIn.java:68)
	at com.txxy.demo.proxy.ProxyCheckIn.checkIn(ProxyCheckIn.java:68)
	at com.txxy.demo.proxy.ProxyCheckIn.checkIn(ProxyCheckIn.java:68)
	at com.txxy.demo.proxy.ProxyCheckIn.checkIn(ProxyCheckIn.java:68)
	at com.txxy.demo.proxy.ProxyCheckIn.checkIn(ProxyCheckIn.java:68)
	at com.txxy.demo.proxy.ProxyCheckIn.checkIn(ProxyCheckIn.java:68)
	at com.txxy.demo.proxy.ProxyCheckIn.checkIn(ProxyCheckIn.java:68)
	at com.txxy.demo.proxy.ProxyCheckIn.checkIn(ProxyCheckIn.java:68)
	at com.txxy.demo.proxy.ProxyCheckIn.checkIn(ProxyCheckIn.java:68)
	at com.txxy.demo.proxy.ProxyCheckIn.checkIn(ProxyCheckIn.java:68)
	at com.txxy.demo.proxy.ProxyCheckIn.checkIn(ProxyCheckIn.java:68)
	at com.txxy.demo.proxy.ProxyCheckIn.checkIn(ProxyCheckIn.java:68)
	at com.txxy.demo.proxy.ProxyCheckIn.checkIn(ProxyCheckIn.java:68)
	at com.txxy.demo.proxy.ProxyCheckIn.checkIn(ProxyCheckIn.java:68)
	at com.txxy.demo.proxy.ProxyCheckIn.checkIn(ProxyCheckIn.java:68)
	at com.txxy.demo.proxy.ProxyCheckIn.checkIn(ProxyCheckIn.java:68)
	at com.txxy.demo.proxy.ProxyCheckIn.checkIn(ProxyCheckIn.java:68)
	at com.txxy.demo.proxy.ProxyCheckIn.checkIn(ProxyCheckIn.java:68)
	at com.txxy.demo.proxy.ProxyCheckIn.checkIn(ProxyCheckIn.java:68)
	at com.txxy.demo.proxy.ProxyCheckIn.checkIn(ProxyCheckIn.java:68)
	at com.txxy.demo.proxy.ProxyCheckIn.checkIn(ProxyCheckIn.java:68)
	at com.txxy.demo.proxy.ProxyCheckIn.checkIn(ProxyCheckIn.java:68)
	at com.txxy.demo.proxy.ProxyCheckIn.checkIn(ProxyCheckIn.java:68)
	at com.txxy.demo.proxy.ProxyCheckIn.checkIn(ProxyCheckIn.java:68)
	at com.txxy.demo.proxy.ProxyCheckIn.checkIn(ProxyCheckIn.java:68)
	at com.txxy.demo.proxy.ProxyCheckIn.checkIn(ProxyCheckIn.java:68)
	at com.txxy.demo.proxy.ProxyCheckIn.checkIn(ProxyCheckIn.java:68)
	at com.txxy.demo.proxy.ProxyCheckIn.checkIn(ProxyCheckIn.java:68)
	at com.txxy.demo.proxy.ProxyCheckIn.checkIn(ProxyCheckIn.java:68)
	at com.txxy.demo.proxy.ProxyCheckIn.checkIn(ProxyCheckIn.java:68)
	at com.txxy.demo.proxy.ProxyCheckIn.checkIn(ProxyCheckIn.java:68)
	at com.txxy.demo.proxy.ProxyCheckIn.checkIn(ProxyCheckIn.java:68)
	at com.txxy.demo.proxy.ProxyCheckIn.checkIn(ProxyCheckIn.java:68)
	at com.txxy.demo.proxy.ProxyCheckIn.checkIn(ProxyCheckIn.java:68)
	at com.txxy.demo.proxy.ProxyCheckIn.checkIn(ProxyCheckIn.java:68)
	at com.txxy.demo.proxy.ProxyCheckIn.checkIn(ProxyCheckIn.java:68)
	at com.txxy.demo.proxy.ProxyCheckIn.checkIn(ProxyCheckIn.java:68)
	at com.txxy.demo.proxy.ProxyCheckIn.checkIn(ProxyCheckIn.java:68)
	at com.txxy.demo.proxy.ProxyCheckIn.checkIn(ProxyCheckIn.java:68)
	at com.txxy.demo.proxy.ProxyCheckIn.checkIn(ProxyCheckIn.java:68)
	at com.txxy.demo.proxy.ProxyCheckIn.checkIn(ProxyCheckIn.java:68)
	at com.txxy.demo.proxy.ProxyCheckIn.checkIn(ProxyCheckIn.java:68)
	at com.txxy.demo.proxy.ProxyCheckIn.checkIn(ProxyCheckIn.java:68)
	at com.txxy.demo.proxy.ProxyCheckIn.checkIn(ProxyCheckIn.java:68)
	at com.txxy.demo.proxy.ProxyCheckIn.checkIn(ProxyCheckIn.java:68)
	at com.txxy.demo.proxy.ProxyCheckIn.checkIn(ProxyCheckIn.java:68)
	at com.txxy.demo.proxy.ProxyCheckIn.checkIn(ProxyCheckIn.java:68)
	at com.txxy.demo.proxy.ProxyCheckIn.checkIn(ProxyCheckIn.java:68)
	at com.txxy.demo.proxy.ProxyCheckIn.checkIn(ProxyCheckIn.java:68)
	at com.txxy.demo.proxy.ProxyCheckIn.checkIn(ProxyCheckIn.java:68)
	at com.txxy.demo.proxy.ProxyCheckIn.checkIn(ProxyCheckIn.java:68)
	at com.txxy.demo.proxy.ProxyCheckIn.checkIn(ProxyCheckIn.java:68)
	at com.txxy.demo.proxy.ProxyCheckIn.checkIn(ProxyCheckIn.java:68)
	at com.txxy.demo.proxy.ProxyCheckIn.checkIn(ProxyCheckIn.java:68)
	at com.txxy.demo.proxy.ProxyCheckIn.checkIn(ProxyCheckIn.java:68)
	at com.txxy.demo.proxy.ProxyCheckIn.checkIn(ProxyCheckIn.java:68)
	at com.txxy.demo.proxy.ProxyCheckIn.checkIn(ProxyCheckIn.java:68)
	at com.txxy.demo.proxy.ProxyCheckIn.checkIn(ProxyCheckIn.java:68)
	at com.txxy.demo.proxy.ProxyCheckIn.checkIn(ProxyCheckIn.java:68)
	at com.txxy.demo.proxy.ProxyCheckIn.checkIn(ProxyCheckIn.java:68)
	at com.txxy.demo.proxy.ProxyCheckIn.checkIn(ProxyCheckIn.java:68)
	at com.txxy.demo.proxy.ProxyCheckIn.checkIn(ProxyCheckIn.java:68)
	at com.txxy.demo.proxy.ProxyCheckIn.checkIn(ProxyCheckIn.java:68)
	at com.txxy.demo.proxy.ProxyCheckIn.checkIn(ProxyCheckIn.java:68)
	at com.txxy.demo.proxy.ProxyCheckIn.checkIn(ProxyCheckIn.java:68)
	at com.txxy.demo.proxy.ProxyCheckIn.checkIn(ProxyCheckIn.java:68)
	at com.txxy.demo.proxy.ProxyCheckIn.checkIn(ProxyCheckIn.java:68)
	at com.txxy.demo.proxy.ProxyCheckIn.checkIn(ProxyCheckIn.java:68)
	at com.txxy.demo.proxy.ProxyCheckIn.checkIn(ProxyCheckIn.java:68)
	at com.txxy.demo.proxy.ProxyCheckIn.checkIn(ProxyCheckIn.java:68)
	at com.txxy.demo.proxy.ProxyCheckIn.checkIn(ProxyCheckIn.java:68)
	at com.txxy.demo.proxy.ProxyCheckIn.checkIn(ProxyCheckIn.java:68)
	at com.txxy.demo.proxy.ProxyCheckIn.checkIn(ProxyCheckIn.java:68)
	at com.txxy.demo.proxy.ProxyCheckIn.checkIn(ProxyCheckIn.java:68)
	at com.txxy.demo.proxy.ProxyCheckIn.checkIn(ProxyCheckIn.java:68)
	at com.txxy.demo.proxy.ProxyCheckIn.checkIn(ProxyCheckIn.java:68)
	at com.txxy.demo.proxy.ProxyCheckIn.checkIn(ProxyCheckIn.java:68)
	at com.txxy.demo.proxy.ProxyCheckIn.checkIn(ProxyCheckIn.java:68)
	at com.txxy.demo.proxy.ProxyCheckIn.checkIn(ProxyCheckIn.java:68)
	at com.txxy.demo.proxy.ProxyCheckIn.checkIn(ProxyCheckIn.java:68)
	at com.txxy.demo.proxy.ProxyCheckIn.checkIn(ProxyCheckIn.java:68)
	at com.txxy.demo.proxy.ProxyCheckIn.checkIn(ProxyCheckIn.java:68)
	at com.txxy.demo.proxy.ProxyCheckIn.checkIn(ProxyCheckIn.java:68)
	at com.txxy.demo.proxy.ProxyCheckIn.checkIn(ProxyCheckIn.java:68)
	at com.txxy.demo.proxy.ProxyCheckIn.checkIn(ProxyCheckIn.java:68)
	at com.txxy.demo.proxy.ProxyCheckIn.checkIn(ProxyCheckIn.java:68)
	at com.txxy.demo.proxy.ProxyCheckIn.checkIn(ProxyCheckIn.java:68)
	at com.txxy.demo.proxy.ProxyCheckIn.checkIn(ProxyCheckIn.java:68)
	at com.txxy.demo.proxy.ProxyCheckIn.checkIn(ProxyCheckIn.java:68)
	at com.txxy.demo.proxy.ProxyCheckIn.checkIn(ProxyCheckIn.java:68)
	at com.txxy.demo.proxy.ProxyCheckIn.checkIn(ProxyCheckIn.java:68)
	at com.txxy.demo.proxy.ProxyCheckIn.checkIn(ProxyCheckIn.java:68)
	at com.txxy.demo.proxy.ProxyCheckIn.checkIn(ProxyCheckIn.java:68)
	at com.txxy.demo.proxy.ProxyCheckIn.checkIn(ProxyCheckIn.java:68)
	at com.txxy.demo.proxy.ProxyCheckIn.checkIn(ProxyCheckIn.java:68)
	at com.txxy.demo.proxy.ProxyCheckIn.checkIn(ProxyCheckIn.java:68)
	at com.txxy.demo.proxy.ProxyCheckIn.checkIn(ProxyCheckIn.java:68)
	at com.txxy.demo.proxy.ProxyCheckIn.checkIn(ProxyCheckIn.java:68)
	at com.txxy.demo.proxy.ProxyCheckIn.checkIn(ProxyCheckIn.java:68)
	at com.txxy.demo.proxy.ProxyCheckIn.checkIn(ProxyCheckIn.java:68)
	at com.txxy.demo.proxy.ProxyCheckIn.checkIn(ProxyCheckIn.java:68)
	at com.txxy.demo.proxy.ProxyCheckIn.checkIn(ProxyCheckIn.java:68)
	at com.txxy.demo.proxy.ProxyCheckIn.checkIn(ProxyCheckIn.java:68)
	at com.txxy.demo.proxy.ProxyCheckIn.checkIn(ProxyCheckIn.java:68)
	at com.txxy.demo.proxy.ProxyCheckIn.checkIn(ProxyCheckIn.java:68)
	at com.txxy.demo.proxy.ProxyCheckIn.checkIn(ProxyCheckIn.java:68)
	at com.txxy.demo.proxy.ProxyCheckIn.checkIn(ProxyCheckIn.java:68)
	at com.txxy.demo.proxy.ProxyCheckIn.checkIn(ProxyCheckIn.java:68)
	at com.txxy.demo.proxy.ProxyCheckIn.checkIn(ProxyCheckIn.java:68)
	at com.txxy.demo.proxy.ProxyCheckIn.checkIn(ProxyCheckIn.java:68)
	at com.txxy.demo.proxy.ProxyCheckIn.checkIn(ProxyCheckIn.java:68)
	at com.txxy.demo.proxy.ProxyCheckIn.checkIn(ProxyCheckIn.java:68)
	at com.txxy.demo.proxy.ProxyCheckIn.checkIn(ProxyCheckIn.java:68)
	at com.txxy.demo.proxy.ProxyCheckIn.checkIn(ProxyCheckIn.java:68)
	at com.txxy.demo.proxy.ProxyCheckIn.checkIn(ProxyCheckIn.java:68)
	at com.txxy.demo.proxy.ProxyCheckIn.checkIn(ProxyCheckIn.java:68)
	at com.txxy.demo.proxy.ProxyCheckIn.checkIn(ProxyCheckIn.java:68)
	at com.txxy.demo.proxy.ProxyCheckIn.checkIn(ProxyCheckIn.java:68)
	at com.txxy.demo.proxy.ProxyCheckIn.checkIn(ProxyCheckIn.java:68)
	at com.txxy.demo.proxy.ProxyCheckIn.checkIn(ProxyCheckIn.java:68)
	at com.txxy.demo.proxy.ProxyCheckIn.checkIn(ProxyCheckIn.java:68)
	at com.txxy.demo.proxy.ProxyCheckIn.checkIn(ProxyCheckIn.java:68)
	at com.txxy.demo.proxy.ProxyCheckIn.checkIn(ProxyCheckIn.java:68)
	at com.txxy.demo.proxy.ProxyCheckIn.checkIn(ProxyCheckIn.java:68)
	at com.txxy.demo.proxy.ProxyCheckIn.checkIn(ProxyCheckIn.java:68)
	at com.txxy.demo.proxy.ProxyCheckIn.checkIn(ProxyCheckIn.java:68)
	at com.txxy.demo.proxy.ProxyCheckIn.checkIn(ProxyCheckIn.java:68)
	at com.txxy.demo.proxy.ProxyCheckIn.checkIn(ProxyCheckIn.java:68)
	at com.txxy.demo.proxy.ProxyCheckIn.checkIn(ProxyCheckIn.java:68)
	at com.txxy.demo.proxy.ProxyCheckIn.checkIn(ProxyCheckIn.java:68)
	at com.txxy.demo.proxy.ProxyCheckIn.checkIn(ProxyCheckIn.java:68)
	at com.txxy.demo.proxy.ProxyCheckIn.checkIn(ProxyCheckIn.java:68)
	at com.txxy.demo.proxy.ProxyCheckIn.checkIn(ProxyCheckIn.java:68)
	at com.txxy.demo.proxy.ProxyCheckIn.checkIn(ProxyCheckIn.java:68)
	at com.txxy.demo.proxy.ProxyCheckIn.checkIn(ProxyCheckIn.java:68)
	at com.txxy.demo.proxy.ProxyCheckIn.checkIn(ProxyCheckIn.java:68)
	at com.txxy.demo.proxy.ProxyCheckIn.checkIn(ProxyCheckIn.java:68)
	at com.txxy.demo.proxy.ProxyCheckIn.checkIn(ProxyCheckIn.java:68)
	at com.txxy.demo.proxy.ProxyCheckIn.checkIn(ProxyCheckIn.java:68)
	at com.txxy.demo.proxy.ProxyCheckIn.checkIn(ProxyCheckIn.java:68)
	at com.txxy.demo.proxy.ProxyCheckIn.checkIn(ProxyCheckIn.java:68)
	at com.txxy.demo.proxy.ProxyCheckIn.checkIn(ProxyCheckIn.java:68)
	at com.txxy.demo.proxy.ProxyCheckIn.checkIn(ProxyCheckIn.java:68)
	at com.txxy.demo.proxy.ProxyCheckIn.checkIn(ProxyCheckIn.java:68)
	at com.txxy.demo.proxy.ProxyCheckIn.checkIn(ProxyCheckIn.java:68)
	at com.txxy.demo.proxy.ProxyCheckIn.checkIn(ProxyCheckIn.java:68)
	at com.txxy.demo.proxy.ProxyCheckIn.checkIn(ProxyCheckIn.java:68)
	at com.txxy.demo.proxy.ProxyCheckIn.checkIn(ProxyCheckIn.java:68)
	at com.txxy.demo.proxy.ProxyCheckIn.checkIn(ProxyCheckIn.java:68)
	at com.txxy.demo.proxy.ProxyCheckIn.checkIn(ProxyCheckIn.java:68)
	at com.txxy.demo.proxy.ProxyCheckIn.checkIn(ProxyCheckIn.java:68)
	at com.txxy.demo.proxy.ProxyCheckIn.checkIn(ProxyCheckIn.java:68)
	at com.txxy.demo.proxy.ProxyCheckIn.checkIn(ProxyCheckIn.java:68)
	at com.txxy.demo.proxy.ProxyCheckIn.checkIn(ProxyCheckIn.java:68)
	at com.txxy.demo.proxy.ProxyCheckIn.checkIn(ProxyCheckIn.java:68)
	at com.txxy.demo.proxy.ProxyCheckIn.checkIn(ProxyCheckIn.java:68)
	at com.txxy.demo.proxy.ProxyCheckIn.checkIn(ProxyCheckIn.java:68)
	at com.txxy.demo.proxy.ProxyCheckIn.checkIn(ProxyCheckIn.java:68)
	at com.txxy.demo.proxy.ProxyCheckIn.checkIn(ProxyCheckIn.java:68)
	at com.txxy.demo.proxy.ProxyCheckIn.checkIn(ProxyCheckIn.java:68)
	at com.txxy.demo.proxy.ProxyCheckIn.checkIn(ProxyCheckIn.java:68)
	at com.txxy.demo.proxy.ProxyCheckIn.checkIn(ProxyCheckIn.java:68)
	at com.txxy.demo.proxy.ProxyCheckIn.checkIn(ProxyCheckIn.java:68)
	at com.txxy.demo.proxy.ProxyCheckIn.checkIn(ProxyCheckIn.java:68)
	at com.txxy.demo.proxy.ProxyCheckIn.checkIn(ProxyCheckIn.java:68)
	at com.txxy.demo.proxy.ProxyCheckIn.checkIn(ProxyCheckIn.java:68)
	at com.txxy.demo.proxy.ProxyCheckIn.checkIn(ProxyCheckIn.java:68)
	at com.txxy.demo.proxy.ProxyCheckIn.checkIn(ProxyCheckIn.java:68)
	at com.txxy.demo.proxy.ProxyCheckIn.checkIn(ProxyCheckIn.java:68)
	at com.txxy.demo.proxy.ProxyCheckIn.checkIn(ProxyCheckIn.java:68)
	at com.txxy.demo.proxy.ProxyCheckIn.checkIn(ProxyCheckIn.java:68)
	at com.txxy.demo.proxy.ProxyCheckIn.checkIn(ProxyCheckIn.java:68)
	at com.txxy.demo.proxy.ProxyCheckIn.checkIn(ProxyCheckIn.java:68)
	at com.txxy.demo.proxy.ProxyCheckIn.checkIn(ProxyCheckIn.java:68)
	at com.txxy.demo.proxy.ProxyCheckIn.checkIn(ProxyCheckIn.java:68)
	at com.txxy.demo.proxy.ProxyCheckIn.checkIn(ProxyCheckIn.java:68)
	at com.txxy.demo.proxy.ProxyCheckIn.checkIn(ProxyCheckIn.java:68)
	at com.txxy.demo.proxy.ProxyCheckIn.checkIn(ProxyCheckIn.java:68)
	at com.txxy.demo.proxy.ProxyCheckIn.checkIn(ProxyCheckIn.java:68)
	at com.txxy.demo.proxy.ProxyCheckIn.checkIn(ProxyCheckIn.java:68)
	at com.txxy.demo.proxy.ProxyCheckIn.checkIn(ProxyCheckIn.java:68)
	at com.txxy.demo.proxy.ProxyCheckIn.checkIn(ProxyCheckIn.java:68)
	at com.txxy.demo.proxy.ProxyCheckIn.checkIn(ProxyCheckIn.java:68)
	at com.txxy.demo.proxy.ProxyCheckIn.checkIn(ProxyCheckIn.java:68)
	at com.txxy.demo.proxy.ProxyCheckIn.checkIn(ProxyCheckIn.java:68)
	at com.txxy.demo.proxy.ProxyCheckIn.checkIn(ProxyCheckIn.java:68)
	at com.txxy.demo.proxy.ProxyCheckIn.checkIn(ProxyCheckIn.java:68)
	at com.txxy.demo.proxy.ProxyCheckIn.checkIn(ProxyCheckIn.java:68)
	at com.txxy.demo.proxy.ProxyCheckIn.checkIn(ProxyCheckIn.java:68)
	at com.txxy.demo.proxy.ProxyCheckIn.checkIn(ProxyCheckIn.java:68)
	at com.txxy.demo.proxy.ProxyCheckIn.checkIn(ProxyCheckIn.java:68)
	at com.txxy.demo.proxy.ProxyCheckIn.checkIn(ProxyCheckIn.java:68)
	at com.txxy.demo.proxy.ProxyCheckIn.checkIn(ProxyCheckIn.java:68)
	at com.txxy.demo.proxy.ProxyCheckIn.checkIn(ProxyCheckIn.java:68)
	at com.txxy.demo.proxy.ProxyCheckIn.checkIn(ProxyCheckIn.java:68)
	at com.txxy.demo.proxy.ProxyCheckIn.checkIn(ProxyCheckIn.java:68)
	at com.txxy.demo.proxy.ProxyCheckIn.checkIn(ProxyCheckIn.java:68)
	at com.txxy.demo.proxy.ProxyCheckIn.checkIn(ProxyCheckIn.java:68)
	at com.txxy.demo.proxy.ProxyCheckIn.checkIn(ProxyCheckIn.java:68)
	at com.txxy.demo.proxy.ProxyCheckIn.checkIn(ProxyCheckIn.java:68)
	at com.txxy.demo.proxy.ProxyCheckIn.checkIn(ProxyCheckIn.java:68)
	at com.txxy.demo.proxy.ProxyCheckIn.checkIn(ProxyCheckIn.java:68)
	at com.txxy.demo.proxy.ProxyCheckIn.checkIn(ProxyCheckIn.java:68)
	at com.txxy.demo.proxy.ProxyCheckIn.checkIn(ProxyCheckIn.java:68)
	at com.txxy.demo.proxy.ProxyCheckIn.checkIn(ProxyCheckIn.java:68)
	at com.txxy.demo.proxy.ProxyCheckIn.checkIn(ProxyCheckIn.java:68)
	at com.txxy.demo.proxy.ProxyCheckIn.checkIn(ProxyCheckIn.java:68)
	at com.txxy.demo.proxy.ProxyCheckIn.checkIn(ProxyCheckIn.java:68)
	at com.txxy.demo.proxy.ProxyCheckIn.checkIn(ProxyCheckIn.java:68)
	at com.txxy.demo.proxy.ProxyCheckIn.checkIn(ProxyCheckIn.java:68)
	at com.txxy.demo.proxy.ProxyCheckIn.checkIn(ProxyCheckIn.java:68)
	at com.txxy.demo.proxy.ProxyCheckIn.checkIn(ProxyCheckIn.java:68)
	at com.txxy.demo.proxy.ProxyCheckIn.checkIn(ProxyCheckIn.java:68)
	at com.txxy.demo.proxy.ProxyCheckIn.checkIn(ProxyCheckIn.java:68)
	at com.txxy.demo.proxy.ProxyCheckIn.checkIn(ProxyCheckIn.java:68)
	at com.txxy.demo.proxy.ProxyCheckIn.checkIn(ProxyCheckIn.java:68)
	at com.txxy.demo.proxy.ProxyCheckIn.checkIn(ProxyCheckIn.java:68)
	at com.txxy.demo.proxy.ProxyCheckIn.checkIn(ProxyCheckIn.java:68)
	at com.txxy.demo.proxy.ProxyCheckIn.checkIn(ProxyCheckIn.java:68)
	at com.txxy.demo.proxy.ProxyCheckIn.checkIn(ProxyCheckIn.java:68)
	at com.txxy.demo.proxy.ProxyCheckIn.checkIn(ProxyCheckIn.java:68)
	at com.txxy.demo.proxy.ProxyCheckIn.checkIn(ProxyCheckIn.java:68)
	at com.txxy.demo.proxy.ProxyCheckIn.checkIn(ProxyCheckIn.java:68)
	at com.txxy.demo.proxy.ProxyCheckIn.checkIn(ProxyCheckIn.java:68)
	at com.txxy.demo.proxy.ProxyCheckIn.checkIn(ProxyCheckIn.java:68)
	at com.txxy.demo.proxy.ProxyCheckIn.checkIn(ProxyCheckIn.java:68)
	at com.txxy.demo.proxy.ProxyCheckIn.checkIn(ProxyCheckIn.java:68)
	at com.txxy.demo.proxy.ProxyCheckIn.checkIn(ProxyCheckIn.java:68)
	at com.txxy.demo.proxy.ProxyCheckIn.checkIn(ProxyCheckIn.java:68)
	at com.txxy.demo.proxy.ProxyCheckIn.checkIn(ProxyCheckIn.java:68)
	at com.txxy.demo.proxy.ProxyCheckIn.checkIn(ProxyCheckIn.java:68)
	at com.txxy.demo.proxy.ProxyCheckIn.checkIn(ProxyCheckIn.java:68)
	at com.txxy.demo.proxy.ProxyCheckIn.checkIn(ProxyCheckIn.java:68)
	at com.txxy.demo.proxy.ProxyCheckIn.checkIn(ProxyCheckIn.java:68)
	at com.txxy.demo.proxy.ProxyCheckIn.checkIn(ProxyCheckIn.java:68)
	at com.txxy.demo.proxy.ProxyCheckIn.checkIn(ProxyCheckIn.java:68)
	at com.txxy.demo.proxy.ProxyCheckIn.checkIn(ProxyCheckIn.java:68)
	at com.txxy.demo.proxy.ProxyCheckIn.checkIn(ProxyCheckIn.java:68)
	at com.txxy.demo.proxy.ProxyCheckIn.checkIn(ProxyCheckIn.java:68)
	at com.txxy.demo.proxy.ProxyCheckIn.checkIn(ProxyCheckIn.java:68)
	at com.txxy.demo.proxy.ProxyCheckIn.checkIn(ProxyCheckIn.java:68)
	at com.txxy.demo.proxy.ProxyCheckIn.checkIn(ProxyCheckIn.java:68)
	at com.txxy.demo.proxy.ProxyCheckIn.checkIn(ProxyCheckIn.java:68)
	at com.txxy.demo.proxy.ProxyCheckIn.checkIn(ProxyCheckIn.java:68)
	at com.txxy.demo.proxy.ProxyCheckIn.checkIn(ProxyCheckIn.java:68)
	at com.txxy.demo.proxy.ProxyCheckIn.checkIn(ProxyCheckIn.java:68)
	at com.txxy.demo.proxy.ProxyCheckIn.checkIn(ProxyCheckIn.java:68)
	at com.txxy.demo.proxy.ProxyCheckIn.checkIn(ProxyCheckIn.java:68)
	at com.txxy.demo.proxy.ProxyCheckIn.checkIn(ProxyCheckIn.java:68)
	at com.txxy.demo.proxy.ProxyCheckIn.checkIn(ProxyCheckIn.java:68)
	at com.txxy.demo.proxy.ProxyCheckIn.checkIn(ProxyCheckIn.java:68)
	at com.txxy.demo.proxy.ProxyCheckIn.checkIn(ProxyCheckIn.java:68)
	at com.txxy.demo.proxy.ProxyCheckIn.checkIn(ProxyCheckIn.java:68)
	at com.txxy.demo.proxy.ProxyCheckIn.checkIn(ProxyCheckIn.java:68)
	at com.txxy.demo.proxy.ProxyCheckIn.checkIn(ProxyCheckIn.java:68)
	at com.txxy.demo.proxy.ProxyCheckIn.checkIn(ProxyCheckIn.java:68)
	at com.txxy.demo.proxy.ProxyCheckIn.checkIn(ProxyCheckIn.java:68)
	at com.txxy.demo.proxy.ProxyCheckIn.checkIn(ProxyCheckIn.java:68)
	at com.txxy.demo.proxy.ProxyCheckIn.checkIn(ProxyCheckIn.java:68)
	at com.txxy.demo.proxy.ProxyCheckIn.checkIn(ProxyCheckIn.java:68)
	at com.txxy.demo.proxy.ProxyCheckIn.checkIn(ProxyCheckIn.java:68)
	at com.txxy.demo.proxy.ProxyCheckIn.checkIn(ProxyCheckIn.java:68)
	at com.txxy.demo.proxy.ProxyCheckIn.checkIn(ProxyCheckIn.java:68)
	at com.txxy.demo.proxy.ProxyCheckIn.checkIn(ProxyCheckIn.java:68)
	at com.txxy.demo.proxy.ProxyCheckIn.checkIn(ProxyCheckIn.java:68)
	at com.txxy.demo.proxy.ProxyCheckIn.checkIn(ProxyCheckIn.java:68)
	at com.txxy.demo.proxy.ProxyCheckIn.checkIn(ProxyCheckIn.java:68)
	at com.txxy.demo.proxy.ProxyCheckIn.checkIn(ProxyCheckIn.java:68)
	at com.txxy.demo.proxy.ProxyCheckIn.checkIn(ProxyCheckIn.java:68)
	at com.txxy.demo.proxy.ProxyCheckIn.checkIn(ProxyCheckIn.java:68)
	at com.txxy.demo.proxy.ProxyCheckIn.checkIn(ProxyCheckIn.java:68)
	at com.txxy.demo.proxy.ProxyCheckIn.checkIn(ProxyCheckIn.java:68)
	at com.txxy.demo.proxy.ProxyCheckIn.checkIn(ProxyCheckIn.java:68)
	at com.txxy.demo.proxy.ProxyCheckIn.checkIn(ProxyCheckIn.java:68)
	at com.txxy.demo.proxy.ProxyCheckIn.checkIn(ProxyCheckIn.java:68)
	at com.txxy.demo.proxy.ProxyCheckIn.checkIn(ProxyCheckIn.java:68)
	at com.txxy.demo.proxy.ProxyCheckIn.checkIn(ProxyCheckIn.java:68)
	at com.txxy.demo.proxy.ProxyCheckIn.checkIn(ProxyCheckIn.java:68)
	at com.txxy.demo.proxy.ProxyCheckIn.checkIn(ProxyCheckIn.java:68)
	at com.txxy.demo.proxy.ProxyCheckIn.checkIn(ProxyCheckIn.java:68)
	at com.txxy.demo.proxy.ProxyCheckIn.checkIn(ProxyCheckIn.java:68)
	at com.txxy.demo.proxy.ProxyCheckIn.checkIn(ProxyCheckIn.java:68)
	at com.txxy.demo.proxy.ProxyCheckIn.checkIn(ProxyCheckIn.java:68)
	at com.txxy.demo.proxy.ProxyCheckIn.checkIn(ProxyCheckIn.java:68)
	at com.txxy.demo.proxy.ProxyCheckIn.checkIn(ProxyCheckIn.java:68)
	at com.txxy.demo.proxy.ProxyCheckIn.checkIn(ProxyCheckIn.java:68)
	at com.txxy.demo.proxy.ProxyCheckIn.checkIn(ProxyCheckIn.java:68)
	at com.txxy.demo.proxy.ProxyCheckIn.checkIn(ProxyCheckIn.java:68)
	at com.txxy.demo.proxy.ProxyCheckIn.checkIn(ProxyCheckIn.java:68)
	at com.txxy.demo.proxy.ProxyCheckIn.checkIn(ProxyCheckIn.java:68)
	at com.txxy.demo.proxy.ProxyCheckIn.checkIn(ProxyCheckIn.java:68)
	at com.txxy.demo.proxy.ProxyCheckIn.checkIn(ProxyCheckIn.java:68)
	at com.txxy.demo.proxy.ProxyCheckIn.checkIn(ProxyCheckIn.java:68)
	at com.txxy.demo.proxy.ProxyCheckIn.checkIn(ProxyCheckIn.java:68)
	at com.txxy.demo.proxy.ProxyCheckIn.checkIn(ProxyCheckIn.java:68)
	at com.txxy.demo.proxy.ProxyCheckIn.checkIn(ProxyCheckIn.java:68)
	at com.txxy.demo.proxy.ProxyCheckIn.checkIn(ProxyCheckIn.java:68)
	at com.txxy.demo.proxy.ProxyCheckIn.checkIn(ProxyCheckIn.java:68)
	at com.txxy.demo.proxy.ProxyCheckIn.checkIn(ProxyCheckIn.java:68)
	at com.txxy.demo.proxy.ProxyCheckIn.checkIn(ProxyCheckIn.java:68)
	at com.txxy.demo.proxy.ProxyCheckIn.checkIn(ProxyCheckIn.java:68)
	at com.txxy.demo.proxy.ProxyCheckIn.checkIn(ProxyCheckIn.java:68)
	at com.txxy.demo.proxy.ProxyCheckIn.checkIn(ProxyCheckIn.java:68)
	at com.txxy.demo.proxy.ProxyCheckIn.checkIn(ProxyCheckIn.java:68)
	at com.txxy.demo.proxy.ProxyCheckIn.checkIn(ProxyCheckIn.java:68)
	at com.txxy.demo.proxy.ProxyCheckIn.checkIn(ProxyCheckIn.java:68)
	at com.txxy.demo.proxy.ProxyCheckIn.checkIn(ProxyCheckIn.java:68)
	at com.txxy.demo.proxy.ProxyCheckIn.checkIn(ProxyCheckIn.java:68)
	at com.txxy.demo.proxy.ProxyCheckIn.checkIn(ProxyCheckIn.java:68)
	at com.txxy.demo.proxy.ProxyCheckIn.checkIn(ProxyCheckIn.java:68)
	at com.txxy.demo.proxy.ProxyCheckIn.checkIn(ProxyCheckIn.java:68)
	at com.txxy.demo.proxy.ProxyCheckIn.checkIn(ProxyCheckIn.java:68)
	at com.txxy.demo.proxy.ProxyCheckIn.checkIn(ProxyCheckIn.java:68)
	at com.txxy.demo.proxy.ProxyCheckIn.checkIn(ProxyCheckIn.java:68)
	at com.txxy.demo.proxy.ProxyCheckIn.checkIn(ProxyCheckIn.java:68)
	at com.txxy.demo.proxy.ProxyCheckIn.checkIn(ProxyCheckIn.java:68)
	at com.txxy.demo.proxy.ProxyCheckIn.checkIn(ProxyCheckIn.java:68)
	at com.txxy.demo.proxy.ProxyCheckIn.checkIn(ProxyCheckIn.java:68)
	at com.txxy.demo.proxy.ProxyCheckIn.checkIn(ProxyCheckIn.java:68)
	at com.txxy.demo.proxy.ProxyCheckIn.checkIn(ProxyCheckIn.java:68)
	at com.txxy.demo.proxy.ProxyCheckIn.checkIn(ProxyCheckIn.java:68)
	at com.txxy.demo.proxy.ProxyCheckIn.checkIn(ProxyCheckIn.java:68)
	at com.txxy.demo.proxy.ProxyCheckIn.checkIn(ProxyCheckIn.java:68)
	at com.txxy.demo.proxy.ProxyCheckIn.checkIn(ProxyCheckIn.java:68)
	at com.txxy.demo.proxy.ProxyCheckIn.checkIn(ProxyCheckIn.java:68)
	at com.txxy.demo.proxy.ProxyCheckIn.checkIn(ProxyCheckIn.java:68)
	at com.txxy.demo.proxy.ProxyCheckIn.checkIn(ProxyCheckIn.java:68)
	at com.txxy.demo.proxy.ProxyCheckIn.checkIn(ProxyCheckIn.java:68)
	at com.txxy.demo.proxy.ProxyCheckIn.checkIn(ProxyCheckIn.java:68)
	at com.txxy.demo.proxy.ProxyCheckIn.checkIn(ProxyCheckIn.java:68)
	at com.txxy.demo.proxy.ProxyCheckIn.checkIn(ProxyCheckIn.java:68)
	at com.txxy.demo.proxy.ProxyCheckIn.checkIn(ProxyCheckIn.java:68)
	at com.txxy.demo.proxy.ProxyCheckIn.checkIn(ProxyCheckIn.java:68)
	at com.txxy.demo.proxy.ProxyCheckIn.checkIn(ProxyCheckIn.java:68)
	at com.txxy.demo.proxy.ProxyCheckIn.checkIn(ProxyCheckIn.java:68)
	at com.txxy.demo.proxy.ProxyCheckIn.checkIn(ProxyCheckIn.java:68)
	at com.txxy.demo.proxy.ProxyCheckIn.checkIn(ProxyCheckIn.java:68)
	at com.txxy.demo.proxy.ProxyCheckIn.checkIn(ProxyCheckIn.java:68)
	at com.txxy.demo.proxy.ProxyCheckIn.checkIn(ProxyCheckIn.java:68)
	at com.txxy.demo.proxy.ProxyCheckIn.checkIn(ProxyCheckIn.java:68)
	at com.txxy.demo.proxy.ProxyCheckIn.checkIn(ProxyCheckIn.java:68)
	at com.txxy.demo.proxy.ProxyCheckIn.checkIn(ProxyCheckIn.java:68)
	at com.txxy.demo.proxy.ProxyCheckIn.checkIn(ProxyCheckIn.java:68)
	at com.txxy.demo.proxy.ProxyCheckIn.checkIn(ProxyCheckIn.java:68)
	at com.txxy.demo.proxy.ProxyCheckIn.checkIn(ProxyCheckIn.java:68)
	at com.txxy.demo.proxy.ProxyCheckIn.checkIn(ProxyCheckIn.java:68)
	at com.txxy.demo.proxy.ProxyCheckIn.checkIn(ProxyCheckIn.java:68)
	at com.txxy.demo.proxy.ProxyCheckIn.checkIn(ProxyCheckIn.java:68)
	at com.txxy.demo.proxy.ProxyCheckIn.checkIn(ProxyCheckIn.java:68)
	at com.txxy.demo.proxy.ProxyCheckIn.checkIn(ProxyCheckIn.java:68)
	at com.txxy.demo.proxy.ProxyCheckIn.checkIn(ProxyCheckIn.java:68)
	at com.txxy.demo.proxy.ProxyCheckIn.checkIn(ProxyCheckIn.java:68)
	at com.txxy.demo.proxy.ProxyCheckIn.checkIn(ProxyCheckIn.java:68)
	at com.txxy.demo.proxy.ProxyCheckIn.checkIn(ProxyCheckIn.java:68)
	at com.txxy.demo.proxy.ProxyCheckIn.checkIn(ProxyCheckIn.java:68)
	at com.txxy.demo.proxy.ProxyCheckIn.checkIn(ProxyCheckIn.java:68)
	at com.txxy.demo.proxy.ProxyCheckIn.checkIn(ProxyCheckIn.java:68)
	at com.txxy.demo.proxy.ProxyCheckIn.checkIn(ProxyCheckIn.java:68)
	at com.txxy.demo.proxy.ProxyCheckIn.checkIn(ProxyCheckIn.java:68)
	at com.txxy.demo.proxy.ProxyCheckIn.checkIn(ProxyCheckIn.java:68)
	at com.txxy.demo.proxy.ProxyCheckIn.checkIn(ProxyCheckIn.java:68)
	at com.txxy.demo.proxy.ProxyCheckIn.checkIn(ProxyCheckIn.java:68)
	at com.txxy.demo.proxy.ProxyCheckIn.checkIn(ProxyCheckIn.java:68)
	at com.txxy.demo.proxy.ProxyCheckIn.checkIn(ProxyCheckIn.java:68)
	at com.txxy.demo.proxy.ProxyCheckIn.checkIn(ProxyCheckIn.java:68)
	at com.txxy.demo.proxy.ProxyCheckIn.checkIn(ProxyCheckIn.java:68)
	at com.txxy.demo.proxy.ProxyCheckIn.checkIn(ProxyCheckIn.java:68)
	at com.txxy.demo.proxy.ProxyCheckIn.checkIn(ProxyCheckIn.java:68)
	at com.txxy.demo.proxy.ProxyCheckIn.checkIn(ProxyCheckIn.java:68)
	at com.txxy.demo.proxy.ProxyCheckIn.checkIn(ProxyCheckIn.java:68)
	at com.txxy.demo.proxy.ProxyCheckIn.checkIn(ProxyCheckIn.java:68)
	at com.txxy.demo.proxy.ProxyCheckIn.checkIn(ProxyCheckIn.java:68)
	at com.txxy.demo.proxy.ProxyCheckIn.checkIn(ProxyCheckIn.java:68)
	at com.txxy.demo.proxy.ProxyCheckIn.checkIn(ProxyCheckIn.java:68)
	at com.txxy.demo.proxy.ProxyCheckIn.checkIn(ProxyCheckIn.java:68)
	at com.txxy.demo.proxy.ProxyCheckIn.checkIn(ProxyCheckIn.java:68)
	at com.txxy.demo.proxy.ProxyCheckIn.checkIn(ProxyCheckIn.java:68)
	at com.txxy.demo.proxy.ProxyCheckIn.checkIn(ProxyCheckIn.java:68)
	at com.txxy.demo.proxy.ProxyCheckIn.checkIn(ProxyCheckIn.java:68)
	at com.txxy.demo.proxy.ProxyCheckIn.checkIn(ProxyCheckIn.java:68)
	at com.txxy.demo.proxy.ProxyCheckIn.checkIn(ProxyCheckIn.java:68)
	at com.txxy.demo.proxy.ProxyCheckIn.checkIn(ProxyCheckIn.java:68)
	at com.txxy.demo.proxy.ProxyCheckIn.checkIn(ProxyCheckIn.java:68)
	at com.txxy.demo.proxy.ProxyCheckIn.checkIn(ProxyCheckIn.java:68)
	at com.txxy.demo.proxy.ProxyCheckIn.checkIn(ProxyCheckIn.java:68)
	at com.txxy.demo.proxy.ProxyCheckIn.checkIn(ProxyCheckIn.java:68)
	at com.txxy.demo.proxy.ProxyCheckIn.checkIn(ProxyCheckIn.java:68)
	at com.txxy.demo.proxy.ProxyCheckIn.checkIn(ProxyCheckIn.java:68)
	at com.txxy.demo.proxy.ProxyCheckIn.checkIn(ProxyCheckIn.java:68)
	at com.txxy.demo.proxy.ProxyCheckIn.checkIn(ProxyCheckIn.java:68)
	at com.txxy.demo.proxy.ProxyCheckIn.checkIn(ProxyCheckIn.java:68)
	at com.txxy.demo.proxy.ProxyCheckIn.checkIn(ProxyCheckIn.java:68)
	at com.txxy.demo.proxy.ProxyCheckIn.checkIn(ProxyCheckIn.java:68)
	at com.txxy.demo.proxy.ProxyCheckIn.checkIn(ProxyCheckIn.java:68)
	at com.txxy.demo.proxy.ProxyCheckIn.checkIn(ProxyCheckIn.java:68)
	at com.txxy.demo.proxy.ProxyCheckIn.checkIn(ProxyCheckIn.java:68)
	at com.txxy.demo.proxy.ProxyCheckIn.checkIn(ProxyCheckIn.java:68)
	at com.txxy.demo.proxy.ProxyCheckIn.checkIn(ProxyCheckIn.java:68)
	at com.txxy.demo.proxy.ProxyCheckIn.checkIn(ProxyCheckIn.java:68)
	at com.txxy.demo.proxy.ProxyCheckIn.checkIn(ProxyCheckIn.java:68)
	at com.txxy.demo.proxy.ProxyCheckIn.checkIn(ProxyCheckIn.java:68)
	at com.txxy.demo.proxy.ProxyCheckIn.checkIn(ProxyCheckIn.java:68)
	at com.txxy.demo.proxy.ProxyCheckIn.checkIn(ProxyCheckIn.java:68)
	at com.txxy.demo.proxy.ProxyCheckIn.checkIn(ProxyCheckIn.java:68)
	at com.txxy.demo.proxy.ProxyCheckIn.checkIn(ProxyCheckIn.java:68)
	at com.txxy.demo.proxy.ProxyCheckIn.checkIn(ProxyCheckIn.java:68)
	at com.txxy.demo.proxy.ProxyCheckIn.checkIn(ProxyCheckIn.java:68)
	at com.txxy.demo.proxy.ProxyCheckIn.checkIn(ProxyCheckIn.java:68)
	at com.txxy.demo.proxy.ProxyCheckIn.checkIn(ProxyCheckIn.java:68)
	at com.txxy.demo.proxy.ProxyCheckIn.checkIn(ProxyCheckIn.java:68)
	at com.txxy.demo.proxy.ProxyCheckIn.checkIn(ProxyCheckIn.java:68)
	at com.txxy.demo.proxy.ProxyCheckIn.checkIn(ProxyCheckIn.java:68)
	at com.txxy.demo.proxy.ProxyCheckIn.checkIn(ProxyCheckIn.java:68)
	at com.txxy.demo.proxy.ProxyCheckIn.checkIn(ProxyCheckIn.java:68)
	at com.txxy.demo.proxy.ProxyCheckIn.checkIn(ProxyCheckIn.java:68)
	at com.txxy.demo.proxy.ProxyCheckIn.checkIn(ProxyCheckIn.java:68)
	at com.txxy.demo.proxy.ProxyCheckIn.checkIn(ProxyCheckIn.java:68)
	at com.txxy.demo.proxy.ProxyCheckIn.checkIn(ProxyCheckIn.java:68)
	at com.txxy.demo.proxy.ProxyCheckIn.checkIn(ProxyCheckIn.java:68)
	at com.txxy.demo.proxy.ProxyCheckIn.checkIn(ProxyCheckIn.java:68)
	at com.txxy.demo.proxy.ProxyCheckIn.checkIn(ProxyCheckIn.java:68)
	at com.txxy.demo.proxy.ProxyCheckIn.checkIn(ProxyCheckIn.java:68)
	at com.txxy.demo.proxy.ProxyCheckIn.checkIn(ProxyCheckIn.java:68)
	at com.txxy.demo.proxy.ProxyCheckIn.checkIn(ProxyCheckIn.java:68)
	at com.txxy.demo.proxy.ProxyCheckIn.checkIn(ProxyCheckIn.java:68)
	at com.txxy.demo.proxy.ProxyCheckIn.checkIn(ProxyCheckIn.java:68)
	at com.txxy.demo.proxy.ProxyCheckIn.checkIn(ProxyCheckIn.java:68)
	at com.txxy.demo.proxy.ProxyCheckIn.checkIn(ProxyCheckIn.java:68)
	at com.txxy.demo.proxy.ProxyCheckIn.checkIn(ProxyCheckIn.java:68)
	at com.txxy.demo.proxy.ProxyCheckIn.checkIn(ProxyCheckIn.java:68)
	at com.txxy.demo.proxy.ProxyCheckIn.checkIn(ProxyCheckIn.java:68)
	at com.txxy.demo.proxy.ProxyCheckIn.checkIn(ProxyCheckIn.java:68)
	at com.txxy.demo.proxy.ProxyCheckIn.checkIn(ProxyCheckIn.java:68)
	at com.txxy.demo.proxy.ProxyCheckIn.checkIn(ProxyCheckIn.java:68)
	at com.txxy.demo.proxy.ProxyCheckIn.checkIn(ProxyCheckIn.java:68)
	at com.txxy.demo.proxy.ProxyCheckIn.checkIn(ProxyCheckIn.java:68)
	at com.txxy.demo.proxy.ProxyCheckIn.checkIn(ProxyCheckIn.java:68)
	at com.txxy.demo.proxy.ProxyCheckIn.checkIn(ProxyCheckIn.java:68)
	at com.txxy.demo.proxy.ProxyCheckIn.checkIn(ProxyCheckIn.java:68)
	at com.txxy.demo.proxy.ProxyCheckIn.checkIn(ProxyCheckIn.java:68)
	at com.txxy.demo.proxy.ProxyCheckIn.checkIn(ProxyCheckIn.java:68)
	at com.txxy.demo.proxy.ProxyCheckIn.checkIn(ProxyCheckIn.java:68)
	at com.txxy.demo.proxy.ProxyCheckIn.checkIn(ProxyCheckIn.java:68)
	at com.txxy.demo.proxy.ProxyCheckIn.checkIn(ProxyCheckIn.java:68)
	at com.txxy.demo.proxy.ProxyCheckIn.checkIn(ProxyCheckIn.java:68)
	at com.txxy.demo.proxy.ProxyCheckIn.checkIn(ProxyCheckIn.java:68)
	at com.txxy.demo.proxy.ProxyCheckIn.checkIn(ProxyCheckIn.java:68)
	at com.txxy.demo.proxy.ProxyCheckIn.checkIn(ProxyCheckIn.java:68)
	at com.txxy.demo.proxy.ProxyCheckIn.checkIn(ProxyCheckIn.java:68)
	at com.txxy.demo.proxy.ProxyCheckIn.checkIn(ProxyCheckIn.java:68)
	at com.txxy.demo.proxy.ProxyCheckIn.checkIn(ProxyCheckIn.java:68)
	at com.txxy.demo.proxy.ProxyCheckIn.checkIn(ProxyCheckIn.java:68)
	at com.txxy.demo.proxy.ProxyCheckIn.checkIn(ProxyCheckIn.java:68)
	at com.txxy.demo.proxy.ProxyCheckIn.checkIn(ProxyCheckIn.java:68)
	at com.txxy.demo.proxy.ProxyCheckIn.checkIn(ProxyCheckIn.java:68)
	at com.txxy.demo.proxy.ProxyCheckIn.checkIn(ProxyCheckIn.java:68)
	at com.txxy.demo.proxy.ProxyCheckIn.checkIn(ProxyCheckIn.java:68)
	at com.txxy.demo.proxy.ProxyCheckIn.checkIn(ProxyCheckIn.java:68)
	at com.txxy.demo.proxy.ProxyCheckIn.checkIn(ProxyCheckIn.java:68)
	at com.txxy.demo.proxy.ProxyCheckIn.checkIn(ProxyCheckIn.java:68)
	at com.txxy.demo.proxy.ProxyCheckIn.checkIn(ProxyCheckIn.java:68)
	at com.txxy.demo.proxy.ProxyCheckIn.checkIn(ProxyCheckIn.java:68)
	at com.txxy.demo.proxy.ProxyCheckIn.checkIn(ProxyCheckIn.java:68)
	at com.txxy.demo.proxy.ProxyCheckIn.checkIn(ProxyCheckIn.java:68)
	at com.txxy.demo.proxy.ProxyCheckIn.checkIn(ProxyCheckIn.java:68)
	at com.txxy.demo.proxy.ProxyCheckIn.checkIn(ProxyCheckIn.java:68)
	at com.txxy.demo.proxy.ProxyCheckIn.checkIn(ProxyCheckIn.java:68)
	at com.txxy.demo.proxy.ProxyCheckIn.checkIn(ProxyCheckIn.java:68)
	at com.txxy.demo.proxy.ProxyCheckIn.checkIn(ProxyCheckIn.java:68)
	at com.txxy.demo.proxy.ProxyCheckIn.checkIn(ProxyCheckIn.java:68)
	at com.txxy.demo.proxy.ProxyCheckIn.checkIn(ProxyCheckIn.java:68)
	at com.txxy.demo.proxy.ProxyCheckIn.checkIn(ProxyCheckIn.java:68)
	at com.txxy.demo.proxy.ProxyCheckIn.checkIn(ProxyCheckIn.java:68)
	at com.txxy.demo.proxy.ProxyCheckIn.checkIn(ProxyCheckIn.java:68)
	at com.txxy.demo.proxy.ProxyCheckIn.checkIn(ProxyCheckIn.java:68)
	at com.txxy.demo.proxy.ProxyCheckIn.checkIn(ProxyCheckIn.java:68)
	at com.txxy.demo.proxy.ProxyCheckIn.checkIn(ProxyCheckIn.java:68)
	at com.txxy.demo.proxy.ProxyCheckIn.checkIn(ProxyCheckIn.java:68)
	at com.txxy.demo.proxy.ProxyCheckIn.checkIn(ProxyCheckIn.java:68)
	at com.txxy.demo.proxy.ProxyCheckIn.checkIn(ProxyCheckIn.java:68)
	at com.txxy.demo.proxy.ProxyCheckIn.checkIn(ProxyCheckIn.java:68)
	at com.txxy.demo.proxy.ProxyCheckIn.checkIn(ProxyCheckIn.java:68)
	at com.txxy.demo.proxy.ProxyCheckIn.checkIn(ProxyCheckIn.java:68)
	at com.txxy.demo.proxy.ProxyCheckIn.checkIn(ProxyCheckIn.java:68)
	at com.txxy.demo.proxy.ProxyCheckIn.checkIn(ProxyCheckIn.java:68)
	at com.txxy.demo.proxy.ProxyCheckIn.checkIn(ProxyCheckIn.java:68)
	at com.txxy.demo.proxy.ProxyCheckIn.checkIn(ProxyCheckIn.java:68)
	at com.txxy.demo.proxy.ProxyCheckIn.checkIn(ProxyCheckIn.java:68)
	at com.txxy.demo.proxy.ProxyCheckIn.checkIn(ProxyCheckIn.java:68)
	at com.txxy.demo.proxy.ProxyCheckIn.checkIn(ProxyCheckIn.java:68)
	at com.txxy.demo.proxy.ProxyCheckIn.checkIn(ProxyCheckIn.java:68)
	at com.txxy.demo.proxy.ProxyCheckIn.checkIn(ProxyCheckIn.java:68)
	at com.txxy.demo.proxy.ProxyCheckIn.checkIn(ProxyCheckIn.java:68)
	at com.txxy.demo.proxy.ProxyCheckIn.checkIn(ProxyCheckIn.java:68)
	at com.txxy.demo.proxy.ProxyCheckIn.checkIn(ProxyCheckIn.java:68)
	at com.txxy.demo.proxy.ProxyCheckIn.checkIn(ProxyCheckIn.java:68)
	at com.txxy.demo.proxy.ProxyCheckIn.checkIn(ProxyCheckIn.java:68)
	at com.txxy.demo.proxy.ProxyCheckIn.checkIn(ProxyCheckIn.java:68)
	at com.txxy.demo.proxy.ProxyCheckIn.checkIn(ProxyCheckIn.java:68)
	at com.txxy.demo.proxy.ProxyCheckIn.checkIn(ProxyCheckIn.java:68)
	at com.txxy.demo.proxy.ProxyCheckIn.checkIn(ProxyCheckIn.java:68)
	at com.txxy.demo.proxy.ProxyCheckIn.checkIn(ProxyCheckIn.java:68)
	at com.txxy.demo.proxy.ProxyCheckIn.checkIn(ProxyCheckIn.java:68)
	at com.txxy.demo.proxy.ProxyCheckIn.checkIn(ProxyCheckIn.java:68)
	at com.txxy.demo.proxy.ProxyCheckIn.checkIn(ProxyCheckIn.java:68)
	at com.txxy.demo.proxy.ProxyCheckIn.checkIn(ProxyCheckIn.java:68)
	at com.txxy.demo.proxy.ProxyCheckIn.checkIn(ProxyCheckIn.java:68)
	at com.txxy.demo.proxy.ProxyCheckIn.checkIn(ProxyCheckIn.java:68)
	at com.txxy.demo.proxy.ProxyCheckIn.checkIn(ProxyCheckIn.java:68)
	at com.txxy.demo.proxy.ProxyCheckIn.checkIn(ProxyCheckIn.java:68)
	at com.txxy.demo.proxy.ProxyCheckIn.checkIn(ProxyCheckIn.java:68)
	at com.txxy.demo.proxy.ProxyCheckIn.checkIn(ProxyCheckIn.java:68)
	at com.txxy.demo.proxy.ProxyCheckIn.checkIn(ProxyCheckIn.java:68)
	at com.txxy.demo.proxy.ProxyCheckIn.checkIn(ProxyCheckIn.java:68)
	at com.txxy.demo.proxy.ProxyCheckIn.checkIn(ProxyCheckIn.java:68)
	at com.txxy.demo.proxy.ProxyCheckIn.checkIn(ProxyCheckIn.java:68)
	at com.txxy.demo.proxy.ProxyCheckIn.checkIn(ProxyCheckIn.java:68)
	at com.txxy.demo.proxy.ProxyCheckIn.checkIn(ProxyCheckIn.java:68)
	at com.txxy.demo.proxy.ProxyCheckIn.checkIn(ProxyCheckIn.java:68)
	at com.txxy.demo.proxy.ProxyCheckIn.checkIn(ProxyCheckIn.java:68)
	at com.txxy.demo.proxy.ProxyCheckIn.checkIn(ProxyCheckIn.java:68)
	at com.txxy.demo.proxy.ProxyCheckIn.checkIn(ProxyCheckIn.java:68)
	at com.txxy.demo.proxy.ProxyCheckIn.checkIn(ProxyCheckIn.java:68)
	at com.txxy.demo.proxy.ProxyCheckIn.checkIn(ProxyCheckIn.java:68)
	at com.txxy.demo.proxy.ProxyCheckIn.checkIn(ProxyCheckIn.java:68)
	at com.txxy.demo.proxy.ProxyCheckIn.checkIn(ProxyCheckIn.java:68)
	at com.txxy.demo.proxy.ProxyCheckIn.checkIn(ProxyCheckIn.java:68)
	at com.txxy.demo.proxy.ProxyCheckIn.checkIn(ProxyCheckIn.java:68)
	at com.txxy.demo.proxy.ProxyCheckIn.checkIn(ProxyCheckIn.java:68)
	at com.txxy.demo.proxy.ProxyCheckIn.checkIn(ProxyCheckIn.java:68)
	at com.txxy.demo.proxy.ProxyCheckIn.checkIn(ProxyCheckIn.java:68)
	at com.txxy.demo.proxy.ProxyCheckIn.checkIn(ProxyCheckIn.java:68)
	at com.txxy.demo.proxy.ProxyCheckIn.checkIn(ProxyCheckIn.java:68)
	at com.txxy.demo.proxy.ProxyCheckIn.checkIn(ProxyCheckIn.java:68)
	at com.txxy.demo.proxy.ProxyCheckIn.checkIn(ProxyCheckIn.java:68)
	at com.txxy.demo.proxy.ProxyCheckIn.checkIn(ProxyCheckIn.java:68)
	at com.txxy.demo.proxy.ProxyCheckIn.checkIn(ProxyCheckIn.java:68)
	at com.txxy.demo.proxy.ProxyCheckIn.checkIn(ProxyCheckIn.java:68)
	at com.txxy.demo.proxy.ProxyCheckIn.checkIn(ProxyCheckIn.java:68)
	at com.txxy.demo.proxy.ProxyCheckIn.checkIn(ProxyCheckIn.java:68)
	at com.txxy.demo.proxy.ProxyCheckIn.checkIn(ProxyCheckIn.java:68)
	at com.txxy.demo.proxy.ProxyCheckIn.checkIn(ProxyCheckIn.java:68)
	at com.txxy.demo.proxy.ProxyCheckIn.checkIn(ProxyCheckIn.java:68)
	at com.txxy.demo.proxy.ProxyCheckIn.checkIn(ProxyCheckIn.java:68)
	at com.txxy.demo.proxy.ProxyCheckIn.checkIn(ProxyCheckIn.java:68)
	at com.txxy.demo.proxy.ProxyCheckIn.checkIn(ProxyCheckIn.java:68)
	at com.txxy.demo.proxy.ProxyCheckIn.checkIn(ProxyCheckIn.java:68)
	at com.txxy.demo.proxy.ProxyCheckIn.checkIn(ProxyCheckIn.java:68)
	at com.txxy.demo.proxy.ProxyCheckIn.checkIn(ProxyCheckIn.java:68)
	at com.txxy.demo.proxy.ProxyCheckIn.checkIn(ProxyCheckIn.java:68)
	at com.txxy.demo.proxy.ProxyCheckIn.checkIn(ProxyCheckIn.java:68)
	at com.txxy.demo.proxy.ProxyCheckIn.checkIn(ProxyCheckIn.java:68)
	at com.txxy.demo.proxy.ProxyCheckIn.checkIn(ProxyCheckIn.java:68)
	at com.txxy.demo.proxy.ProxyCheckIn.checkIn(ProxyCheckIn.java:68)
	at com.txxy.demo.proxy.ProxyCheckIn.checkIn(ProxyCheckIn.java:68)
	at com.txxy.demo.proxy.ProxyCheckIn.checkIn(ProxyCheckIn.java:68)
	at com.txxy.demo.proxy.ProxyCheckIn.checkIn(ProxyCheckIn.java:68)
	at com.txxy.demo.proxy.ProxyCheckIn.checkIn(ProxyCheckIn.java:68)
	at com.txxy.demo.proxy.ProxyCheckIn.checkIn(ProxyCheckIn.java:68)
	at com.txxy.demo.proxy.ProxyCheckIn.checkIn(ProxyCheckIn.java:68)
	at com.txxy.demo.proxy.ProxyCheckIn.checkIn(ProxyCheckIn.java:68)
	at com.txxy.demo.proxy.ProxyCheckIn.checkIn(ProxyCheckIn.java:68)
	at com.txxy.demo.proxy.ProxyCheckIn.checkIn(ProxyCheckIn.java:68)
	at com.txxy.demo.proxy.ProxyCheckIn.checkIn(ProxyCheckIn.java:68)
	at com.txxy.demo.proxy.ProxyCheckIn.checkIn(ProxyCheckIn.java:68)
	at com.txxy.demo.proxy.ProxyCheckIn.checkIn(ProxyCheckIn.java:68)
	at com.txxy.demo.proxy.ProxyCheckIn.checkIn(ProxyCheckIn.java:68)
	at com.txxy.demo.proxy.ProxyCheckIn.checkIn(ProxyCheckIn.java:68)
	at com.txxy.demo.proxy.ProxyCheckIn.checkIn(ProxyCheckIn.java:68)
	at com.txxy.demo.proxy.ProxyCheckIn.checkIn(ProxyCheckIn.java:68)
	at com.txxy.demo.proxy.ProxyCheckIn.checkIn(ProxyCheckIn.java:68)
	at com.txxy.demo.proxy.ProxyCheckIn.checkIn(ProxyCheckIn.java:68)
	at com.txxy.demo.proxy.ProxyCheckIn.checkIn(ProxyCheckIn.java:68)
	at com.txxy.demo.proxy.ProxyCheckIn.checkIn(ProxyCheckIn.java:68)
	at com.txxy.demo.proxy.ProxyCheckIn.checkIn(ProxyCheckIn.java:68)
	at com.txxy.demo.proxy.ProxyCheckIn.checkIn(ProxyCheckIn.java:68)
	at com.txxy.demo.proxy.ProxyCheckIn.checkIn(ProxyCheckIn.java:68)
	at com.txxy.demo.proxy.ProxyCheckIn.checkIn(ProxyCheckIn.java:68)
	at com.txxy.demo.proxy.ProxyCheckIn.checkIn(ProxyCheckIn.java:68)
	at com.txxy.demo.proxy.ProxyCheckIn.checkIn(ProxyCheckIn.java:68)
	at com.txxy.demo.proxy.ProxyCheckIn.checkIn(ProxyCheckIn.java:68)
	at com.txxy.demo.proxy.ProxyCheckIn.checkIn(ProxyCheckIn.java:68)
	at com.txxy.demo.proxy.ProxyCheckIn.checkIn(ProxyCheckIn.java:68)
	at com.txxy.demo.proxy.ProxyCheckIn.checkIn(ProxyCheckIn.java:68)
	at com.txxy.demo.proxy.ProxyCheckIn.checkIn(ProxyCheckIn.java:68)
	at com.txxy.demo.proxy.ProxyCheckIn.checkIn(ProxyCheckIn.java:68)
	at com.txxy.demo.proxy.ProxyCheckIn.checkIn(ProxyCheckIn.java:68)
	at com.txxy.demo.proxy.ProxyCheckIn.checkIn(ProxyCheckIn.java:68)
	at com.txxy.demo.proxy.ProxyCheckIn.checkIn(ProxyCheckIn.java:68)
	at com.txxy.demo.proxy.ProxyCheckIn.checkIn(ProxyCheckIn.java:68)
	at com.txxy.demo.proxy.ProxyCheckIn.checkIn(ProxyCheckIn.java:68)
	at com.txxy.demo.proxy.ProxyCheckIn.checkIn(ProxyCheckIn.java:68)
	at com.txxy.demo.proxy.ProxyCheckIn.checkIn(ProxyCheckIn.java:68)
	at com.txxy.demo.proxy.ProxyCheckIn.checkIn(ProxyCheckIn.java:68)
	at com.txxy.demo.proxy.ProxyCheckIn.checkIn(ProxyCheckIn.java:68)
	at com.txxy.demo.proxy.ProxyCheckIn.checkIn(ProxyCheckIn.java:68)
	at com.txxy.demo.proxy.ProxyCheckIn.checkIn(ProxyCheckIn.java:68)
	at com.txxy.demo.proxy.ProxyCheckIn.checkIn(ProxyCheckIn.java:68)
	at com.txxy.demo.proxy.ProxyCheckIn.checkIn(ProxyCheckIn.java:68)
	at com.txxy.demo.proxy.ProxyCheckIn.checkIn(ProxyCheckIn.java:68)
	at com.txxy.demo.proxy.ProxyCheckIn.checkIn(ProxyCheckIn.java:68)
	at com.txxy.demo.proxy.ProxyCheckIn.checkIn(ProxyCheckIn.java:68)
	at com.txxy.demo.proxy.ProxyCheckIn.checkIn(ProxyCheckIn.java:68)
	at com.txxy.demo.proxy.ProxyCheckIn.checkIn(ProxyCheckIn.java:68)
	at com.txxy.demo.proxy.ProxyCheckIn.checkIn(ProxyCheckIn.java:68)
	at com.txxy.demo.proxy.ProxyCheckIn.checkIn(ProxyCheckIn.java:68)
	at com.txxy.demo.proxy.ProxyCheckIn.checkIn(ProxyCheckIn.java:68)
	at com.txxy.demo.proxy.ProxyCheckIn.checkIn(ProxyCheckIn.java:68)
	at com.txxy.demo.proxy.ProxyCheckIn.checkIn(ProxyCheckIn.java:68)
	at com.txxy.demo.proxy.ProxyCheckIn.checkIn(ProxyCheckIn.java:68)
	at com.txxy.demo.proxy.ProxyCheckIn.checkIn(ProxyCheckIn.java:68)
	at com.txxy.demo.proxy.ProxyCheckIn.checkIn(ProxyCheckIn.java:68)
	at com.txxy.demo.proxy.ProxyCheckIn.checkIn(ProxyCheckIn.java:68)
	at com.txxy.demo.proxy.ProxyCheckIn.checkIn(ProxyCheckIn.java:68)
	at com.txxy.demo.proxy.ProxyCheckIn.checkIn(ProxyCheckIn.java:68)
	at com.txxy.demo.proxy.ProxyCheckIn.checkIn(ProxyCheckIn.java:68)
	at com.txxy.demo.proxy.ProxyCheckIn.checkIn(ProxyCheckIn.java:68)
	at com.txxy.demo.proxy.ProxyCheckIn.checkIn(ProxyCheckIn.java:68)
	at com.txxy.demo.proxy.ProxyCheckIn.checkIn(ProxyCheckIn.java:68)
	at com.txxy.demo.proxy.ProxyCheckIn.checkIn(ProxyCheckIn.java:68)
	at com.txxy.demo.proxy.ProxyCheckIn.checkIn(ProxyCheckIn.java:68)
	at com.txxy.demo.proxy.ProxyCheckIn.checkIn(ProxyCheckIn.java:68)
	at com.txxy.demo.proxy.ProxyCheckIn.checkIn(ProxyCheckIn.java:68)
	at com.txxy.demo.proxy.ProxyCheckIn.checkIn(ProxyCheckIn.java:68)
	at com.txxy.demo.proxy.ProxyCheckIn.checkIn(ProxyCheckIn.java:68)
	at com.txxy.demo.proxy.ProxyCheckIn.checkIn(ProxyCheckIn.java:68)
